ARM GAS  C:\Users\JoSracu\AppData\Local\Temp\ccTf4iMX.s 			page 1


   1              		.syntax unified
   2              		.cpu cortex-m3
   3              		.fpu softvfp
   4              		.eabi_attribute 20, 1
   5              		.eabi_attribute 21, 1
   6              		.eabi_attribute 23, 3
   7              		.eabi_attribute 24, 1
   8              		.eabi_attribute 25, 1
   9              		.eabi_attribute 26, 1
  10              		.eabi_attribute 30, 1
  11              		.eabi_attribute 34, 1
  12              		.eabi_attribute 18, 4
  13              		.thumb
  14              		.syntax unified
  15              		.file	"cymetadata.c"
  16              		.text
  17              	.Ltext0:
  18              		.cfi_sections	.debug_frame
  19              		.global	cy_metadata
  20              		.global	cy_meta_flashprotect
  21              		.global	cy_meta_wonvl
  22              		.global	cy_meta_custnvl
  23              		.global	cy_meta_configecc
  24              		.section	.cyconfigecc,"a",%progbits
  25              		.align	2
  26              		.type	cy_meta_configecc, %object
  27              		.size	cy_meta_configecc, 548
  28              	cy_meta_configecc:
  29 0000 07       		.byte	7
  30 0001 52       		.byte	82
  31 0002 00       		.byte	0
  32 0003 40       		.byte	64
  33 0004 02       		.byte	2
  34 0005 5A       		.byte	90
  35 0006 00       		.byte	0
  36 0007 40       		.byte	64
  37 0008 04       		.byte	4
  38 0009 05       		.byte	5
  39 000a 01       		.byte	1
  40 000b 40       		.byte	64
  41 000c 27       		.byte	39
  42 000d 06       		.byte	6
  43 000e 01       		.byte	1
  44 000f 40       		.byte	64
  45 0010 22       		.byte	34
  46 0011 07       		.byte	7
  47 0012 01       		.byte	1
  48 0013 40       		.byte	64
  49 0014 01       		.byte	1
  50 0015 09       		.byte	9
  51 0016 01       		.byte	1
  52 0017 40       		.byte	64
  53 0018 02       		.byte	2
  54 0019 0B       		.byte	11
  55 001a 01       		.byte	1
  56 001b 40       		.byte	64
  57 001c 05       		.byte	5
ARM GAS  C:\Users\JoSracu\AppData\Local\Temp\ccTf4iMX.s 			page 2


  58 001d 15       		.byte	21
  59 001e 01       		.byte	1
  60 001f 40       		.byte	64
  61 0020 1E       		.byte	30
  62 0021 16       		.byte	22
  63 0022 01       		.byte	1
  64 0023 40       		.byte	64
  65 0024 1B       		.byte	27
  66 0025 17       		.byte	23
  67 0026 01       		.byte	1
  68 0027 40       		.byte	64
  69 0028 02       		.byte	2
  70 0029 1B       		.byte	27
  71 002a 01       		.byte	1
  72 002b 40       		.byte	64
  73 002c 05       		.byte	5
  74 002d 41       		.byte	65
  75 002e 01       		.byte	1
  76 002f 40       		.byte	64
  77 0030 02       		.byte	2
  78 0031 42       		.byte	66
  79 0032 01       		.byte	1
  80 0033 40       		.byte	64
  81 0034 05       		.byte	5
  82 0035 43       		.byte	67
  83 0036 01       		.byte	1
  84 0037 40       		.byte	64
  85 0038 0C       		.byte	12
  86 0039 45       		.byte	69
  87 003a 01       		.byte	1
  88 003b 40       		.byte	64
  89 003c 0B       		.byte	11
  90 003d 46       		.byte	70
  91 003e 01       		.byte	1
  92 003f 40       		.byte	64
  93 0040 04       		.byte	4
  94 0041 47       		.byte	71
  95 0042 01       		.byte	1
  96 0043 40       		.byte	64
  97 0044 04       		.byte	4
  98 0045 48       		.byte	72
  99 0046 01       		.byte	1
 100 0047 40       		.byte	64
 101 0048 0A       		.byte	10
 102 0049 49       		.byte	73
 103 004a 01       		.byte	1
 104 004b 40       		.byte	64
 105 004c 03       		.byte	3
 106 004d 4C       		.byte	76
 107 004e 01       		.byte	1
 108 004f 40       		.byte	64
 109 0050 03       		.byte	3
 110 0051 4D       		.byte	77
 111 0052 01       		.byte	1
 112 0053 40       		.byte	64
 113 0054 00       		.byte	0
 114 0055 02       		.byte	2
ARM GAS  C:\Users\JoSracu\AppData\Local\Temp\ccTf4iMX.s 			page 3


 115 0056 01       		.byte	1
 116 0057 06       		.byte	6
 117 0058 10       		.byte	16
 118 0059 8D       		.byte	-115
 119 005a 11       		.byte	17
 120 005b A4       		.byte	-92
 121 005c 18       		.byte	24
 122 005d 04       		.byte	4
 123 005e 19       		.byte	25
 124 005f 04       		.byte	4
 125 0060 60       		.byte	96
 126 0061 08       		.byte	8
 127 0062 8F       		.byte	-113
 128 0063 01       		.byte	1
 129 0064 97       		.byte	-105
 130 0065 01       		.byte	1
 131 0066 87       		.byte	-121
 132 0067 22       		.byte	34
 133 0068 8C       		.byte	-116
 134 0069 04       		.byte	4
 135 006a E0       		.byte	-32
 136 006b 08       		.byte	8
 137 006c E4       		.byte	-28
 138 006d 08       		.byte	8
 139 006e 12       		.byte	18
 140 006f 05       		.byte	5
 141 0070 14       		.byte	20
 142 0071 52       		.byte	82
 143 0072 15       		.byte	21
 144 0073 01       		.byte	1
 145 0074 16       		.byte	22
 146 0075 29       		.byte	41
 147 0076 17       		.byte	23
 148 0077 02       		.byte	2
 149 0078 18       		.byte	24
 150 0079 04       		.byte	4
 151 007a 19       		.byte	25
 152 007b 06       		.byte	6
 153 007c 1A       		.byte	26
 154 007d 0A       		.byte	10
 155 007e 1B       		.byte	27
 156 007f 01       		.byte	1
 157 0080 1E       		.byte	30
 158 0081 36       		.byte	54
 159 0082 26       		.byte	38
 160 0083 56       		.byte	86
 161 0084 29       		.byte	41
 162 0085 07       		.byte	7
 163 0086 2A       		.byte	42
 164 0087 56       		.byte	86
 165 0088 30       		.byte	48
 166 0089 03       		.byte	3
 167 008a 32       		.byte	50
 168 008b 04       		.byte	4
 169 008c 33       		.byte	51
 170 008d 04       		.byte	4
 171 008e 34       		.byte	52
ARM GAS  C:\Users\JoSracu\AppData\Local\Temp\ccTf4iMX.s 			page 4


 172 008f 18       		.byte	24
 173 0090 35       		.byte	53
 174 0091 03       		.byte	3
 175 0092 36       		.byte	54
 176 0093 60       		.byte	96
 177 0094 3A       		.byte	58
 178 0095 A2       		.byte	-94
 179 0096 3E       		.byte	62
 180 0097 04       		.byte	4
 181 0098 58       		.byte	88
 182 0099 04       		.byte	4
 183 009a 59       		.byte	89
 184 009b 04       		.byte	4
 185 009c 5C       		.byte	92
 186 009d 88       		.byte	-120
 187 009e 5F       		.byte	95
 188 009f 31       		.byte	49
 189 00a0 82       		.byte	-126
 190 00a1 01       		.byte	1
 191 00a2 93       		.byte	-109
 192 00a3 02       		.byte	2
 193 00a4 9E       		.byte	-98
 194 00a5 04       		.byte	4
 195 00a6 A3       		.byte	-93
 196 00a7 01       		.byte	1
 197 00a8 AA       		.byte	-86
 198 00a9 02       		.byte	2
 199 00aa B0       		.byte	-80
 200 00ab 04       		.byte	4
 201 00ac B1       		.byte	-79
 202 00ad 01       		.byte	1
 203 00ae B2       		.byte	-78
 204 00af 01       		.byte	1
 205 00b0 B3       		.byte	-77
 206 00b1 02       		.byte	2
 207 00b2 B4       		.byte	-76
 208 00b3 02       		.byte	2
 209 00b4 D8       		.byte	-40
 210 00b5 0A       		.byte	10
 211 00b6 D9       		.byte	-39
 212 00b7 04       		.byte	4
 213 00b8 DC       		.byte	-36
 214 00b9 88       		.byte	-120
 215 00ba DF       		.byte	-33
 216 00bb 31       		.byte	49
 217 00bc 01       		.byte	1
 218 00bd 02       		.byte	2
 219 00be 0A       		.byte	10
 220 00bf 02       		.byte	2
 221 00c0 0E       		.byte	14
 222 00c1 AA       		.byte	-86
 223 00c2 12       		.byte	18
 224 00c3 08       		.byte	8
 225 00c4 17       		.byte	23
 226 00c5 28       		.byte	40
 227 00c6 18       		.byte	24
 228 00c7 08       		.byte	8
ARM GAS  C:\Users\JoSracu\AppData\Local\Temp\ccTf4iMX.s 			page 5


 229 00c8 1A       		.byte	26
 230 00c9 10       		.byte	16
 231 00ca 1B       		.byte	27
 232 00cb 02       		.byte	2
 233 00cc 1C       		.byte	28
 234 00cd 40       		.byte	64
 235 00ce 1E       		.byte	30
 236 00cf AA       		.byte	-86
 237 00d0 1F       		.byte	31
 238 00d1 08       		.byte	8
 239 00d2 22       		.byte	34
 240 00d3 09       		.byte	9
 241 00d4 27       		.byte	39
 242 00d5 28       		.byte	40
 243 00d6 29       		.byte	41
 244 00d7 01       		.byte	1
 245 00d8 2F       		.byte	47
 246 00d9 08       		.byte	8
 247 00da 32       		.byte	50
 248 00db 01       		.byte	1
 249 00dc 37       		.byte	55
 250 00dd 28       		.byte	40
 251 00de 79       		.byte	121
 252 00df 01       		.byte	1
 253 00e0 7B       		.byte	123
 254 00e1 20       		.byte	32
 255 00e2 7D       		.byte	125
 256 00e3 01       		.byte	1
 257 00e4 7F       		.byte	127
 258 00e5 40       		.byte	64
 259 00e6 89       		.byte	-119
 260 00e7 02       		.byte	2
 261 00e8 8A       		.byte	-118
 262 00e9 01       		.byte	1
 263 00ea 8E       		.byte	-114
 264 00eb 18       		.byte	24
 265 00ec 94       		.byte	-108
 266 00ed 08       		.byte	8
 267 00ee A7       		.byte	-89
 268 00ef 22       		.byte	34
 269 00f0 C0       		.byte	-64
 270 00f1 08       		.byte	8
 271 00f2 C2       		.byte	-62
 272 00f3 F1       		.byte	-15
 273 00f4 C4       		.byte	-60
 274 00f5 62       		.byte	98
 275 00f6 CA       		.byte	-54
 276 00f7 21       		.byte	33
 277 00f8 CC       		.byte	-52
 278 00f9 61       		.byte	97
 279 00fa DE       		.byte	-34
 280 00fb 83       		.byte	-125
 281 00fc E2       		.byte	-30
 282 00fd A0       		.byte	-96
 283 00fe E6       		.byte	-26
 284 00ff 40       		.byte	64
 285 0100 E4       		.byte	-28
ARM GAS  C:\Users\JoSracu\AppData\Local\Temp\ccTf4iMX.s 			page 6


 286 0101 10       		.byte	16
 287 0102 E0       		.byte	-32
 288 0103 18       		.byte	24
 289 0104 E4       		.byte	-28
 290 0105 08       		.byte	8
 291 0106 87       		.byte	-121
 292 0107 40       		.byte	64
 293 0108 97       		.byte	-105
 294 0109 80       		.byte	-128
 295 010a AF       		.byte	-81
 296 010b 10       		.byte	16
 297 010c E0       		.byte	-32
 298 010d 08       		.byte	8
 299 010e EE       		.byte	-18
 300 010f 02       		.byte	2
 301 0110 00       		.byte	0
 302 0111 80       		.byte	-128
 303 0112 02       		.byte	2
 304 0113 40       		.byte	64
 305 0114 04       		.byte	4
 306 0115 40       		.byte	64
 307 0116 06       		.byte	6
 308 0117 80       		.byte	-128
 309 0118 0C       		.byte	12
 310 0119 07       		.byte	7
 311 011a 0E       		.byte	14
 312 011b 18       		.byte	24
 313 011c 15       		.byte	21
 314 011d 01       		.byte	1
 315 011e 18       		.byte	24
 316 011f 38       		.byte	56
 317 0120 1A       		.byte	26
 318 0121 03       		.byte	3
 319 0122 1C       		.byte	28
 320 0123 01       		.byte	1
 321 0124 1D       		.byte	29
 322 0125 01       		.byte	1
 323 0126 1E       		.byte	30
 324 0127 26       		.byte	38
 325 0128 24       		.byte	36
 326 0129 02       		.byte	2
 327 012a 26       		.byte	38
 328 012b 0D       		.byte	13
 329 012c 28       		.byte	40
 330 012d 02       		.byte	2
 331 012e 2A       		.byte	42
 332 012f 34       		.byte	52
 333 0130 31       		.byte	49
 334 0131 01       		.byte	1
 335 0132 32       		.byte	50
 336 0133 40       		.byte	64
 337 0134 34       		.byte	52
 338 0135 80       		.byte	-128
 339 0136 36       		.byte	54
 340 0137 3F       		.byte	63
 341 0138 3E       		.byte	62
 342 0139 50       		.byte	80
ARM GAS  C:\Users\JoSracu\AppData\Local\Temp\ccTf4iMX.s 			page 7


 343 013a 58       		.byte	88
 344 013b 04       		.byte	4
 345 013c 59       		.byte	89
 346 013d 04       		.byte	4
 347 013e 5C       		.byte	92
 348 013f 88       		.byte	-120
 349 0140 5F       		.byte	95
 350 0141 31       		.byte	49
 351 0142 96       		.byte	-106
 352 0143 01       		.byte	1
 353 0144 B0       		.byte	-80
 354 0145 01       		.byte	1
 355 0146 D8       		.byte	-40
 356 0147 04       		.byte	4
 357 0148 DC       		.byte	-36
 358 0149 08       		.byte	8
 359 014a DF       		.byte	-33
 360 014b 31       		.byte	49
 361 014c 04       		.byte	4
 362 014d 40       		.byte	64
 363 014e 05       		.byte	5
 364 014f 04       		.byte	4
 365 0150 07       		.byte	7
 366 0151 40       		.byte	64
 367 0152 0B       		.byte	11
 368 0153 20       		.byte	32
 369 0154 0E       		.byte	14
 370 0155 0A       		.byte	10
 371 0156 17       		.byte	23
 372 0157 28       		.byte	40
 373 0158 19       		.byte	25
 374 0159 03       		.byte	3
 375 015a 1D       		.byte	29
 376 015b 84       		.byte	-124
 377 015c 1F       		.byte	31
 378 015d 20       		.byte	32
 379 015e 27       		.byte	39
 380 015f 40       		.byte	64
 381 0160 35       		.byte	53
 382 0161 04       		.byte	4
 383 0162 37       		.byte	55
 384 0163 40       		.byte	64
 385 0164 79       		.byte	121
 386 0165 01       		.byte	1
 387 0166 7F       		.byte	127
 388 0167 40       		.byte	64
 389 0168 85       		.byte	-123
 390 0169 80       		.byte	-128
 391 016a 90       		.byte	-112
 392 016b 40       		.byte	64
 393 016c 91       		.byte	-111
 394 016d 01       		.byte	1
 395 016e 97       		.byte	-105
 396 016f 80       		.byte	-128
 397 0170 9B       		.byte	-101
 398 0171 28       		.byte	40
 399 0172 9D       		.byte	-99
ARM GAS  C:\Users\JoSracu\AppData\Local\Temp\ccTf4iMX.s 			page 8


 400 0173 03       		.byte	3
 401 0174 A2       		.byte	-94
 402 0175 05       		.byte	5
 403 0176 A7       		.byte	-89
 404 0177 20       		.byte	32
 405 0178 C0       		.byte	-64
 406 0179 B0       		.byte	-80
 407 017a C2       		.byte	-62
 408 017b C4       		.byte	-60
 409 017c C4       		.byte	-60
 410 017d 60       		.byte	96
 411 017e CC       		.byte	-52
 412 017f 50       		.byte	80
 413 0180 DE       		.byte	-34
 414 0181 81       		.byte	-127
 415 0182 E0       		.byte	-32
 416 0183 08       		.byte	8
 417 0184 EE       		.byte	-18
 418 0185 02       		.byte	2
 419 0186 53       		.byte	83
 420 0187 04       		.byte	4
 421 0188 59       		.byte	89
 422 0189 80       		.byte	-128
 423 018a 5D       		.byte	93
 424 018b 20       		.byte	32
 425 018c D4       		.byte	-44
 426 018d A0       		.byte	-96
 427 018e D6       		.byte	-42
 428 018f 20       		.byte	32
 429 0190 97       		.byte	-105
 430 0191 08       		.byte	8
 431 0192 9D       		.byte	-99
 432 0193 A0       		.byte	-96
 433 0194 89       		.byte	-119
 434 0195 20       		.byte	32
 435 0196 8B       		.byte	-117
 436 0197 04       		.byte	4
 437 0198 8D       		.byte	-115
 438 0199 80       		.byte	-128
 439 019a 97       		.byte	-105
 440 019b 08       		.byte	8
 441 019c 9D       		.byte	-99
 442 019d A0       		.byte	-96
 443 019e 33       		.byte	51
 444 019f 20       		.byte	32
 445 01a0 50       		.byte	80
 446 01a1 80       		.byte	-128
 447 01a2 51       		.byte	81
 448 01a3 80       		.byte	-128
 449 01a4 55       		.byte	85
 450 01a5 08       		.byte	8
 451 01a6 5C       		.byte	92
 452 01a7 80       		.byte	-128
 453 01a8 60       		.byte	96
 454 01a9 80       		.byte	-128
 455 01aa 61       		.byte	97
 456 01ab 80       		.byte	-128
ARM GAS  C:\Users\JoSracu\AppData\Local\Temp\ccTf4iMX.s 			page 9


 457 01ac 67       		.byte	103
 458 01ad 80       		.byte	-128
 459 01ae CC       		.byte	-52
 460 01af 08       		.byte	8
 461 01b0 D4       		.byte	-44
 462 01b1 06       		.byte	6
 463 01b2 D6       		.byte	-42
 464 01b3 06       		.byte	6
 465 01b4 D8       		.byte	-40
 466 01b5 03       		.byte	3
 467 01b6 33       		.byte	51
 468 01b7 20       		.byte	32
 469 01b8 84       		.byte	-124
 470 01b9 80       		.byte	-128
 471 01ba 87       		.byte	-121
 472 01bb 20       		.byte	32
 473 01bc 8C       		.byte	-116
 474 01bd 80       		.byte	-128
 475 01be 97       		.byte	-105
 476 01bf 80       		.byte	-128
 477 01c0 9C       		.byte	-100
 478 01c1 80       		.byte	-128
 479 01c2 A4       		.byte	-92
 480 01c3 80       		.byte	-128
 481 01c4 A5       		.byte	-91
 482 01c5 08       		.byte	8
 483 01c6 A7       		.byte	-89
 484 01c7 20       		.byte	32
 485 01c8 CC       		.byte	-52
 486 01c9 08       		.byte	8
 487 01ca E0       		.byte	-32
 488 01cb 08       		.byte	8
 489 01cc 8D       		.byte	-115
 490 01cd 08       		.byte	8
 491 01ce 97       		.byte	-105
 492 01cf 80       		.byte	-128
 493 01d0 A5       		.byte	-91
 494 01d1 08       		.byte	8
 495 01d2 E4       		.byte	-28
 496 01d3 08       		.byte	8
 497 01d4 26       		.byte	38
 498 01d5 40       		.byte	64
 499 01d6 84       		.byte	-124
 500 01d7 04       		.byte	4
 501 01d8 C8       		.byte	-56
 502 01d9 20       		.byte	32
 503 01da E6       		.byte	-26
 504 01db 40       		.byte	64
 505 01dc 0B       		.byte	11
 506 01dd 10       		.byte	16
 507 01de 5E       		.byte	94
 508 01df 80       		.byte	-128
 509 01e0 74       		.byte	116
 510 01e1 04       		.byte	4
 511 01e2 87       		.byte	-121
 512 01e3 10       		.byte	16
 513 01e4 A0       		.byte	-96
ARM GAS  C:\Users\JoSracu\AppData\Local\Temp\ccTf4iMX.s 			page 10


 514 01e5 04       		.byte	4
 515 01e6 A2       		.byte	-94
 516 01e7 40       		.byte	64
 517 01e8 C2       		.byte	-62
 518 01e9 10       		.byte	16
 519 01ea D6       		.byte	-42
 520 01eb 20       		.byte	32
 521 01ec DE       		.byte	-34
 522 01ed 20       		.byte	32
 523 01ee E0       		.byte	-32
 524 01ef 10       		.byte	16
 525 01f0 0B       		.byte	11
 526 01f1 20       		.byte	32
 527 01f2 97       		.byte	-105
 528 01f3 80       		.byte	-128
 529 01f4 C2       		.byte	-62
 530 01f5 08       		.byte	8
 531 01f6 87       		.byte	-121
 532 01f7 40       		.byte	64
 533 01f8 97       		.byte	-105
 534 01f9 80       		.byte	-128
 535 01fa AF       		.byte	-81
 536 01fb 10       		.byte	16
 537 01fc 00       		.byte	0
 538 01fd 07       		.byte	7
 539 01fe 07       		.byte	7
 540 01ff 00       		.byte	0
 541 0200 07       		.byte	7
 542 0201 00       		.byte	0
 543 0202 00       		.byte	0
 544 0203 00       		.byte	0
 545 0204 00       		.byte	0
 546 0205 08       		.byte	8
 547 0206 08       		.byte	8
 548 0207 00       		.byte	0
 549 0208 08       		.byte	8
 550 0209 00       		.byte	0
 551 020a 00       		.byte	0
 552 020b 00       		.byte	0
 553 020c 10       		.byte	16
 554 020d 0B       		.byte	11
 555 020e 0B       		.byte	11
 556 020f 00       		.byte	0
 557 0210 00       		.byte	0
 558 0211 00       		.byte	0
 559 0212 80       		.byte	-128
 560 0213 00       		.byte	0
 561 0214 00       		.byte	0
 562 0215 BF       		.byte	-65
 563 0216 BF       		.byte	-65
 564 0217 00       		.byte	0
 565 0218 BF       		.byte	-65
 566 0219 00       		.byte	0
 567 021a 40       		.byte	64
 568 021b 00       		.byte	0
 569 021c 10       		.byte	16
 570 021d 04       		.byte	4
ARM GAS  C:\Users\JoSracu\AppData\Local\Temp\ccTf4iMX.s 			page 11


 571 021e 04       		.byte	4
 572 021f 00       		.byte	0
 573 0220 04       		.byte	4
 574 0221 00       		.byte	0
 575 0222 00       		.byte	0
 576 0223 00       		.byte	0
 577              		.section	.cywolatch,"a",%progbits
 578              		.align	2
 579              		.type	cy_meta_wonvl, %object
 580              		.size	cy_meta_wonvl, 4
 581              	cy_meta_wonvl:
 582 0000 BC       		.byte	-68
 583 0001 90       		.byte	-112
 584 0002 AC       		.byte	-84
 585 0003 AF       		.byte	-81
 586              		.section	.cycustnvl,"a",%progbits
 587              		.align	2
 588              		.type	cy_meta_custnvl, %object
 589              		.size	cy_meta_custnvl, 4
 590              	cy_meta_custnvl:
 591 0000 00       		.byte	0
 592 0001 00       		.byte	0
 593 0002 40       		.byte	64
 594 0003 05       		.byte	5
 595              		.section	.cymeta,"a",%progbits
 596              		.align	2
 597              		.type	cy_metadata, %object
 598              		.size	cy_metadata, 12
 599              	cy_metadata:
 600 0000 00       		.byte	0
 601 0001 01       		.byte	1
 602 0002 2E       		.byte	46
 603 0003 16       		.byte	22
 604 0004 10       		.byte	16
 605 0005 69       		.byte	105
 606 0006 00       		.byte	0
 607 0007 01       		.byte	1
 608 0008 00       		.byte	0
 609 0009 00       		.byte	0
 610 000a 00       		.byte	0
 611 000b 00       		.byte	0
 612              		.section	.cyflashprotect,"a",%progbits
 613              		.align	2
 614              		.type	cy_meta_flashprotect, %object
 615              		.size	cy_meta_flashprotect, 256
 616              	cy_meta_flashprotect:
 617 0000 00000000 		.space	256
 617      00000000 
 617      00000000 
 617      00000000 
 617      00000000 
 618              		.text
 619              	.Letext0:
 620              		.file 1 "c:\\program files (x86)\\cypress\\psoc creator\\4.4\\psoc creator\\import\\gnu\\arm\\5.4.
 621              		.file 2 "c:\\program files (x86)\\cypress\\psoc creator\\4.4\\psoc creator\\import\\gnu\\arm\\5.4.
 622              		.file 3 "Generated_Source\\PSoC5\\cymetadata.c"
 623              		.section	.debug_info,"",%progbits
ARM GAS  C:\Users\JoSracu\AppData\Local\Temp\ccTf4iMX.s 			page 12


 624              	.Ldebug_info0:
 625 0000 31010000 		.4byte	0x131
 626 0004 0400     		.2byte	0x4
 627 0006 00000000 		.4byte	.Ldebug_abbrev0
 628 000a 04       		.byte	0x4
 629 000b 01       		.uleb128 0x1
 630 000c 24000000 		.4byte	.LASF17
 631 0010 0C       		.byte	0xc
 632 0011 F9010000 		.4byte	.LASF18
 633 0015 25010000 		.4byte	.LASF19
 634 0019 00000000 		.4byte	.Ldebug_line0
 635 001d 02       		.uleb128 0x2
 636 001e 01       		.byte	0x1
 637 001f 06       		.byte	0x6
 638 0020 ED010000 		.4byte	.LASF0
 639 0024 03       		.uleb128 0x3
 640 0025 00000000 		.4byte	.LASF9
 641 0029 01       		.byte	0x1
 642 002a 1D       		.byte	0x1d
 643 002b 2F000000 		.4byte	0x2f
 644 002f 02       		.uleb128 0x2
 645 0030 01       		.byte	0x1
 646 0031 08       		.byte	0x8
 647 0032 16000000 		.4byte	.LASF1
 648 0036 02       		.uleb128 0x2
 649 0037 02       		.byte	0x2
 650 0038 05       		.byte	0x5
 651 0039 DA010000 		.4byte	.LASF2
 652 003d 02       		.uleb128 0x2
 653 003e 02       		.byte	0x2
 654 003f 07       		.byte	0x7
 655 0040 C4000000 		.4byte	.LASF3
 656 0044 02       		.uleb128 0x2
 657 0045 04       		.byte	0x4
 658 0046 05       		.byte	0x5
 659 0047 E4010000 		.4byte	.LASF4
 660 004b 02       		.uleb128 0x2
 661 004c 04       		.byte	0x4
 662 004d 07       		.byte	0x7
 663 004e B2000000 		.4byte	.LASF5
 664 0052 02       		.uleb128 0x2
 665 0053 08       		.byte	0x8
 666 0054 05       		.byte	0x5
 667 0055 CC010000 		.4byte	.LASF6
 668 0059 02       		.uleb128 0x2
 669 005a 08       		.byte	0x8
 670 005b 07       		.byte	0x7
 671 005c 06010000 		.4byte	.LASF7
 672 0060 04       		.uleb128 0x4
 673 0061 04       		.byte	0x4
 674 0062 05       		.byte	0x5
 675 0063 696E7400 		.ascii	"int\000"
 676 0067 02       		.uleb128 0x2
 677 0068 04       		.byte	0x4
 678 0069 07       		.byte	0x7
 679 006a F9000000 		.4byte	.LASF8
 680 006e 03       		.uleb128 0x3
ARM GAS  C:\Users\JoSracu\AppData\Local\Temp\ccTf4iMX.s 			page 13


 681 006f 1D010000 		.4byte	.LASF10
 682 0073 02       		.byte	0x2
 683 0074 18       		.byte	0x18
 684 0075 24000000 		.4byte	0x24
 685 0079 05       		.uleb128 0x5
 686 007a 91000000 		.4byte	0x91
 687 007e 8A000000 		.4byte	0x8a
 688 0082 06       		.uleb128 0x6
 689 0083 8A000000 		.4byte	0x8a
 690 0087 2302     		.2byte	0x223
 691 0089 00       		.byte	0
 692 008a 02       		.uleb128 0x2
 693 008b 04       		.byte	0x4
 694 008c 07       		.byte	0x7
 695 008d C3010000 		.4byte	.LASF11
 696 0091 07       		.uleb128 0x7
 697 0092 6E000000 		.4byte	0x6e
 698 0096 08       		.uleb128 0x8
 699 0097 E7000000 		.4byte	.LASF12
 700 009b 03       		.byte	0x3
 701 009c 1F       		.byte	0x1f
 702 009d A7000000 		.4byte	0xa7
 703 00a1 05       		.uleb128 0x5
 704 00a2 03       		.byte	0x3
 705 00a3 00000000 		.4byte	cy_meta_configecc
 706 00a7 07       		.uleb128 0x7
 707 00a8 79000000 		.4byte	0x79
 708 00ac 05       		.uleb128 0x5
 709 00ad 91000000 		.4byte	0x91
 710 00b1 BC000000 		.4byte	0xbc
 711 00b5 09       		.uleb128 0x9
 712 00b6 8A000000 		.4byte	0x8a
 713 00ba 03       		.byte	0x3
 714 00bb 00       		.byte	0
 715 00bc 08       		.uleb128 0x8
 716 00bd D7000000 		.4byte	.LASF13
 717 00c1 03       		.byte	0x3
 718 00c2 71       		.byte	0x71
 719 00c3 CD000000 		.4byte	0xcd
 720 00c7 05       		.uleb128 0x5
 721 00c8 03       		.byte	0x3
 722 00c9 00000000 		.4byte	cy_meta_custnvl
 723 00cd 07       		.uleb128 0x7
 724 00ce AC000000 		.4byte	0xac
 725 00d2 08       		.uleb128 0x8
 726 00d3 B5010000 		.4byte	.LASF14
 727 00d7 03       		.byte	0x3
 728 00d8 7F       		.byte	0x7f
 729 00d9 E3000000 		.4byte	0xe3
 730 00dd 05       		.uleb128 0x5
 731 00de 03       		.byte	0x3
 732 00df 00000000 		.4byte	cy_meta_wonvl
 733 00e3 07       		.uleb128 0x7
 734 00e4 AC000000 		.4byte	0xac
 735 00e8 05       		.uleb128 0x5
 736 00e9 91000000 		.4byte	0x91
 737 00ed F8000000 		.4byte	0xf8
ARM GAS  C:\Users\JoSracu\AppData\Local\Temp\ccTf4iMX.s 			page 14


 738 00f1 09       		.uleb128 0x9
 739 00f2 8A000000 		.4byte	0x8a
 740 00f6 FF       		.byte	0xff
 741 00f7 00       		.byte	0
 742 00f8 08       		.uleb128 0x8
 743 00f9 A0010000 		.4byte	.LASF15
 744 00fd 03       		.byte	0x3
 745 00fe 8D       		.byte	0x8d
 746 00ff 09010000 		.4byte	0x109
 747 0103 05       		.uleb128 0x5
 748 0104 03       		.byte	0x3
 749 0105 00000000 		.4byte	cy_meta_flashprotect
 750 0109 07       		.uleb128 0x7
 751 010a E8000000 		.4byte	0xe8
 752 010e 05       		.uleb128 0x5
 753 010f 91000000 		.4byte	0x91
 754 0113 1E010000 		.4byte	0x11e
 755 0117 09       		.uleb128 0x9
 756 0118 8A000000 		.4byte	0x8a
 757 011c 0B       		.byte	0xb
 758 011d 00       		.byte	0
 759 011e 08       		.uleb128 0x8
 760 011f 0A000000 		.4byte	.LASF16
 761 0123 03       		.byte	0x3
 762 0124 BA       		.byte	0xba
 763 0125 2F010000 		.4byte	0x12f
 764 0129 05       		.uleb128 0x5
 765 012a 03       		.byte	0x3
 766 012b 00000000 		.4byte	cy_metadata
 767 012f 07       		.uleb128 0x7
 768 0130 0E010000 		.4byte	0x10e
 769 0134 00       		.byte	0
 770              		.section	.debug_abbrev,"",%progbits
 771              	.Ldebug_abbrev0:
 772 0000 01       		.uleb128 0x1
 773 0001 11       		.uleb128 0x11
 774 0002 01       		.byte	0x1
 775 0003 25       		.uleb128 0x25
 776 0004 0E       		.uleb128 0xe
 777 0005 13       		.uleb128 0x13
 778 0006 0B       		.uleb128 0xb
 779 0007 03       		.uleb128 0x3
 780 0008 0E       		.uleb128 0xe
 781 0009 1B       		.uleb128 0x1b
 782 000a 0E       		.uleb128 0xe
 783 000b 10       		.uleb128 0x10
 784 000c 17       		.uleb128 0x17
 785 000d 00       		.byte	0
 786 000e 00       		.byte	0
 787 000f 02       		.uleb128 0x2
 788 0010 24       		.uleb128 0x24
 789 0011 00       		.byte	0
 790 0012 0B       		.uleb128 0xb
 791 0013 0B       		.uleb128 0xb
 792 0014 3E       		.uleb128 0x3e
 793 0015 0B       		.uleb128 0xb
 794 0016 03       		.uleb128 0x3
ARM GAS  C:\Users\JoSracu\AppData\Local\Temp\ccTf4iMX.s 			page 15


 795 0017 0E       		.uleb128 0xe
 796 0018 00       		.byte	0
 797 0019 00       		.byte	0
 798 001a 03       		.uleb128 0x3
 799 001b 16       		.uleb128 0x16
 800 001c 00       		.byte	0
 801 001d 03       		.uleb128 0x3
 802 001e 0E       		.uleb128 0xe
 803 001f 3A       		.uleb128 0x3a
 804 0020 0B       		.uleb128 0xb
 805 0021 3B       		.uleb128 0x3b
 806 0022 0B       		.uleb128 0xb
 807 0023 49       		.uleb128 0x49
 808 0024 13       		.uleb128 0x13
 809 0025 00       		.byte	0
 810 0026 00       		.byte	0
 811 0027 04       		.uleb128 0x4
 812 0028 24       		.uleb128 0x24
 813 0029 00       		.byte	0
 814 002a 0B       		.uleb128 0xb
 815 002b 0B       		.uleb128 0xb
 816 002c 3E       		.uleb128 0x3e
 817 002d 0B       		.uleb128 0xb
 818 002e 03       		.uleb128 0x3
 819 002f 08       		.uleb128 0x8
 820 0030 00       		.byte	0
 821 0031 00       		.byte	0
 822 0032 05       		.uleb128 0x5
 823 0033 01       		.uleb128 0x1
 824 0034 01       		.byte	0x1
 825 0035 49       		.uleb128 0x49
 826 0036 13       		.uleb128 0x13
 827 0037 01       		.uleb128 0x1
 828 0038 13       		.uleb128 0x13
 829 0039 00       		.byte	0
 830 003a 00       		.byte	0
 831 003b 06       		.uleb128 0x6
 832 003c 21       		.uleb128 0x21
 833 003d 00       		.byte	0
 834 003e 49       		.uleb128 0x49
 835 003f 13       		.uleb128 0x13
 836 0040 2F       		.uleb128 0x2f
 837 0041 05       		.uleb128 0x5
 838 0042 00       		.byte	0
 839 0043 00       		.byte	0
 840 0044 07       		.uleb128 0x7
 841 0045 26       		.uleb128 0x26
 842 0046 00       		.byte	0
 843 0047 49       		.uleb128 0x49
 844 0048 13       		.uleb128 0x13
 845 0049 00       		.byte	0
 846 004a 00       		.byte	0
 847 004b 08       		.uleb128 0x8
 848 004c 34       		.uleb128 0x34
 849 004d 00       		.byte	0
 850 004e 03       		.uleb128 0x3
 851 004f 0E       		.uleb128 0xe
ARM GAS  C:\Users\JoSracu\AppData\Local\Temp\ccTf4iMX.s 			page 16


 852 0050 3A       		.uleb128 0x3a
 853 0051 0B       		.uleb128 0xb
 854 0052 3B       		.uleb128 0x3b
 855 0053 0B       		.uleb128 0xb
 856 0054 49       		.uleb128 0x49
 857 0055 13       		.uleb128 0x13
 858 0056 3F       		.uleb128 0x3f
 859 0057 19       		.uleb128 0x19
 860 0058 02       		.uleb128 0x2
 861 0059 18       		.uleb128 0x18
 862 005a 00       		.byte	0
 863 005b 00       		.byte	0
 864 005c 09       		.uleb128 0x9
 865 005d 21       		.uleb128 0x21
 866 005e 00       		.byte	0
 867 005f 49       		.uleb128 0x49
 868 0060 13       		.uleb128 0x13
 869 0061 2F       		.uleb128 0x2f
 870 0062 0B       		.uleb128 0xb
 871 0063 00       		.byte	0
 872 0064 00       		.byte	0
 873 0065 00       		.byte	0
 874              		.section	.debug_aranges,"",%progbits
 875 0000 14000000 		.4byte	0x14
 876 0004 0200     		.2byte	0x2
 877 0006 00000000 		.4byte	.Ldebug_info0
 878 000a 04       		.byte	0x4
 879 000b 00       		.byte	0
 880 000c 0000     		.2byte	0
 881 000e 0000     		.2byte	0
 882 0010 00000000 		.4byte	0
 883 0014 00000000 		.4byte	0
 884              		.section	.debug_line,"",%progbits
 885              	.Ldebug_line0:
 886 0000 3D010000 		.section	.debug_str,"MS",%progbits,1
 886      02003701 
 886      00000201 
 886      FB0E0D00 
 886      01010101 
 887              	.LASF9:
 888 0000 5F5F7569 		.ascii	"__uint8_t\000"
 888      6E74385F 
 888      7400
 889              	.LASF16:
 890 000a 63795F6D 		.ascii	"cy_metadata\000"
 890      65746164 
 890      61746100 
 891              	.LASF1:
 892 0016 756E7369 		.ascii	"unsigned char\000"
 892      676E6564 
 892      20636861 
 892      7200
 893              	.LASF17:
 894 0024 474E5520 		.ascii	"GNU C11 5.4.1 20160609 (release) [ARM/embedded-5-br"
 894      43313120 
 894      352E342E 
 894      31203230 
ARM GAS  C:\Users\JoSracu\AppData\Local\Temp\ccTf4iMX.s 			page 17


 894      31363036 
 895 0057 616E6368 		.ascii	"anch revision 237715] -mcpu=cortex-m3 -mthumb -g -O"
 895      20726576 
 895      6973696F 
 895      6E203233 
 895      37373135 
 896 008a 67202D66 		.ascii	"g -ffunction-sections -ffat-lto-objects\000"
 896      66756E63 
 896      74696F6E 
 896      2D736563 
 896      74696F6E 
 897              	.LASF5:
 898 00b2 6C6F6E67 		.ascii	"long unsigned int\000"
 898      20756E73 
 898      69676E65 
 898      6420696E 
 898      7400
 899              	.LASF3:
 900 00c4 73686F72 		.ascii	"short unsigned int\000"
 900      7420756E 
 900      7369676E 
 900      65642069 
 900      6E7400
 901              	.LASF13:
 902 00d7 63795F6D 		.ascii	"cy_meta_custnvl\000"
 902      6574615F 
 902      63757374 
 902      6E766C00 
 903              	.LASF12:
 904 00e7 63795F6D 		.ascii	"cy_meta_configecc\000"
 904      6574615F 
 904      636F6E66 
 904      69676563 
 904      6300
 905              	.LASF8:
 906 00f9 756E7369 		.ascii	"unsigned int\000"
 906      676E6564 
 906      20696E74 
 906      00
 907              	.LASF7:
 908 0106 6C6F6E67 		.ascii	"long long unsigned int\000"
 908      206C6F6E 
 908      6720756E 
 908      7369676E 
 908      65642069 
 909              	.LASF10:
 910 011d 75696E74 		.ascii	"uint8_t\000"
 910      385F7400 
 911              	.LASF19:
 912 0125 433A5C55 		.ascii	"C:\\Users\\JoSracu\\Desktop\\Comunicaciones_Digital"
 912      73657273 
 912      5C4A6F53 
 912      72616375 
 912      5C446573 
 913 0154 65735C43 		.ascii	"es\\Comunicaciones Digitales\\Comunicaciones Digita"
 913      6F6D756E 
 913      69636163 
ARM GAS  C:\Users\JoSracu\AppData\Local\Temp\ccTf4iMX.s 			page 18


 913      696F6E65 
 913      73204469 
 914 0185 6C65735C 		.ascii	"les\\Digitales\\Lab1.2.cydsn\000"
 914      44696769 
 914      74616C65 
 914      735C4C61 
 914      62312E32 
 915              	.LASF15:
 916 01a0 63795F6D 		.ascii	"cy_meta_flashprotect\000"
 916      6574615F 
 916      666C6173 
 916      6870726F 
 916      74656374 
 917              	.LASF14:
 918 01b5 63795F6D 		.ascii	"cy_meta_wonvl\000"
 918      6574615F 
 918      776F6E76 
 918      6C00
 919              	.LASF11:
 920 01c3 73697A65 		.ascii	"sizetype\000"
 920      74797065 
 920      00
 921              	.LASF6:
 922 01cc 6C6F6E67 		.ascii	"long long int\000"
 922      206C6F6E 
 922      6720696E 
 922      7400
 923              	.LASF2:
 924 01da 73686F72 		.ascii	"short int\000"
 924      7420696E 
 924      7400
 925              	.LASF4:
 926 01e4 6C6F6E67 		.ascii	"long int\000"
 926      20696E74 
 926      00
 927              	.LASF0:
 928 01ed 7369676E 		.ascii	"signed char\000"
 928      65642063 
 928      68617200 
 929              	.LASF18:
 930 01f9 47656E65 		.ascii	"Generated_Source\\PSoC5\\cymetadata.c\000"
 930      72617465 
 930      645F536F 
 930      75726365 
 930      5C50536F 
 931              		.ident	"GCC: (GNU Tools for ARM Embedded Processors) 5.4.1 20160609 (release) [ARM/embedded-5-bran
