ARM GAS  C:\Users\JoSracu\AppData\Local\Temp\cc3wpdJx.s 			page 1


   1              		.syntax unified
   2              		.cpu cortex-m3
   3              		.fpu softvfp
   4              		.eabi_attribute 20, 1
   5              		.eabi_attribute 21, 1
   6              		.eabi_attribute 23, 3
   7              		.eabi_attribute 24, 1
   8              		.eabi_attribute 25, 1
   9              		.eabi_attribute 26, 1
  10              		.eabi_attribute 30, 1
  11              		.eabi_attribute 34, 1
  12              		.eabi_attribute 18, 4
  13              		.thumb
  14              		.syntax unified
  15              		.file	"main.c"
  16              		.text
  17              	.Ltext0:
  18              		.cfi_sections	.debug_frame
  19              		.section	.text.main,"ax",%progbits
  20              		.align	2
  21              		.global	main
  22              		.thumb
  23              		.thumb_func
  24              		.type	main, %function
  25              	main:
  26              	.LFB63:
  27              		.file 1 "main.c"
   1:main.c        **** /* ========================================
   2:main.c        ****  *
   3:main.c        ****  * Copyright YOUR COMPANY, THE YEAR
   4:main.c        ****  * All Rights Reserved
   5:main.c        ****  * UNPUBLISHED, LICENSED SOFTWARE.
   6:main.c        ****  *
   7:main.c        ****  * CONFIDENTIAL AND PROPRIETARY INFORMATION
   8:main.c        ****  * WHICH IS THE PROPERTY OF your company.
   9:main.c        ****  *
  10:main.c        ****  * ========================================
  11:main.c        **** */
  12:main.c        **** #include "project.h"
  13:main.c        **** 
  14:main.c        **** 
  15:main.c        **** int main(void)
  16:main.c        **** {
  28              		.loc 1 16 0
  29              		.cfi_startproc
  30              		@ Volatile: function does not return.
  31              		@ args = 0, pretend = 0, frame = 0
  32              		@ frame_needed = 0, uses_anonymous_args = 0
  33 0000 08B5     		push	{r3, lr}
  34              		.cfi_def_cfa_offset 8
  35              		.cfi_offset 3, -8
  36              		.cfi_offset 14, -4
  17:main.c        ****   DAC_1_Start();
  37              		.loc 1 17 0
  38 0002 FFF7FEFF 		bl	DAC_1_Start
  39              	.LVL0:
  18:main.c        ****  DAC_2_Start();
ARM GAS  C:\Users\JoSracu\AppData\Local\Temp\cc3wpdJx.s 			page 2


  40              		.loc 1 18 0
  41 0006 FFF7FEFF 		bl	DAC_2_Start
  42              	.LVL1:
  19:main.c        ****  DAC_1_SetRange(4);
  43              		.loc 1 19 0
  44 000a 0420     		movs	r0, #4
  45 000c FFF7FEFF 		bl	DAC_1_SetRange
  46              	.LVL2:
  20:main.c        **** DAC_2_SetRange(4);
  47              		.loc 1 20 0
  48 0010 0420     		movs	r0, #4
  49 0012 FFF7FEFF 		bl	DAC_2_SetRange
  50              	.LVL3:
  21:main.c        ****     CyGlobalIntEnable;
  51              		.loc 1 21 0
  52              		.syntax unified
  53              	@ 21 "main.c" 1
  54 0016 62B6     		CPSIE   i
  55              	@ 0 "" 2
  56              		.thumb
  57              		.syntax unified
  58              	.L17:
  22:main.c        **** 
  23:main.c        ****     /* Place your initialization/startup code here (e.g. MyInst_Start()) */
  24:main.c        **** 
  25:main.c        ****     for(;;)
  26:main.c        ****     {
  27:main.c        **** 
  28:main.c        ****     if(S2_Read()==0){
  59              		.loc 1 28 0
  60 0018 FFF7FEFF 		bl	S2_Read
  61              	.LVL4:
  62 001c 10B9     		cbnz	r0, .L2
  29:main.c        ****     DAC_2_SetValue(127);
  63              		.loc 1 29 0
  64 001e 7F20     		movs	r0, #127
  65 0020 FFF7FEFF 		bl	DAC_2_SetValue
  66              	.LVL5:
  67              	.L2:
  30:main.c        ****     }
  31:main.c        ****     if(S2_Read()==1){
  68              		.loc 1 31 0
  69 0024 FFF7FEFF 		bl	S2_Read
  70              	.LVL6:
  71 0028 0128     		cmp	r0, #1
  72 002a 02D1     		bne	.L3
  32:main.c        ****     DAC_2_SetValue(190);
  73              		.loc 1 32 0
  74 002c BE20     		movs	r0, #190
  75 002e FFF7FEFF 		bl	DAC_2_SetValue
  76              	.LVL7:
  77              	.L3:
  33:main.c        ****     }
  34:main.c        ****    if(S2_Read()==2){
  78              		.loc 1 34 0
  79 0032 FFF7FEFF 		bl	S2_Read
  80              	.LVL8:
ARM GAS  C:\Users\JoSracu\AppData\Local\Temp\cc3wpdJx.s 			page 3


  81 0036 0228     		cmp	r0, #2
  82 0038 02D1     		bne	.L4
  35:main.c        ****     DAC_2_SetValue(127);
  83              		.loc 1 35 0
  84 003a 7F20     		movs	r0, #127
  85 003c FFF7FEFF 		bl	DAC_2_SetValue
  86              	.LVL9:
  87              	.L4:
  36:main.c        ****     }
  37:main.c        ****     if(S2_Read()==3){
  88              		.loc 1 37 0
  89 0040 FFF7FEFF 		bl	S2_Read
  90              	.LVL10:
  91 0044 0328     		cmp	r0, #3
  92 0046 02D1     		bne	.L5
  38:main.c        ****     DAC_2_SetValue(63);
  93              		.loc 1 38 0
  94 0048 3F20     		movs	r0, #63
  95 004a FFF7FEFF 		bl	DAC_2_SetValue
  96              	.LVL11:
  97              	.L5:
  39:main.c        ****     }
  40:main.c        ****     if(S2_Read()==4){
  98              		.loc 1 40 0
  99 004e FFF7FEFF 		bl	S2_Read
 100              	.LVL12:
 101 0052 0428     		cmp	r0, #4
 102 0054 02D1     		bne	.L6
  41:main.c        ****     DAC_2_SetValue(255);
 103              		.loc 1 41 0
 104 0056 FF20     		movs	r0, #255
 105 0058 FFF7FEFF 		bl	DAC_2_SetValue
 106              	.LVL13:
 107              	.L6:
  42:main.c        ****     }
  43:main.c        ****     if(S2_Read()==5){
 108              		.loc 1 43 0
 109 005c FFF7FEFF 		bl	S2_Read
 110              	.LVL14:
 111 0060 0528     		cmp	r0, #5
 112 0062 02D1     		bne	.L7
  44:main.c        ****     DAC_2_SetValue(255);
 113              		.loc 1 44 0
 114 0064 FF20     		movs	r0, #255
 115 0066 FFF7FEFF 		bl	DAC_2_SetValue
 116              	.LVL15:
 117              	.L7:
  45:main.c        ****     }
  46:main.c        ****     if(S2_Read()==6){
 118              		.loc 1 46 0
 119 006a FFF7FEFF 		bl	S2_Read
 120              	.LVL16:
 121 006e 0628     		cmp	r0, #6
 122 0070 02D1     		bne	.L8
  47:main.c        ****     DAC_2_SetValue(0);
 123              		.loc 1 47 0
 124 0072 0020     		movs	r0, #0
ARM GAS  C:\Users\JoSracu\AppData\Local\Temp\cc3wpdJx.s 			page 4


 125 0074 FFF7FEFF 		bl	DAC_2_SetValue
 126              	.LVL17:
 127              	.L8:
  48:main.c        ****     }
  49:main.c        ****     if(S2_Read()==7){
 128              		.loc 1 49 0
 129 0078 FFF7FEFF 		bl	S2_Read
 130              	.LVL18:
 131 007c 0728     		cmp	r0, #7
 132 007e 02D1     		bne	.L9
  50:main.c        ****     DAC_2_SetValue(0);
 133              		.loc 1 50 0
 134 0080 0020     		movs	r0, #0
 135 0082 FFF7FEFF 		bl	DAC_2_SetValue
 136              	.LVL19:
 137              	.L9:
  51:main.c        ****     }
  52:main.c        ****         
  53:main.c        ****         
  54:main.c        ****                 if(S1_Read()==0){
 138              		.loc 1 54 0
 139 0086 FFF7FEFF 		bl	S1_Read
 140              	.LVL20:
 141 008a 10B9     		cbnz	r0, .L10
  55:main.c        ****     DAC_1_SetValue(190);
 142              		.loc 1 55 0
 143 008c BE20     		movs	r0, #190
 144 008e FFF7FEFF 		bl	DAC_1_SetValue
 145              	.LVL21:
 146              	.L10:
  56:main.c        ****     }
  57:main.c        ****          if(S1_Read()==1){
 147              		.loc 1 57 0
 148 0092 FFF7FEFF 		bl	S1_Read
 149              	.LVL22:
 150 0096 0128     		cmp	r0, #1
 151 0098 02D1     		bne	.L11
  58:main.c        ****     DAC_1_SetValue(127);
 152              		.loc 1 58 0
 153 009a 7F20     		movs	r0, #127
 154 009c FFF7FEFF 		bl	DAC_1_SetValue
 155              	.LVL23:
 156              	.L11:
  59:main.c        ****     }
  60:main.c        ****                 if(S1_Read()==2){
 157              		.loc 1 60 0
 158 00a0 FFF7FEFF 		bl	S1_Read
 159              	.LVL24:
 160 00a4 0228     		cmp	r0, #2
 161 00a6 02D1     		bne	.L12
  61:main.c        ****     DAC_1_SetValue(63);
 162              		.loc 1 61 0
 163 00a8 3F20     		movs	r0, #63
 164 00aa FFF7FEFF 		bl	DAC_1_SetValue
 165              	.LVL25:
 166              	.L12:
  62:main.c        ****     }
ARM GAS  C:\Users\JoSracu\AppData\Local\Temp\cc3wpdJx.s 			page 5


  63:main.c        ****                         if(S1_Read()==3){
 167              		.loc 1 63 0
 168 00ae FFF7FEFF 		bl	S1_Read
 169              	.LVL26:
 170 00b2 0328     		cmp	r0, #3
 171 00b4 02D1     		bne	.L13
  64:main.c        ****     DAC_1_SetValue(127);
 172              		.loc 1 64 0
 173 00b6 7F20     		movs	r0, #127
 174 00b8 FFF7FEFF 		bl	DAC_1_SetValue
 175              	.LVL27:
 176              	.L13:
  65:main.c        ****     }
  66:main.c        ****                         if(S1_Read()==4){
 177              		.loc 1 66 0
 178 00bc FFF7FEFF 		bl	S1_Read
 179              	.LVL28:
 180 00c0 0428     		cmp	r0, #4
 181 00c2 02D1     		bne	.L14
  67:main.c        ****     DAC_1_SetValue(255);
 182              		.loc 1 67 0
 183 00c4 FF20     		movs	r0, #255
 184 00c6 FFF7FEFF 		bl	DAC_1_SetValue
 185              	.LVL29:
 186              	.L14:
  68:main.c        ****     }
  69:main.c        ****                                 if(S1_Read()==5){
 187              		.loc 1 69 0
 188 00ca FFF7FEFF 		bl	S1_Read
 189              	.LVL30:
 190 00ce 0528     		cmp	r0, #5
 191 00d0 02D1     		bne	.L15
  70:main.c        ****     DAC_1_SetValue(0);
 192              		.loc 1 70 0
 193 00d2 0020     		movs	r0, #0
 194 00d4 FFF7FEFF 		bl	DAC_1_SetValue
 195              	.LVL31:
 196              	.L15:
  71:main.c        ****     }
  72:main.c        ****                 if(S1_Read()==6){
 197              		.loc 1 72 0
 198 00d8 FFF7FEFF 		bl	S1_Read
 199              	.LVL32:
 200 00dc 0628     		cmp	r0, #6
 201 00de 02D1     		bne	.L16
  73:main.c        ****     DAC_1_SetValue(0);
 202              		.loc 1 73 0
 203 00e0 0020     		movs	r0, #0
 204 00e2 FFF7FEFF 		bl	DAC_1_SetValue
 205              	.LVL33:
 206              	.L16:
  74:main.c        ****     }
  75:main.c        ****                         if(S1_Read()==7){
 207              		.loc 1 75 0
 208 00e6 FFF7FEFF 		bl	S1_Read
 209              	.LVL34:
 210 00ea 0728     		cmp	r0, #7
ARM GAS  C:\Users\JoSracu\AppData\Local\Temp\cc3wpdJx.s 			page 6


 211 00ec 94D1     		bne	.L17
  76:main.c        ****     DAC_1_SetValue(255);
 212              		.loc 1 76 0
 213 00ee FF20     		movs	r0, #255
 214 00f0 FFF7FEFF 		bl	DAC_1_SetValue
 215              	.LVL35:
 216 00f4 90E7     		b	.L17
 217              		.cfi_endproc
 218              	.LFE63:
 219              		.size	main, .-main
 220 00f6 00BF     		.text
 221              	.Letext0:
 222              		.file 2 "c:\\program files (x86)\\cypress\\psoc creator\\4.4\\psoc creator\\import\\gnu\\arm\\5.4.
 223              		.file 3 "c:\\program files (x86)\\cypress\\psoc creator\\4.4\\psoc creator\\import\\gnu\\arm\\5.4.
 224              		.file 4 "Generated_Source\\PSoC5/DAC_1.h"
 225              		.file 5 "Generated_Source\\PSoC5/DAC_2.h"
 226              		.file 6 "Generated_Source\\PSoC5/S2.h"
 227              		.file 7 "Generated_Source\\PSoC5/S1.h"
 228              		.file 8 "Generated_Source\\PSoC5/core_cm3.h"
 229              		.section	.debug_info,"",%progbits
 230              	.Ldebug_info0:
 231 0000 24030000 		.4byte	0x324
 232 0004 0400     		.2byte	0x4
 233 0006 00000000 		.4byte	.Ldebug_abbrev0
 234 000a 04       		.byte	0x4
 235 000b 01       		.uleb128 0x1
 236 000c 38000000 		.4byte	.LASF24
 237 0010 0C       		.byte	0xc
 238 0011 2C000000 		.4byte	.LASF25
 239 0015 2D010000 		.4byte	.LASF26
 240 0019 00000000 		.4byte	.Ldebug_ranges0+0
 241 001d 00000000 		.4byte	0
 242 0021 00000000 		.4byte	.Ldebug_line0
 243 0025 02       		.uleb128 0x2
 244 0026 01       		.byte	0x1
 245 0027 06       		.byte	0x6
 246 0028 CF010000 		.4byte	.LASF0
 247 002c 02       		.uleb128 0x2
 248 002d 01       		.byte	0x1
 249 002e 08       		.byte	0x8
 250 002f 0A010000 		.4byte	.LASF1
 251 0033 02       		.uleb128 0x2
 252 0034 02       		.byte	0x2
 253 0035 05       		.byte	0x5
 254 0036 06020000 		.4byte	.LASF2
 255 003a 02       		.uleb128 0x2
 256 003b 02       		.byte	0x2
 257 003c 07       		.byte	0x7
 258 003d F7000000 		.4byte	.LASF3
 259 0041 03       		.uleb128 0x3
 260 0042 E7010000 		.4byte	.LASF9
 261 0046 02       		.byte	0x2
 262 0047 3F       		.byte	0x3f
 263 0048 4C000000 		.4byte	0x4c
 264 004c 02       		.uleb128 0x2
 265 004d 04       		.byte	0x4
 266 004e 05       		.byte	0x5
ARM GAS  C:\Users\JoSracu\AppData\Local\Temp\cc3wpdJx.s 			page 7


 267 004f 1D010000 		.4byte	.LASF4
 268 0053 02       		.uleb128 0x2
 269 0054 04       		.byte	0x4
 270 0055 07       		.byte	0x7
 271 0056 CE000000 		.4byte	.LASF5
 272 005a 02       		.uleb128 0x2
 273 005b 08       		.byte	0x8
 274 005c 05       		.byte	0x5
 275 005d A8010000 		.4byte	.LASF6
 276 0061 02       		.uleb128 0x2
 277 0062 08       		.byte	0x8
 278 0063 07       		.byte	0x7
 279 0064 E0000000 		.4byte	.LASF7
 280 0068 04       		.uleb128 0x4
 281 0069 04       		.byte	0x4
 282 006a 05       		.byte	0x5
 283 006b 696E7400 		.ascii	"int\000"
 284 006f 02       		.uleb128 0x2
 285 0070 04       		.byte	0x4
 286 0071 07       		.byte	0x7
 287 0072 17000000 		.4byte	.LASF8
 288 0076 03       		.uleb128 0x3
 289 0077 C6000000 		.4byte	.LASF10
 290 007b 03       		.byte	0x3
 291 007c 2C       		.byte	0x2c
 292 007d 41000000 		.4byte	0x41
 293 0081 02       		.uleb128 0x2
 294 0082 04       		.byte	0x4
 295 0083 04       		.byte	0x4
 296 0084 00020000 		.4byte	.LASF11
 297 0088 02       		.uleb128 0x2
 298 0089 08       		.byte	0x8
 299 008a 04       		.byte	0x4
 300 008b 26010000 		.4byte	.LASF12
 301 008f 02       		.uleb128 0x2
 302 0090 01       		.byte	0x1
 303 0091 08       		.byte	0x8
 304 0092 18010000 		.4byte	.LASF13
 305 0096 02       		.uleb128 0x2
 306 0097 04       		.byte	0x4
 307 0098 07       		.byte	0x7
 308 0099 2E020000 		.4byte	.LASF14
 309 009d 02       		.uleb128 0x2
 310 009e 08       		.byte	0x8
 311 009f 04       		.byte	0x4
 312 00a0 B6010000 		.4byte	.LASF15
 313 00a4 05       		.uleb128 0x5
 314 00a5 33000000 		.4byte	.LASF27
 315 00a9 01       		.byte	0x1
 316 00aa 0F       		.byte	0xf
 317 00ab 68000000 		.4byte	0x68
 318 00af 00000000 		.4byte	.LFB63
 319 00b3 F6000000 		.4byte	.LFE63-.LFB63
 320 00b7 01       		.uleb128 0x1
 321 00b8 9C       		.byte	0x9c
 322 00b9 BE020000 		.4byte	0x2be
 323 00bd 06       		.uleb128 0x6
ARM GAS  C:\Users\JoSracu\AppData\Local\Temp\cc3wpdJx.s 			page 8


 324 00be 06000000 		.4byte	.LVL0
 325 00c2 CF020000 		.4byte	0x2cf
 326 00c6 06       		.uleb128 0x6
 327 00c7 0A000000 		.4byte	.LVL1
 328 00cb DA020000 		.4byte	0x2da
 329 00cf 07       		.uleb128 0x7
 330 00d0 10000000 		.4byte	.LVL2
 331 00d4 E5020000 		.4byte	0x2e5
 332 00d8 E2000000 		.4byte	0xe2
 333 00dc 08       		.uleb128 0x8
 334 00dd 01       		.uleb128 0x1
 335 00de 50       		.byte	0x50
 336 00df 01       		.uleb128 0x1
 337 00e0 34       		.byte	0x34
 338 00e1 00       		.byte	0
 339 00e2 07       		.uleb128 0x7
 340 00e3 16000000 		.4byte	.LVL3
 341 00e7 F0020000 		.4byte	0x2f0
 342 00eb F5000000 		.4byte	0xf5
 343 00ef 08       		.uleb128 0x8
 344 00f0 01       		.uleb128 0x1
 345 00f1 50       		.byte	0x50
 346 00f2 01       		.uleb128 0x1
 347 00f3 34       		.byte	0x34
 348 00f4 00       		.byte	0
 349 00f5 06       		.uleb128 0x6
 350 00f6 1C000000 		.4byte	.LVL4
 351 00fa FB020000 		.4byte	0x2fb
 352 00fe 07       		.uleb128 0x7
 353 00ff 24000000 		.4byte	.LVL5
 354 0103 06030000 		.4byte	0x306
 355 0107 12010000 		.4byte	0x112
 356 010b 08       		.uleb128 0x8
 357 010c 01       		.uleb128 0x1
 358 010d 50       		.byte	0x50
 359 010e 02       		.uleb128 0x2
 360 010f 08       		.byte	0x8
 361 0110 7F       		.byte	0x7f
 362 0111 00       		.byte	0
 363 0112 06       		.uleb128 0x6
 364 0113 28000000 		.4byte	.LVL6
 365 0117 FB020000 		.4byte	0x2fb
 366 011b 07       		.uleb128 0x7
 367 011c 32000000 		.4byte	.LVL7
 368 0120 06030000 		.4byte	0x306
 369 0124 2F010000 		.4byte	0x12f
 370 0128 08       		.uleb128 0x8
 371 0129 01       		.uleb128 0x1
 372 012a 50       		.byte	0x50
 373 012b 02       		.uleb128 0x2
 374 012c 09       		.byte	0x9
 375 012d BE       		.byte	0xbe
 376 012e 00       		.byte	0
 377 012f 06       		.uleb128 0x6
 378 0130 36000000 		.4byte	.LVL8
 379 0134 FB020000 		.4byte	0x2fb
 380 0138 07       		.uleb128 0x7
ARM GAS  C:\Users\JoSracu\AppData\Local\Temp\cc3wpdJx.s 			page 9


 381 0139 40000000 		.4byte	.LVL9
 382 013d 06030000 		.4byte	0x306
 383 0141 4C010000 		.4byte	0x14c
 384 0145 08       		.uleb128 0x8
 385 0146 01       		.uleb128 0x1
 386 0147 50       		.byte	0x50
 387 0148 02       		.uleb128 0x2
 388 0149 08       		.byte	0x8
 389 014a 7F       		.byte	0x7f
 390 014b 00       		.byte	0
 391 014c 06       		.uleb128 0x6
 392 014d 44000000 		.4byte	.LVL10
 393 0151 FB020000 		.4byte	0x2fb
 394 0155 07       		.uleb128 0x7
 395 0156 4E000000 		.4byte	.LVL11
 396 015a 06030000 		.4byte	0x306
 397 015e 69010000 		.4byte	0x169
 398 0162 08       		.uleb128 0x8
 399 0163 01       		.uleb128 0x1
 400 0164 50       		.byte	0x50
 401 0165 02       		.uleb128 0x2
 402 0166 08       		.byte	0x8
 403 0167 3F       		.byte	0x3f
 404 0168 00       		.byte	0
 405 0169 06       		.uleb128 0x6
 406 016a 52000000 		.4byte	.LVL12
 407 016e FB020000 		.4byte	0x2fb
 408 0172 07       		.uleb128 0x7
 409 0173 5C000000 		.4byte	.LVL13
 410 0177 06030000 		.4byte	0x306
 411 017b 86010000 		.4byte	0x186
 412 017f 08       		.uleb128 0x8
 413 0180 01       		.uleb128 0x1
 414 0181 50       		.byte	0x50
 415 0182 02       		.uleb128 0x2
 416 0183 09       		.byte	0x9
 417 0184 FF       		.byte	0xff
 418 0185 00       		.byte	0
 419 0186 06       		.uleb128 0x6
 420 0187 60000000 		.4byte	.LVL14
 421 018b FB020000 		.4byte	0x2fb
 422 018f 07       		.uleb128 0x7
 423 0190 6A000000 		.4byte	.LVL15
 424 0194 06030000 		.4byte	0x306
 425 0198 A3010000 		.4byte	0x1a3
 426 019c 08       		.uleb128 0x8
 427 019d 01       		.uleb128 0x1
 428 019e 50       		.byte	0x50
 429 019f 02       		.uleb128 0x2
 430 01a0 09       		.byte	0x9
 431 01a1 FF       		.byte	0xff
 432 01a2 00       		.byte	0
 433 01a3 06       		.uleb128 0x6
 434 01a4 6E000000 		.4byte	.LVL16
 435 01a8 FB020000 		.4byte	0x2fb
 436 01ac 07       		.uleb128 0x7
 437 01ad 78000000 		.4byte	.LVL17
ARM GAS  C:\Users\JoSracu\AppData\Local\Temp\cc3wpdJx.s 			page 10


 438 01b1 06030000 		.4byte	0x306
 439 01b5 BF010000 		.4byte	0x1bf
 440 01b9 08       		.uleb128 0x8
 441 01ba 01       		.uleb128 0x1
 442 01bb 50       		.byte	0x50
 443 01bc 01       		.uleb128 0x1
 444 01bd 30       		.byte	0x30
 445 01be 00       		.byte	0
 446 01bf 06       		.uleb128 0x6
 447 01c0 7C000000 		.4byte	.LVL18
 448 01c4 FB020000 		.4byte	0x2fb
 449 01c8 07       		.uleb128 0x7
 450 01c9 86000000 		.4byte	.LVL19
 451 01cd 06030000 		.4byte	0x306
 452 01d1 DB010000 		.4byte	0x1db
 453 01d5 08       		.uleb128 0x8
 454 01d6 01       		.uleb128 0x1
 455 01d7 50       		.byte	0x50
 456 01d8 01       		.uleb128 0x1
 457 01d9 30       		.byte	0x30
 458 01da 00       		.byte	0
 459 01db 06       		.uleb128 0x6
 460 01dc 8A000000 		.4byte	.LVL20
 461 01e0 11030000 		.4byte	0x311
 462 01e4 07       		.uleb128 0x7
 463 01e5 92000000 		.4byte	.LVL21
 464 01e9 1C030000 		.4byte	0x31c
 465 01ed F8010000 		.4byte	0x1f8
 466 01f1 08       		.uleb128 0x8
 467 01f2 01       		.uleb128 0x1
 468 01f3 50       		.byte	0x50
 469 01f4 02       		.uleb128 0x2
 470 01f5 09       		.byte	0x9
 471 01f6 BE       		.byte	0xbe
 472 01f7 00       		.byte	0
 473 01f8 06       		.uleb128 0x6
 474 01f9 96000000 		.4byte	.LVL22
 475 01fd 11030000 		.4byte	0x311
 476 0201 07       		.uleb128 0x7
 477 0202 A0000000 		.4byte	.LVL23
 478 0206 1C030000 		.4byte	0x31c
 479 020a 15020000 		.4byte	0x215
 480 020e 08       		.uleb128 0x8
 481 020f 01       		.uleb128 0x1
 482 0210 50       		.byte	0x50
 483 0211 02       		.uleb128 0x2
 484 0212 08       		.byte	0x8
 485 0213 7F       		.byte	0x7f
 486 0214 00       		.byte	0
 487 0215 06       		.uleb128 0x6
 488 0216 A4000000 		.4byte	.LVL24
 489 021a 11030000 		.4byte	0x311
 490 021e 07       		.uleb128 0x7
 491 021f AE000000 		.4byte	.LVL25
 492 0223 1C030000 		.4byte	0x31c
 493 0227 32020000 		.4byte	0x232
 494 022b 08       		.uleb128 0x8
ARM GAS  C:\Users\JoSracu\AppData\Local\Temp\cc3wpdJx.s 			page 11


 495 022c 01       		.uleb128 0x1
 496 022d 50       		.byte	0x50
 497 022e 02       		.uleb128 0x2
 498 022f 08       		.byte	0x8
 499 0230 3F       		.byte	0x3f
 500 0231 00       		.byte	0
 501 0232 06       		.uleb128 0x6
 502 0233 B2000000 		.4byte	.LVL26
 503 0237 11030000 		.4byte	0x311
 504 023b 07       		.uleb128 0x7
 505 023c BC000000 		.4byte	.LVL27
 506 0240 1C030000 		.4byte	0x31c
 507 0244 4F020000 		.4byte	0x24f
 508 0248 08       		.uleb128 0x8
 509 0249 01       		.uleb128 0x1
 510 024a 50       		.byte	0x50
 511 024b 02       		.uleb128 0x2
 512 024c 08       		.byte	0x8
 513 024d 7F       		.byte	0x7f
 514 024e 00       		.byte	0
 515 024f 06       		.uleb128 0x6
 516 0250 C0000000 		.4byte	.LVL28
 517 0254 11030000 		.4byte	0x311
 518 0258 07       		.uleb128 0x7
 519 0259 CA000000 		.4byte	.LVL29
 520 025d 1C030000 		.4byte	0x31c
 521 0261 6C020000 		.4byte	0x26c
 522 0265 08       		.uleb128 0x8
 523 0266 01       		.uleb128 0x1
 524 0267 50       		.byte	0x50
 525 0268 02       		.uleb128 0x2
 526 0269 09       		.byte	0x9
 527 026a FF       		.byte	0xff
 528 026b 00       		.byte	0
 529 026c 06       		.uleb128 0x6
 530 026d CE000000 		.4byte	.LVL30
 531 0271 11030000 		.4byte	0x311
 532 0275 07       		.uleb128 0x7
 533 0276 D8000000 		.4byte	.LVL31
 534 027a 1C030000 		.4byte	0x31c
 535 027e 88020000 		.4byte	0x288
 536 0282 08       		.uleb128 0x8
 537 0283 01       		.uleb128 0x1
 538 0284 50       		.byte	0x50
 539 0285 01       		.uleb128 0x1
 540 0286 30       		.byte	0x30
 541 0287 00       		.byte	0
 542 0288 06       		.uleb128 0x6
 543 0289 DC000000 		.4byte	.LVL32
 544 028d 11030000 		.4byte	0x311
 545 0291 07       		.uleb128 0x7
 546 0292 E6000000 		.4byte	.LVL33
 547 0296 1C030000 		.4byte	0x31c
 548 029a A4020000 		.4byte	0x2a4
 549 029e 08       		.uleb128 0x8
 550 029f 01       		.uleb128 0x1
 551 02a0 50       		.byte	0x50
ARM GAS  C:\Users\JoSracu\AppData\Local\Temp\cc3wpdJx.s 			page 12


 552 02a1 01       		.uleb128 0x1
 553 02a2 30       		.byte	0x30
 554 02a3 00       		.byte	0
 555 02a4 06       		.uleb128 0x6
 556 02a5 EA000000 		.4byte	.LVL34
 557 02a9 11030000 		.4byte	0x311
 558 02ad 09       		.uleb128 0x9
 559 02ae F4000000 		.4byte	.LVL35
 560 02b2 1C030000 		.4byte	0x31c
 561 02b6 08       		.uleb128 0x8
 562 02b7 01       		.uleb128 0x1
 563 02b8 50       		.byte	0x50
 564 02b9 02       		.uleb128 0x2
 565 02ba 09       		.byte	0x9
 566 02bb FF       		.byte	0xff
 567 02bc 00       		.byte	0
 568 02bd 00       		.byte	0
 569 02be 0A       		.uleb128 0xa
 570 02bf C2010000 		.4byte	.LASF28
 571 02c3 08       		.byte	0x8
 572 02c4 1207     		.2byte	0x712
 573 02c6 CA020000 		.4byte	0x2ca
 574 02ca 0B       		.uleb128 0xb
 575 02cb 76000000 		.4byte	0x76
 576 02cf 0C       		.uleb128 0xc
 577 02d0 DB010000 		.4byte	.LASF16
 578 02d4 DB010000 		.4byte	.LASF16
 579 02d8 04       		.byte	0x4
 580 02d9 33       		.byte	0x33
 581 02da 0C       		.uleb128 0xc
 582 02db 37020000 		.4byte	.LASF17
 583 02df 37020000 		.4byte	.LASF17
 584 02e3 05       		.byte	0x5
 585 02e4 33       		.byte	0x33
 586 02e5 0C       		.uleb128 0xc
 587 02e6 08000000 		.4byte	.LASF18
 588 02ea 08000000 		.4byte	.LASF18
 589 02ee 04       		.byte	0x4
 590 02ef 36       		.byte	0x36
 591 02f0 0C       		.uleb128 0xc
 592 02f1 10020000 		.4byte	.LASF19
 593 02f5 10020000 		.4byte	.LASF19
 594 02f9 05       		.byte	0x5
 595 02fa 36       		.byte	0x36
 596 02fb 0C       		.uleb128 0xc
 597 02fc 24000000 		.4byte	.LASF20
 598 0300 24000000 		.4byte	.LASF20
 599 0304 06       		.byte	0x6
 600 0305 29       		.byte	0x29
 601 0306 0C       		.uleb128 0xc
 602 0307 F1010000 		.4byte	.LASF21
 603 030b F1010000 		.4byte	.LASF21
 604 030f 05       		.byte	0x5
 605 0310 37       		.byte	0x37
 606 0311 0C       		.uleb128 0xc
 607 0312 00000000 		.4byte	.LASF22
 608 0316 00000000 		.4byte	.LASF22
ARM GAS  C:\Users\JoSracu\AppData\Local\Temp\cc3wpdJx.s 			page 13


 609 031a 07       		.byte	0x7
 610 031b 29       		.byte	0x29
 611 031c 0C       		.uleb128 0xc
 612 031d 1F020000 		.4byte	.LASF23
 613 0321 1F020000 		.4byte	.LASF23
 614 0325 04       		.byte	0x4
 615 0326 37       		.byte	0x37
 616 0327 00       		.byte	0
 617              		.section	.debug_abbrev,"",%progbits
 618              	.Ldebug_abbrev0:
 619 0000 01       		.uleb128 0x1
 620 0001 11       		.uleb128 0x11
 621 0002 01       		.byte	0x1
 622 0003 25       		.uleb128 0x25
 623 0004 0E       		.uleb128 0xe
 624 0005 13       		.uleb128 0x13
 625 0006 0B       		.uleb128 0xb
 626 0007 03       		.uleb128 0x3
 627 0008 0E       		.uleb128 0xe
 628 0009 1B       		.uleb128 0x1b
 629 000a 0E       		.uleb128 0xe
 630 000b 55       		.uleb128 0x55
 631 000c 17       		.uleb128 0x17
 632 000d 11       		.uleb128 0x11
 633 000e 01       		.uleb128 0x1
 634 000f 10       		.uleb128 0x10
 635 0010 17       		.uleb128 0x17
 636 0011 00       		.byte	0
 637 0012 00       		.byte	0
 638 0013 02       		.uleb128 0x2
 639 0014 24       		.uleb128 0x24
 640 0015 00       		.byte	0
 641 0016 0B       		.uleb128 0xb
 642 0017 0B       		.uleb128 0xb
 643 0018 3E       		.uleb128 0x3e
 644 0019 0B       		.uleb128 0xb
 645 001a 03       		.uleb128 0x3
 646 001b 0E       		.uleb128 0xe
 647 001c 00       		.byte	0
 648 001d 00       		.byte	0
 649 001e 03       		.uleb128 0x3
 650 001f 16       		.uleb128 0x16
 651 0020 00       		.byte	0
 652 0021 03       		.uleb128 0x3
 653 0022 0E       		.uleb128 0xe
 654 0023 3A       		.uleb128 0x3a
 655 0024 0B       		.uleb128 0xb
 656 0025 3B       		.uleb128 0x3b
 657 0026 0B       		.uleb128 0xb
 658 0027 49       		.uleb128 0x49
 659 0028 13       		.uleb128 0x13
 660 0029 00       		.byte	0
 661 002a 00       		.byte	0
 662 002b 04       		.uleb128 0x4
 663 002c 24       		.uleb128 0x24
 664 002d 00       		.byte	0
 665 002e 0B       		.uleb128 0xb
ARM GAS  C:\Users\JoSracu\AppData\Local\Temp\cc3wpdJx.s 			page 14


 666 002f 0B       		.uleb128 0xb
 667 0030 3E       		.uleb128 0x3e
 668 0031 0B       		.uleb128 0xb
 669 0032 03       		.uleb128 0x3
 670 0033 08       		.uleb128 0x8
 671 0034 00       		.byte	0
 672 0035 00       		.byte	0
 673 0036 05       		.uleb128 0x5
 674 0037 2E       		.uleb128 0x2e
 675 0038 01       		.byte	0x1
 676 0039 3F       		.uleb128 0x3f
 677 003a 19       		.uleb128 0x19
 678 003b 03       		.uleb128 0x3
 679 003c 0E       		.uleb128 0xe
 680 003d 3A       		.uleb128 0x3a
 681 003e 0B       		.uleb128 0xb
 682 003f 3B       		.uleb128 0x3b
 683 0040 0B       		.uleb128 0xb
 684 0041 27       		.uleb128 0x27
 685 0042 19       		.uleb128 0x19
 686 0043 49       		.uleb128 0x49
 687 0044 13       		.uleb128 0x13
 688 0045 8701     		.uleb128 0x87
 689 0047 19       		.uleb128 0x19
 690 0048 11       		.uleb128 0x11
 691 0049 01       		.uleb128 0x1
 692 004a 12       		.uleb128 0x12
 693 004b 06       		.uleb128 0x6
 694 004c 40       		.uleb128 0x40
 695 004d 18       		.uleb128 0x18
 696 004e 9742     		.uleb128 0x2117
 697 0050 19       		.uleb128 0x19
 698 0051 01       		.uleb128 0x1
 699 0052 13       		.uleb128 0x13
 700 0053 00       		.byte	0
 701 0054 00       		.byte	0
 702 0055 06       		.uleb128 0x6
 703 0056 898201   		.uleb128 0x4109
 704 0059 00       		.byte	0
 705 005a 11       		.uleb128 0x11
 706 005b 01       		.uleb128 0x1
 707 005c 31       		.uleb128 0x31
 708 005d 13       		.uleb128 0x13
 709 005e 00       		.byte	0
 710 005f 00       		.byte	0
 711 0060 07       		.uleb128 0x7
 712 0061 898201   		.uleb128 0x4109
 713 0064 01       		.byte	0x1
 714 0065 11       		.uleb128 0x11
 715 0066 01       		.uleb128 0x1
 716 0067 31       		.uleb128 0x31
 717 0068 13       		.uleb128 0x13
 718 0069 01       		.uleb128 0x1
 719 006a 13       		.uleb128 0x13
 720 006b 00       		.byte	0
 721 006c 00       		.byte	0
 722 006d 08       		.uleb128 0x8
ARM GAS  C:\Users\JoSracu\AppData\Local\Temp\cc3wpdJx.s 			page 15


 723 006e 8A8201   		.uleb128 0x410a
 724 0071 00       		.byte	0
 725 0072 02       		.uleb128 0x2
 726 0073 18       		.uleb128 0x18
 727 0074 9142     		.uleb128 0x2111
 728 0076 18       		.uleb128 0x18
 729 0077 00       		.byte	0
 730 0078 00       		.byte	0
 731 0079 09       		.uleb128 0x9
 732 007a 898201   		.uleb128 0x4109
 733 007d 01       		.byte	0x1
 734 007e 11       		.uleb128 0x11
 735 007f 01       		.uleb128 0x1
 736 0080 31       		.uleb128 0x31
 737 0081 13       		.uleb128 0x13
 738 0082 00       		.byte	0
 739 0083 00       		.byte	0
 740 0084 0A       		.uleb128 0xa
 741 0085 34       		.uleb128 0x34
 742 0086 00       		.byte	0
 743 0087 03       		.uleb128 0x3
 744 0088 0E       		.uleb128 0xe
 745 0089 3A       		.uleb128 0x3a
 746 008a 0B       		.uleb128 0xb
 747 008b 3B       		.uleb128 0x3b
 748 008c 05       		.uleb128 0x5
 749 008d 49       		.uleb128 0x49
 750 008e 13       		.uleb128 0x13
 751 008f 3F       		.uleb128 0x3f
 752 0090 19       		.uleb128 0x19
 753 0091 3C       		.uleb128 0x3c
 754 0092 19       		.uleb128 0x19
 755 0093 00       		.byte	0
 756 0094 00       		.byte	0
 757 0095 0B       		.uleb128 0xb
 758 0096 35       		.uleb128 0x35
 759 0097 00       		.byte	0
 760 0098 49       		.uleb128 0x49
 761 0099 13       		.uleb128 0x13
 762 009a 00       		.byte	0
 763 009b 00       		.byte	0
 764 009c 0C       		.uleb128 0xc
 765 009d 2E       		.uleb128 0x2e
 766 009e 00       		.byte	0
 767 009f 3F       		.uleb128 0x3f
 768 00a0 19       		.uleb128 0x19
 769 00a1 3C       		.uleb128 0x3c
 770 00a2 19       		.uleb128 0x19
 771 00a3 6E       		.uleb128 0x6e
 772 00a4 0E       		.uleb128 0xe
 773 00a5 03       		.uleb128 0x3
 774 00a6 0E       		.uleb128 0xe
 775 00a7 3A       		.uleb128 0x3a
 776 00a8 0B       		.uleb128 0xb
 777 00a9 3B       		.uleb128 0x3b
 778 00aa 0B       		.uleb128 0xb
 779 00ab 00       		.byte	0
ARM GAS  C:\Users\JoSracu\AppData\Local\Temp\cc3wpdJx.s 			page 16


 780 00ac 00       		.byte	0
 781 00ad 00       		.byte	0
 782              		.section	.debug_aranges,"",%progbits
 783 0000 1C000000 		.4byte	0x1c
 784 0004 0200     		.2byte	0x2
 785 0006 00000000 		.4byte	.Ldebug_info0
 786 000a 04       		.byte	0x4
 787 000b 00       		.byte	0
 788 000c 0000     		.2byte	0
 789 000e 0000     		.2byte	0
 790 0010 00000000 		.4byte	.LFB63
 791 0014 F6000000 		.4byte	.LFE63-.LFB63
 792 0018 00000000 		.4byte	0
 793 001c 00000000 		.4byte	0
 794              		.section	.debug_ranges,"",%progbits
 795              	.Ldebug_ranges0:
 796 0000 00000000 		.4byte	.LFB63
 797 0004 F6000000 		.4byte	.LFE63
 798 0008 00000000 		.4byte	0
 799 000c 00000000 		.4byte	0
 800              		.section	.debug_line,"",%progbits
 801              	.Ldebug_line0:
 802 0000 9F010000 		.section	.debug_str,"MS",%progbits,1
 802      02006501 
 802      00000201 
 802      FB0E0D00 
 802      01010101 
 803              	.LASF22:
 804 0000 53315F52 		.ascii	"S1_Read\000"
 804      65616400 
 805              	.LASF18:
 806 0008 4441435F 		.ascii	"DAC_1_SetRange\000"
 806      315F5365 
 806      7452616E 
 806      676500
 807              	.LASF8:
 808 0017 756E7369 		.ascii	"unsigned int\000"
 808      676E6564 
 808      20696E74 
 808      00
 809              	.LASF20:
 810 0024 53325F52 		.ascii	"S2_Read\000"
 810      65616400 
 811              	.LASF25:
 812 002c 6D61696E 		.ascii	"main.c\000"
 812      2E6300
 813              	.LASF27:
 814 0033 6D61696E 		.ascii	"main\000"
 814      00
 815              	.LASF24:
 816 0038 474E5520 		.ascii	"GNU C11 5.4.1 20160609 (release) [ARM/embedded-5-br"
 816      43313120 
 816      352E342E 
 816      31203230 
 816      31363036 
 817 006b 616E6368 		.ascii	"anch revision 237715] -mcpu=cortex-m3 -mthumb -g -O"
 817      20726576 
ARM GAS  C:\Users\JoSracu\AppData\Local\Temp\cc3wpdJx.s 			page 17


 817      6973696F 
 817      6E203233 
 817      37373135 
 818 009e 67202D66 		.ascii	"g -ffunction-sections -ffat-lto-objects\000"
 818      66756E63 
 818      74696F6E 
 818      2D736563 
 818      74696F6E 
 819              	.LASF10:
 820 00c6 696E7433 		.ascii	"int32_t\000"
 820      325F7400 
 821              	.LASF5:
 822 00ce 6C6F6E67 		.ascii	"long unsigned int\000"
 822      20756E73 
 822      69676E65 
 822      6420696E 
 822      7400
 823              	.LASF7:
 824 00e0 6C6F6E67 		.ascii	"long long unsigned int\000"
 824      206C6F6E 
 824      6720756E 
 824      7369676E 
 824      65642069 
 825              	.LASF3:
 826 00f7 73686F72 		.ascii	"short unsigned int\000"
 826      7420756E 
 826      7369676E 
 826      65642069 
 826      6E7400
 827              	.LASF1:
 828 010a 756E7369 		.ascii	"unsigned char\000"
 828      676E6564 
 828      20636861 
 828      7200
 829              	.LASF13:
 830 0118 63686172 		.ascii	"char\000"
 830      00
 831              	.LASF4:
 832 011d 6C6F6E67 		.ascii	"long int\000"
 832      20696E74 
 832      00
 833              	.LASF12:
 834 0126 646F7562 		.ascii	"double\000"
 834      6C6500
 835              	.LASF26:
 836 012d 433A5C55 		.ascii	"C:\\Users\\JoSracu\\Desktop\\Comunicaciones_Digital"
 836      73657273 
 836      5C4A6F53 
 836      72616375 
 836      5C446573 
 837 015c 65735C43 		.ascii	"es\\Comunicaciones Digitales\\Comunicaciones Digita"
 837      6F6D756E 
 837      69636163 
 837      696F6E65 
 837      73204469 
 838 018d 6C65735C 		.ascii	"les\\Digitales\\Lab1.2.cydsn\000"
 838      44696769 
ARM GAS  C:\Users\JoSracu\AppData\Local\Temp\cc3wpdJx.s 			page 18


 838      74616C65 
 838      735C4C61 
 838      62312E32 
 839              	.LASF6:
 840 01a8 6C6F6E67 		.ascii	"long long int\000"
 840      206C6F6E 
 840      6720696E 
 840      7400
 841              	.LASF15:
 842 01b6 6C6F6E67 		.ascii	"long double\000"
 842      20646F75 
 842      626C6500 
 843              	.LASF28:
 844 01c2 49544D5F 		.ascii	"ITM_RxBuffer\000"
 844      52784275 
 844      66666572 
 844      00
 845              	.LASF0:
 846 01cf 7369676E 		.ascii	"signed char\000"
 846      65642063 
 846      68617200 
 847              	.LASF16:
 848 01db 4441435F 		.ascii	"DAC_1_Start\000"
 848      315F5374 
 848      61727400 
 849              	.LASF9:
 850 01e7 5F5F696E 		.ascii	"__int32_t\000"
 850      7433325F 
 850      7400
 851              	.LASF21:
 852 01f1 4441435F 		.ascii	"DAC_2_SetValue\000"
 852      325F5365 
 852      7456616C 
 852      756500
 853              	.LASF11:
 854 0200 666C6F61 		.ascii	"float\000"
 854      7400
 855              	.LASF2:
 856 0206 73686F72 		.ascii	"short int\000"
 856      7420696E 
 856      7400
 857              	.LASF19:
 858 0210 4441435F 		.ascii	"DAC_2_SetRange\000"
 858      325F5365 
 858      7452616E 
 858      676500
 859              	.LASF23:
 860 021f 4441435F 		.ascii	"DAC_1_SetValue\000"
 860      315F5365 
 860      7456616C 
 860      756500
 861              	.LASF14:
 862 022e 73697A65 		.ascii	"sizetype\000"
 862      74797065 
 862      00
 863              	.LASF17:
 864 0237 4441435F 		.ascii	"DAC_2_Start\000"
ARM GAS  C:\Users\JoSracu\AppData\Local\Temp\cc3wpdJx.s 			page 19


 864      325F5374 
 864      61727400 
 865              		.ident	"GCC: (GNU Tools for ARM Embedded Processors) 5.4.1 20160609 (release) [ARM/embedded-5-bran
