ARM GAS  C:\Users\LUISC-~1\AppData\Local\Temp\ccaYUKcc.s 			page 1


   1              		.syntax unified
   2              		.cpu cortex-m3
   3              		.fpu softvfp
   4              		.eabi_attribute 20, 1
   5              		.eabi_attribute 21, 1
   6              		.eabi_attribute 23, 3
   7              		.eabi_attribute 24, 1
   8              		.eabi_attribute 25, 1
   9              		.eabi_attribute 26, 1
  10              		.eabi_attribute 30, 1
  11              		.eabi_attribute 34, 1
  12              		.eabi_attribute 18, 4
  13              		.thumb
  14              		.syntax unified
  15              		.file	"cymetadata.c"
  16              		.text
  17              	.Ltext0:
  18              		.cfi_sections	.debug_frame
  19              		.global	cy_metadata
  20              		.global	cy_meta_flashprotect
  21              		.global	cy_meta_wonvl
  22              		.global	cy_meta_custnvl
  23              		.global	cy_meta_configecc
  24              		.section	.cyconfigecc,"a",%progbits
  25              		.align	2
  26              		.type	cy_meta_configecc, %object
  27              		.size	cy_meta_configecc, 572
  28              	cy_meta_configecc:
  29 0000 06       		.byte	6
  30 0001 52       		.byte	82
  31 0002 00       		.byte	0
  32 0003 40       		.byte	64
  33 0004 02       		.byte	2
  34 0005 5A       		.byte	90
  35 0006 00       		.byte	0
  36 0007 40       		.byte	64
  37 0008 01       		.byte	1
  38 0009 5B       		.byte	91
  39 000a 00       		.byte	0
  40 000b 40       		.byte	64
  41 000c 04       		.byte	4
  42 000d 07       		.byte	7
  43 000e 01       		.byte	1
  44 000f 40       		.byte	64
  45 0010 02       		.byte	2
  46 0011 09       		.byte	9
  47 0012 01       		.byte	1
  48 0013 40       		.byte	64
  49 0014 25       		.byte	37
  50 0015 14       		.byte	20
  51 0016 01       		.byte	1
  52 0017 40       		.byte	64
  53 0018 2A       		.byte	42
  54 0019 15       		.byte	21
  55 001a 01       		.byte	1
  56 001b 40       		.byte	64
  57 001c 18       		.byte	24
ARM GAS  C:\Users\LUISC-~1\AppData\Local\Temp\ccaYUKcc.s 			page 2


  58 001d 16       		.byte	22
  59 001e 01       		.byte	1
  60 001f 40       		.byte	64
  61 0020 11       		.byte	17
  62 0021 17       		.byte	23
  63 0022 01       		.byte	1
  64 0023 40       		.byte	64
  65 0024 01       		.byte	1
  66 0025 19       		.byte	25
  67 0026 01       		.byte	1
  68 0027 40       		.byte	64
  69 0028 02       		.byte	2
  70 0029 1B       		.byte	27
  71 002a 01       		.byte	1
  72 002b 40       		.byte	64
  73 002c 03       		.byte	3
  74 002d 40       		.byte	64
  75 002e 01       		.byte	1
  76 002f 40       		.byte	64
  77 0030 06       		.byte	6
  78 0031 41       		.byte	65
  79 0032 01       		.byte	1
  80 0033 40       		.byte	64
  81 0034 04       		.byte	4
  82 0035 42       		.byte	66
  83 0036 01       		.byte	1
  84 0037 40       		.byte	64
  85 0038 08       		.byte	8
  86 0039 43       		.byte	67
  87 003a 01       		.byte	1
  88 003b 40       		.byte	64
  89 003c 0B       		.byte	11
  90 003d 45       		.byte	69
  91 003e 01       		.byte	1
  92 003f 40       		.byte	64
  93 0040 08       		.byte	8
  94 0041 46       		.byte	70
  95 0042 01       		.byte	1
  96 0043 40       		.byte	64
  97 0044 06       		.byte	6
  98 0045 47       		.byte	71
  99 0046 01       		.byte	1
 100 0047 40       		.byte	64
 101 0048 06       		.byte	6
 102 0049 48       		.byte	72
 103 004a 01       		.byte	1
 104 004b 40       		.byte	64
 105 004c 08       		.byte	8
 106 004d 49       		.byte	73
 107 004e 01       		.byte	1
 108 004f 40       		.byte	64
 109 0050 0B       		.byte	11
 110 0051 4C       		.byte	76
 111 0052 01       		.byte	1
 112 0053 40       		.byte	64
 113 0054 06       		.byte	6
 114 0055 4D       		.byte	77
ARM GAS  C:\Users\LUISC-~1\AppData\Local\Temp\ccaYUKcc.s 			page 3


 115 0056 01       		.byte	1
 116 0057 40       		.byte	64
 117 0058 02       		.byte	2
 118 0059 50       		.byte	80
 119 005a 01       		.byte	1
 120 005b 40       		.byte	64
 121 005c 01       		.byte	1
 122 005d 51       		.byte	81
 123 005e 01       		.byte	1
 124 005f 40       		.byte	64
 125 0060 00       		.byte	0
 126 0061 C0       		.byte	-64
 127 0062 01       		.byte	1
 128 0063 60       		.byte	96
 129 0064 08       		.byte	8
 130 0065 10       		.byte	16
 131 0066 10       		.byte	16
 132 0067 12       		.byte	18
 133 0068 11       		.byte	17
 134 0069 39       		.byte	57
 135 006a 60       		.byte	96
 136 006b 08       		.byte	8
 137 006c 8F       		.byte	-113
 138 006d 01       		.byte	1
 139 006e 97       		.byte	-105
 140 006f 01       		.byte	1
 141 0070 27       		.byte	39
 142 0071 21       		.byte	33
 143 0072 8D       		.byte	-115
 144 0073 10       		.byte	16
 145 0074 E0       		.byte	-32
 146 0075 02       		.byte	2
 147 0076 E2       		.byte	-30
 148 0077 40       		.byte	64
 149 0078 EE       		.byte	-18
 150 0079 04       		.byte	4
 151 007a E0       		.byte	-32
 152 007b 02       		.byte	2
 153 007c EE       		.byte	-18
 154 007d 04       		.byte	4
 155 007e 04       		.byte	4
 156 007f 01       		.byte	1
 157 0080 06       		.byte	6
 158 0081 02       		.byte	2
 159 0082 10       		.byte	16
 160 0083 03       		.byte	3
 161 0084 30       		.byte	48
 162 0085 02       		.byte	2
 163 0086 34       		.byte	52
 164 0087 01       		.byte	1
 165 0088 58       		.byte	88
 166 0089 04       		.byte	4
 167 008a 5F       		.byte	95
 168 008b 01       		.byte	1
 169 008c 8A       		.byte	-118
 170 008d 80       		.byte	-128
 171 008e 8C       		.byte	-116
ARM GAS  C:\Users\LUISC-~1\AppData\Local\Temp\ccaYUKcc.s 			page 4


 172 008f 07       		.byte	7
 173 0090 8E       		.byte	-114
 174 0091 18       		.byte	24
 175 0092 8F       		.byte	-113
 176 0093 02       		.byte	2
 177 0094 93       		.byte	-109
 178 0095 04       		.byte	4
 179 0096 96       		.byte	-106
 180 0097 40       		.byte	64
 181 0098 98       		.byte	-104
 182 0099 38       		.byte	56
 183 009a 9A       		.byte	-102
 184 009b 03       		.byte	3
 185 009c 9B       		.byte	-101
 186 009d 01       		.byte	1
 187 009e 9C       		.byte	-100
 188 009f 01       		.byte	1
 189 00a0 9E       		.byte	-98
 190 00a1 26       		.byte	38
 191 00a2 A4       		.byte	-92
 192 00a3 02       		.byte	2
 193 00a4 A5       		.byte	-91
 194 00a5 02       		.byte	2
 195 00a6 A6       		.byte	-90
 196 00a7 0D       		.byte	13
 197 00a8 A8       		.byte	-88
 198 00a9 02       		.byte	2
 199 00aa AA       		.byte	-86
 200 00ab 34       		.byte	52
 201 00ac AB       		.byte	-85
 202 00ad 08       		.byte	8
 203 00ae B0       		.byte	-80
 204 00af 80       		.byte	-128
 205 00b0 B1       		.byte	-79
 206 00b1 08       		.byte	8
 207 00b2 B2       		.byte	-78
 208 00b3 3F       		.byte	63
 209 00b4 B3       		.byte	-77
 210 00b5 01       		.byte	1
 211 00b6 B4       		.byte	-76
 212 00b7 40       		.byte	64
 213 00b8 B5       		.byte	-75
 214 00b9 02       		.byte	2
 215 00ba B6       		.byte	-74
 216 00bb 3F       		.byte	63
 217 00bc B7       		.byte	-73
 218 00bd 04       		.byte	4
 219 00be BE       		.byte	-66
 220 00bf 40       		.byte	64
 221 00c0 BF       		.byte	-65
 222 00c1 10       		.byte	16
 223 00c2 D8       		.byte	-40
 224 00c3 04       		.byte	4
 225 00c4 D9       		.byte	-39
 226 00c5 0A       		.byte	10
 227 00c6 DF       		.byte	-33
 228 00c7 01       		.byte	1
ARM GAS  C:\Users\LUISC-~1\AppData\Local\Temp\ccaYUKcc.s 			page 5


 229 00c8 03       		.byte	3
 230 00c9 20       		.byte	32
 231 00ca 05       		.byte	5
 232 00cb 50       		.byte	80
 233 00cc 0A       		.byte	10
 234 00cd 40       		.byte	64
 235 00ce 0E       		.byte	14
 236 00cf 29       		.byte	41
 237 00d0 17       		.byte	23
 238 00d1 28       		.byte	40
 239 00d2 1A       		.byte	26
 240 00d3 40       		.byte	64
 241 00d4 1B       		.byte	27
 242 00d5 20       		.byte	32
 243 00d6 1D       		.byte	29
 244 00d7 91       		.byte	-111
 245 00d8 1E       		.byte	30
 246 00d9 20       		.byte	32
 247 00da 1F       		.byte	31
 248 00db 08       		.byte	8
 249 00dc 24       		.byte	36
 250 00dd 81       		.byte	-127
 251 00de 25       		.byte	37
 252 00df 08       		.byte	8
 253 00e0 26       		.byte	38
 254 00e1 20       		.byte	32
 255 00e2 2F       		.byte	47
 256 00e3 28       		.byte	40
 257 00e4 35       		.byte	53
 258 00e5 11       		.byte	17
 259 00e6 3E       		.byte	62
 260 00e7 40       		.byte	64
 261 00e8 7E       		.byte	126
 262 00e9 20       		.byte	32
 263 00ea 89       		.byte	-119
 264 00eb 88       		.byte	-120
 265 00ec 8C       		.byte	-116
 266 00ed 01       		.byte	1
 267 00ee 8D       		.byte	-115
 268 00ef 01       		.byte	1
 269 00f0 92       		.byte	-110
 270 00f1 01       		.byte	1
 271 00f2 94       		.byte	-108
 272 00f3 80       		.byte	-128
 273 00f4 99       		.byte	-103
 274 00f5 40       		.byte	64
 275 00f6 9B       		.byte	-101
 276 00f7 28       		.byte	40
 277 00f8 9D       		.byte	-99
 278 00f9 10       		.byte	16
 279 00fa A2       		.byte	-94
 280 00fb 04       		.byte	4
 281 00fc A6       		.byte	-90
 282 00fd 20       		.byte	32
 283 00fe A7       		.byte	-89
 284 00ff 08       		.byte	8
 285 0100 AC       		.byte	-84
ARM GAS  C:\Users\LUISC-~1\AppData\Local\Temp\ccaYUKcc.s 			page 6


 286 0101 10       		.byte	16
 287 0102 AE       		.byte	-82
 288 0103 01       		.byte	1
 289 0104 B3       		.byte	-77
 290 0105 08       		.byte	8
 291 0106 C0       		.byte	-64
 292 0107 C4       		.byte	-60
 293 0108 C2       		.byte	-62
 294 0109 E8       		.byte	-24
 295 010a C4       		.byte	-60
 296 010b 60       		.byte	96
 297 010c CA       		.byte	-54
 298 010d 60       		.byte	96
 299 010e CC       		.byte	-52
 300 010f A0       		.byte	-96
 301 0110 CE       		.byte	-50
 302 0111 10       		.byte	16
 303 0112 DE       		.byte	-34
 304 0113 40       		.byte	64
 305 0114 E2       		.byte	-30
 306 0115 20       		.byte	32
 307 0116 E6       		.byte	-26
 308 0117 40       		.byte	64
 309 0118 EA       		.byte	-22
 310 0119 20       		.byte	32
 311 011a EE       		.byte	-18
 312 011b 08       		.byte	8
 313 011c 10       		.byte	16
 314 011d 52       		.byte	82
 315 011e 12       		.byte	18
 316 011f 29       		.byte	41
 317 0120 15       		.byte	21
 318 0121 01       		.byte	1
 319 0122 16       		.byte	22
 320 0123 36       		.byte	54
 321 0124 17       		.byte	23
 322 0125 02       		.byte	2
 323 0126 18       		.byte	24
 324 0127 04       		.byte	4
 325 0128 19       		.byte	25
 326 0129 06       		.byte	6
 327 012a 1A       		.byte	26
 328 012b 0A       		.byte	10
 329 012c 1B       		.byte	27
 330 012d 01       		.byte	1
 331 012e 1E       		.byte	30
 332 012f 05       		.byte	5
 333 0130 26       		.byte	38
 334 0131 56       		.byte	86
 335 0132 2A       		.byte	42
 336 0133 56       		.byte	86
 337 0134 2D       		.byte	45
 338 0135 07       		.byte	7
 339 0136 30       		.byte	48
 340 0137 04       		.byte	4
 341 0138 32       		.byte	50
 342 0139 60       		.byte	96
ARM GAS  C:\Users\LUISC-~1\AppData\Local\Temp\ccaYUKcc.s 			page 7


 343 013a 33       		.byte	51
 344 013b 04       		.byte	4
 345 013c 34       		.byte	52
 346 013d 18       		.byte	24
 347 013e 35       		.byte	53
 348 013f 03       		.byte	3
 349 0140 36       		.byte	54
 350 0141 03       		.byte	3
 351 0142 3A       		.byte	58
 352 0143 A8       		.byte	-88
 353 0144 3E       		.byte	62
 354 0145 01       		.byte	1
 355 0146 58       		.byte	88
 356 0147 04       		.byte	4
 357 0148 59       		.byte	89
 358 0149 04       		.byte	4
 359 014a 5F       		.byte	95
 360 014b 01       		.byte	1
 361 014c 0E       		.byte	14
 362 014d AA       		.byte	-86
 363 014e 17       		.byte	23
 364 014f 28       		.byte	40
 365 0150 1C       		.byte	28
 366 0151 20       		.byte	32
 367 0152 1D       		.byte	29
 368 0153 40       		.byte	64
 369 0154 1E       		.byte	30
 370 0155 AA       		.byte	-86
 371 0156 1F       		.byte	31
 372 0157 02       		.byte	2
 373 0158 27       		.byte	39
 374 0159 28       		.byte	40
 375 015a 2F       		.byte	47
 376 015b 02       		.byte	2
 377 015c 37       		.byte	55
 378 015d 28       		.byte	40
 379 015e 86       		.byte	-122
 380 015f 20       		.byte	32
 381 0160 8C       		.byte	-116
 382 0161 40       		.byte	64
 383 0162 9D       		.byte	-99
 384 0163 10       		.byte	16
 385 0164 C2       		.byte	-62
 386 0165 F0       		.byte	-16
 387 0166 C4       		.byte	-60
 388 0167 60       		.byte	96
 389 0168 CA       		.byte	-54
 390 0169 10       		.byte	16
 391 016a CC       		.byte	-52
 392 016b 60       		.byte	96
 393 016c E4       		.byte	-28
 394 016d 02       		.byte	2
 395 016e E4       		.byte	-28
 396 016f 12       		.byte	18
 397 0170 E4       		.byte	-28
 398 0171 30       		.byte	48
 399 0172 EE       		.byte	-18
ARM GAS  C:\Users\LUISC-~1\AppData\Local\Temp\ccaYUKcc.s 			page 8


 400 0173 08       		.byte	8
 401 0174 33       		.byte	51
 402 0175 20       		.byte	32
 403 0176 36       		.byte	54
 404 0177 80       		.byte	-128
 405 0178 CC       		.byte	-52
 406 0179 30       		.byte	48
 407 017a 60       		.byte	96
 408 017b 80       		.byte	-128
 409 017c 65       		.byte	101
 410 017d 88       		.byte	-120
 411 017e A6       		.byte	-90
 412 017f 80       		.byte	-128
 413 0180 A7       		.byte	-89
 414 0181 20       		.byte	32
 415 0182 D6       		.byte	-42
 416 0183 80       		.byte	-128
 417 0184 D8       		.byte	-40
 418 0185 C0       		.byte	-64
 419 0186 9C       		.byte	-100
 420 0187 80       		.byte	-128
 421 0188 9D       		.byte	-99
 422 0189 88       		.byte	-120
 423 018a A6       		.byte	-90
 424 018b 80       		.byte	-128
 425 018c A7       		.byte	-89
 426 018d 20       		.byte	32
 427 018e 85       		.byte	-123
 428 018f 40       		.byte	64
 429 0190 8D       		.byte	-115
 430 0191 08       		.byte	8
 431 0192 9C       		.byte	-100
 432 0193 80       		.byte	-128
 433 0194 9D       		.byte	-99
 434 0195 88       		.byte	-120
 435 0196 A6       		.byte	-90
 436 0197 80       		.byte	-128
 437 0198 AB       		.byte	-85
 438 0199 20       		.byte	32
 439 019a E0       		.byte	-32
 440 019b 40       		.byte	64
 441 019c EE       		.byte	-18
 442 019d 20       		.byte	32
 443 019e 32       		.byte	50
 444 019f 20       		.byte	32
 445 01a0 51       		.byte	81
 446 01a1 0A       		.byte	10
 447 01a2 54       		.byte	84
 448 01a3 20       		.byte	32
 449 01a4 56       		.byte	86
 450 01a5 04       		.byte	4
 451 01a6 5A       		.byte	90
 452 01a7 04       		.byte	4
 453 01a8 61       		.byte	97
 454 01a9 08       		.byte	8
 455 01aa 66       		.byte	102
 456 01ab 04       		.byte	4
ARM GAS  C:\Users\LUISC-~1\AppData\Local\Temp\ccaYUKcc.s 			page 9


 457 01ac CC       		.byte	-52
 458 01ad 08       		.byte	8
 459 01ae D4       		.byte	-44
 460 01af 07       		.byte	7
 461 01b0 D6       		.byte	-42
 462 01b1 02       		.byte	2
 463 01b2 D8       		.byte	-40
 464 01b3 03       		.byte	3
 465 01b4 1B       		.byte	27
 466 01b5 04       		.byte	4
 467 01b6 32       		.byte	50
 468 01b7 20       		.byte	32
 469 01b8 96       		.byte	-106
 470 01b9 04       		.byte	4
 471 01ba A4       		.byte	-92
 472 01bb 20       		.byte	32
 473 01bc A5       		.byte	-91
 474 01bd 0A       		.byte	10
 475 01be A6       		.byte	-90
 476 01bf 20       		.byte	32
 477 01c0 C6       		.byte	-58
 478 01c1 08       		.byte	8
 479 01c2 CC       		.byte	-52
 480 01c3 08       		.byte	8
 481 01c4 86       		.byte	-122
 482 01c5 04       		.byte	4
 483 01c6 96       		.byte	-106
 484 01c7 04       		.byte	4
 485 01c8 A4       		.byte	-92
 486 01c9 20       		.byte	32
 487 01ca A5       		.byte	-91
 488 01cb 0A       		.byte	10
 489 01cc A6       		.byte	-90
 490 01cd 20       		.byte	32
 491 01ce AB       		.byte	-85
 492 01cf 04       		.byte	4
 493 01d0 25       		.byte	37
 494 01d1 40       		.byte	64
 495 01d2 9C       		.byte	-100
 496 01d3 80       		.byte	-128
 497 01d4 9D       		.byte	-99
 498 01d5 80       		.byte	-128
 499 01d6 A5       		.byte	-91
 500 01d7 40       		.byte	64
 501 01d8 A6       		.byte	-90
 502 01d9 80       		.byte	-128
 503 01da C8       		.byte	-56
 504 01db 20       		.byte	32
 505 01dc 74       		.byte	116
 506 01dd 04       		.byte	4
 507 01de 88       		.byte	-120
 508 01df 04       		.byte	4
 509 01e0 8D       		.byte	-115
 510 01e1 80       		.byte	-128
 511 01e2 9D       		.byte	-99
 512 01e3 80       		.byte	-128
 513 01e4 AE       		.byte	-82
ARM GAS  C:\Users\LUISC-~1\AppData\Local\Temp\ccaYUKcc.s 			page 10


 514 01e5 80       		.byte	-128
 515 01e6 B0       		.byte	-80
 516 01e7 80       		.byte	-128
 517 01e8 DE       		.byte	-34
 518 01e9 20       		.byte	32
 519 01ea EE       		.byte	-18
 520 01eb 10       		.byte	16
 521 01ec 1F       		.byte	31
 522 01ed 80       		.byte	-128
 523 01ee 5E       		.byte	94
 524 01ef 04       		.byte	4
 525 01f0 86       		.byte	-122
 526 01f1 20       		.byte	32
 527 01f2 8D       		.byte	-115
 528 01f3 02       		.byte	2
 529 01f4 92       		.byte	-110
 530 01f5 04       		.byte	4
 531 01f6 A4       		.byte	-92
 532 01f7 20       		.byte	32
 533 01f8 A5       		.byte	-91
 534 01f9 0A       		.byte	10
 535 01fa A6       		.byte	-90
 536 01fb 20       		.byte	32
 537 01fc C6       		.byte	-58
 538 01fd 01       		.byte	1
 539 01fe D6       		.byte	-42
 540 01ff 01       		.byte	1
 541 0200 E4       		.byte	-28
 542 0201 08       		.byte	8
 543 0202 88       		.byte	-120
 544 0203 20       		.byte	32
 545 0204 8D       		.byte	-115
 546 0205 08       		.byte	8
 547 0206 A4       		.byte	-92
 548 0207 20       		.byte	32
 549 0208 A5       		.byte	-91
 550 0209 08       		.byte	8
 551 020a AF       		.byte	-81
 552 020b 80       		.byte	-128
 553 020c E4       		.byte	-28
 554 020d 0C       		.byte	12
 555 020e 10       		.byte	16
 556 020f 01       		.byte	1
 557 0210 1A       		.byte	26
 558 0211 01       		.byte	1
 559 0212 00       		.byte	0
 560 0213 0F       		.byte	15
 561 0214 00       		.byte	0
 562 0215 E1       		.byte	-31
 563 0216 E1       		.byte	-31
 564 0217 00       		.byte	0
 565 0218 E0       		.byte	-32
 566 0219 00       		.byte	0
 567 021a 14       		.byte	20
 568 021b 00       		.byte	0
 569 021c 00       		.byte	0
 570 021d 08       		.byte	8
ARM GAS  C:\Users\LUISC-~1\AppData\Local\Temp\ccaYUKcc.s 			page 11


 571 021e 08       		.byte	8
 572 021f 00       		.byte	0
 573 0220 08       		.byte	8
 574 0221 00       		.byte	0
 575 0222 00       		.byte	0
 576 0223 00       		.byte	0
 577 0224 00       		.byte	0
 578 0225 1B       		.byte	27
 579 0226 1B       		.byte	27
 580 0227 00       		.byte	0
 581 0228 10       		.byte	16
 582 0229 00       		.byte	0
 583 022a 80       		.byte	-128
 584 022b 00       		.byte	0
 585 022c 00       		.byte	0
 586 022d BF       		.byte	-65
 587 022e BF       		.byte	-65
 588 022f 00       		.byte	0
 589 0230 BF       		.byte	-65
 590 0231 00       		.byte	0
 591 0232 40       		.byte	64
 592 0233 00       		.byte	0
 593 0234 01       		.byte	1
 594 0235 00       		.byte	0
 595 0236 18       		.byte	24
 596 0237 01       		.byte	1
 597 0238 01       		.byte	1
 598 0239 00       		.byte	0
 599 023a 18       		.byte	24
 600 023b 01       		.byte	1
 601              		.section	.cywolatch,"a",%progbits
 602              		.align	2
 603              		.type	cy_meta_wonvl, %object
 604              		.size	cy_meta_wonvl, 4
 605              	cy_meta_wonvl:
 606 0000 BC       		.byte	-68
 607 0001 90       		.byte	-112
 608 0002 AC       		.byte	-84
 609 0003 AF       		.byte	-81
 610              		.section	.cycustnvl,"a",%progbits
 611              		.align	2
 612              		.type	cy_meta_custnvl, %object
 613              		.size	cy_meta_custnvl, 4
 614              	cy_meta_custnvl:
 615 0000 00       		.byte	0
 616 0001 00       		.byte	0
 617 0002 40       		.byte	64
 618 0003 05       		.byte	5
 619              		.section	.cymeta,"a",%progbits
 620              		.align	2
 621              		.type	cy_metadata, %object
 622              		.size	cy_metadata, 12
 623              	cy_metadata:
 624 0000 00       		.byte	0
 625 0001 01       		.byte	1
 626 0002 2E       		.byte	46
 627 0003 16       		.byte	22
ARM GAS  C:\Users\LUISC-~1\AppData\Local\Temp\ccaYUKcc.s 			page 12


 628 0004 10       		.byte	16
 629 0005 69       		.byte	105
 630 0006 00       		.byte	0
 631 0007 01       		.byte	1
 632 0008 00       		.byte	0
 633 0009 00       		.byte	0
 634 000a 00       		.byte	0
 635 000b 00       		.byte	0
 636              		.section	.cyflashprotect,"a",%progbits
 637              		.align	2
 638              		.type	cy_meta_flashprotect, %object
 639              		.size	cy_meta_flashprotect, 256
 640              	cy_meta_flashprotect:
 641 0000 00000000 		.space	256
 641      00000000 
 641      00000000 
 641      00000000 
 641      00000000 
 642              		.text
 643              	.Letext0:
 644              		.file 1 "c:\\program files (x86)\\cypress\\psoc creator\\4.4\\psoc creator\\import\\gnu\\arm\\5.4.
 645              		.file 2 "c:\\program files (x86)\\cypress\\psoc creator\\4.4\\psoc creator\\import\\gnu\\arm\\5.4.
 646              		.file 3 "Generated_Source\\PSoC5\\cymetadata.c"
 647              		.section	.debug_info,"",%progbits
 648              	.Ldebug_info0:
 649 0000 31010000 		.4byte	0x131
 650 0004 0400     		.2byte	0x4
 651 0006 00000000 		.4byte	.Ldebug_abbrev0
 652 000a 04       		.byte	0x4
 653 000b 01       		.uleb128 0x1
 654 000c 24000000 		.4byte	.LASF17
 655 0010 0C       		.byte	0xc
 656 0011 02020000 		.4byte	.LASF18
 657 0015 25010000 		.4byte	.LASF19
 658 0019 00000000 		.4byte	.Ldebug_line0
 659 001d 02       		.uleb128 0x2
 660 001e 01       		.byte	0x1
 661 001f 06       		.byte	0x6
 662 0020 F6010000 		.4byte	.LASF0
 663 0024 03       		.uleb128 0x3
 664 0025 00000000 		.4byte	.LASF9
 665 0029 01       		.byte	0x1
 666 002a 1D       		.byte	0x1d
 667 002b 2F000000 		.4byte	0x2f
 668 002f 02       		.uleb128 0x2
 669 0030 01       		.byte	0x1
 670 0031 08       		.byte	0x8
 671 0032 16000000 		.4byte	.LASF1
 672 0036 02       		.uleb128 0x2
 673 0037 02       		.byte	0x2
 674 0038 05       		.byte	0x5
 675 0039 E3010000 		.4byte	.LASF2
 676 003d 02       		.uleb128 0x2
 677 003e 02       		.byte	0x2
 678 003f 07       		.byte	0x7
 679 0040 C4000000 		.4byte	.LASF3
 680 0044 02       		.uleb128 0x2
ARM GAS  C:\Users\LUISC-~1\AppData\Local\Temp\ccaYUKcc.s 			page 13


 681 0045 04       		.byte	0x4
 682 0046 05       		.byte	0x5
 683 0047 ED010000 		.4byte	.LASF4
 684 004b 02       		.uleb128 0x2
 685 004c 04       		.byte	0x4
 686 004d 07       		.byte	0x7
 687 004e B2000000 		.4byte	.LASF5
 688 0052 02       		.uleb128 0x2
 689 0053 08       		.byte	0x8
 690 0054 05       		.byte	0x5
 691 0055 D5010000 		.4byte	.LASF6
 692 0059 02       		.uleb128 0x2
 693 005a 08       		.byte	0x8
 694 005b 07       		.byte	0x7
 695 005c 06010000 		.4byte	.LASF7
 696 0060 04       		.uleb128 0x4
 697 0061 04       		.byte	0x4
 698 0062 05       		.byte	0x5
 699 0063 696E7400 		.ascii	"int\000"
 700 0067 02       		.uleb128 0x2
 701 0068 04       		.byte	0x4
 702 0069 07       		.byte	0x7
 703 006a F9000000 		.4byte	.LASF8
 704 006e 03       		.uleb128 0x3
 705 006f 1D010000 		.4byte	.LASF10
 706 0073 02       		.byte	0x2
 707 0074 18       		.byte	0x18
 708 0075 24000000 		.4byte	0x24
 709 0079 05       		.uleb128 0x5
 710 007a 91000000 		.4byte	0x91
 711 007e 8A000000 		.4byte	0x8a
 712 0082 06       		.uleb128 0x6
 713 0083 8A000000 		.4byte	0x8a
 714 0087 3B02     		.2byte	0x23b
 715 0089 00       		.byte	0
 716 008a 02       		.uleb128 0x2
 717 008b 04       		.byte	0x4
 718 008c 07       		.byte	0x7
 719 008d CC010000 		.4byte	.LASF11
 720 0091 07       		.uleb128 0x7
 721 0092 6E000000 		.4byte	0x6e
 722 0096 08       		.uleb128 0x8
 723 0097 E7000000 		.4byte	.LASF12
 724 009b 03       		.byte	0x3
 725 009c 1F       		.byte	0x1f
 726 009d A7000000 		.4byte	0xa7
 727 00a1 05       		.uleb128 0x5
 728 00a2 03       		.byte	0x3
 729 00a3 00000000 		.4byte	cy_meta_configecc
 730 00a7 07       		.uleb128 0x7
 731 00a8 79000000 		.4byte	0x79
 732 00ac 05       		.uleb128 0x5
 733 00ad 91000000 		.4byte	0x91
 734 00b1 BC000000 		.4byte	0xbc
 735 00b5 09       		.uleb128 0x9
 736 00b6 8A000000 		.4byte	0x8a
 737 00ba 03       		.byte	0x3
ARM GAS  C:\Users\LUISC-~1\AppData\Local\Temp\ccaYUKcc.s 			page 14


 738 00bb 00       		.byte	0
 739 00bc 08       		.uleb128 0x8
 740 00bd D7000000 		.4byte	.LASF13
 741 00c1 03       		.byte	0x3
 742 00c2 74       		.byte	0x74
 743 00c3 CD000000 		.4byte	0xcd
 744 00c7 05       		.uleb128 0x5
 745 00c8 03       		.byte	0x3
 746 00c9 00000000 		.4byte	cy_meta_custnvl
 747 00cd 07       		.uleb128 0x7
 748 00ce AC000000 		.4byte	0xac
 749 00d2 08       		.uleb128 0x8
 750 00d3 BE010000 		.4byte	.LASF14
 751 00d7 03       		.byte	0x3
 752 00d8 82       		.byte	0x82
 753 00d9 E3000000 		.4byte	0xe3
 754 00dd 05       		.uleb128 0x5
 755 00de 03       		.byte	0x3
 756 00df 00000000 		.4byte	cy_meta_wonvl
 757 00e3 07       		.uleb128 0x7
 758 00e4 AC000000 		.4byte	0xac
 759 00e8 05       		.uleb128 0x5
 760 00e9 91000000 		.4byte	0x91
 761 00ed F8000000 		.4byte	0xf8
 762 00f1 09       		.uleb128 0x9
 763 00f2 8A000000 		.4byte	0x8a
 764 00f6 FF       		.byte	0xff
 765 00f7 00       		.byte	0
 766 00f8 08       		.uleb128 0x8
 767 00f9 A9010000 		.4byte	.LASF15
 768 00fd 03       		.byte	0x3
 769 00fe 90       		.byte	0x90
 770 00ff 09010000 		.4byte	0x109
 771 0103 05       		.uleb128 0x5
 772 0104 03       		.byte	0x3
 773 0105 00000000 		.4byte	cy_meta_flashprotect
 774 0109 07       		.uleb128 0x7
 775 010a E8000000 		.4byte	0xe8
 776 010e 05       		.uleb128 0x5
 777 010f 91000000 		.4byte	0x91
 778 0113 1E010000 		.4byte	0x11e
 779 0117 09       		.uleb128 0x9
 780 0118 8A000000 		.4byte	0x8a
 781 011c 0B       		.byte	0xb
 782 011d 00       		.byte	0
 783 011e 08       		.uleb128 0x8
 784 011f 0A000000 		.4byte	.LASF16
 785 0123 03       		.byte	0x3
 786 0124 BD       		.byte	0xbd
 787 0125 2F010000 		.4byte	0x12f
 788 0129 05       		.uleb128 0x5
 789 012a 03       		.byte	0x3
 790 012b 00000000 		.4byte	cy_metadata
 791 012f 07       		.uleb128 0x7
 792 0130 0E010000 		.4byte	0x10e
 793 0134 00       		.byte	0
 794              		.section	.debug_abbrev,"",%progbits
ARM GAS  C:\Users\LUISC-~1\AppData\Local\Temp\ccaYUKcc.s 			page 15


 795              	.Ldebug_abbrev0:
 796 0000 01       		.uleb128 0x1
 797 0001 11       		.uleb128 0x11
 798 0002 01       		.byte	0x1
 799 0003 25       		.uleb128 0x25
 800 0004 0E       		.uleb128 0xe
 801 0005 13       		.uleb128 0x13
 802 0006 0B       		.uleb128 0xb
 803 0007 03       		.uleb128 0x3
 804 0008 0E       		.uleb128 0xe
 805 0009 1B       		.uleb128 0x1b
 806 000a 0E       		.uleb128 0xe
 807 000b 10       		.uleb128 0x10
 808 000c 17       		.uleb128 0x17
 809 000d 00       		.byte	0
 810 000e 00       		.byte	0
 811 000f 02       		.uleb128 0x2
 812 0010 24       		.uleb128 0x24
 813 0011 00       		.byte	0
 814 0012 0B       		.uleb128 0xb
 815 0013 0B       		.uleb128 0xb
 816 0014 3E       		.uleb128 0x3e
 817 0015 0B       		.uleb128 0xb
 818 0016 03       		.uleb128 0x3
 819 0017 0E       		.uleb128 0xe
 820 0018 00       		.byte	0
 821 0019 00       		.byte	0
 822 001a 03       		.uleb128 0x3
 823 001b 16       		.uleb128 0x16
 824 001c 00       		.byte	0
 825 001d 03       		.uleb128 0x3
 826 001e 0E       		.uleb128 0xe
 827 001f 3A       		.uleb128 0x3a
 828 0020 0B       		.uleb128 0xb
 829 0021 3B       		.uleb128 0x3b
 830 0022 0B       		.uleb128 0xb
 831 0023 49       		.uleb128 0x49
 832 0024 13       		.uleb128 0x13
 833 0025 00       		.byte	0
 834 0026 00       		.byte	0
 835 0027 04       		.uleb128 0x4
 836 0028 24       		.uleb128 0x24
 837 0029 00       		.byte	0
 838 002a 0B       		.uleb128 0xb
 839 002b 0B       		.uleb128 0xb
 840 002c 3E       		.uleb128 0x3e
 841 002d 0B       		.uleb128 0xb
 842 002e 03       		.uleb128 0x3
 843 002f 08       		.uleb128 0x8
 844 0030 00       		.byte	0
 845 0031 00       		.byte	0
 846 0032 05       		.uleb128 0x5
 847 0033 01       		.uleb128 0x1
 848 0034 01       		.byte	0x1
 849 0035 49       		.uleb128 0x49
 850 0036 13       		.uleb128 0x13
 851 0037 01       		.uleb128 0x1
ARM GAS  C:\Users\LUISC-~1\AppData\Local\Temp\ccaYUKcc.s 			page 16


 852 0038 13       		.uleb128 0x13
 853 0039 00       		.byte	0
 854 003a 00       		.byte	0
 855 003b 06       		.uleb128 0x6
 856 003c 21       		.uleb128 0x21
 857 003d 00       		.byte	0
 858 003e 49       		.uleb128 0x49
 859 003f 13       		.uleb128 0x13
 860 0040 2F       		.uleb128 0x2f
 861 0041 05       		.uleb128 0x5
 862 0042 00       		.byte	0
 863 0043 00       		.byte	0
 864 0044 07       		.uleb128 0x7
 865 0045 26       		.uleb128 0x26
 866 0046 00       		.byte	0
 867 0047 49       		.uleb128 0x49
 868 0048 13       		.uleb128 0x13
 869 0049 00       		.byte	0
 870 004a 00       		.byte	0
 871 004b 08       		.uleb128 0x8
 872 004c 34       		.uleb128 0x34
 873 004d 00       		.byte	0
 874 004e 03       		.uleb128 0x3
 875 004f 0E       		.uleb128 0xe
 876 0050 3A       		.uleb128 0x3a
 877 0051 0B       		.uleb128 0xb
 878 0052 3B       		.uleb128 0x3b
 879 0053 0B       		.uleb128 0xb
 880 0054 49       		.uleb128 0x49
 881 0055 13       		.uleb128 0x13
 882 0056 3F       		.uleb128 0x3f
 883 0057 19       		.uleb128 0x19
 884 0058 02       		.uleb128 0x2
 885 0059 18       		.uleb128 0x18
 886 005a 00       		.byte	0
 887 005b 00       		.byte	0
 888 005c 09       		.uleb128 0x9
 889 005d 21       		.uleb128 0x21
 890 005e 00       		.byte	0
 891 005f 49       		.uleb128 0x49
 892 0060 13       		.uleb128 0x13
 893 0061 2F       		.uleb128 0x2f
 894 0062 0B       		.uleb128 0xb
 895 0063 00       		.byte	0
 896 0064 00       		.byte	0
 897 0065 00       		.byte	0
 898              		.section	.debug_aranges,"",%progbits
 899 0000 14000000 		.4byte	0x14
 900 0004 0200     		.2byte	0x2
 901 0006 00000000 		.4byte	.Ldebug_info0
 902 000a 04       		.byte	0x4
 903 000b 00       		.byte	0
 904 000c 0000     		.2byte	0
 905 000e 0000     		.2byte	0
 906 0010 00000000 		.4byte	0
 907 0014 00000000 		.4byte	0
 908              		.section	.debug_line,"",%progbits
ARM GAS  C:\Users\LUISC-~1\AppData\Local\Temp\ccaYUKcc.s 			page 17


 909              	.Ldebug_line0:
 910 0000 3D010000 		.section	.debug_str,"MS",%progbits,1
 910      02003701 
 910      00000201 
 910      FB0E0D00 
 910      01010101 
 911              	.LASF9:
 912 0000 5F5F7569 		.ascii	"__uint8_t\000"
 912      6E74385F 
 912      7400
 913              	.LASF16:
 914 000a 63795F6D 		.ascii	"cy_metadata\000"
 914      65746164 
 914      61746100 
 915              	.LASF1:
 916 0016 756E7369 		.ascii	"unsigned char\000"
 916      676E6564 
 916      20636861 
 916      7200
 917              	.LASF17:
 918 0024 474E5520 		.ascii	"GNU C11 5.4.1 20160609 (release) [ARM/embedded-5-br"
 918      43313120 
 918      352E342E 
 918      31203230 
 918      31363036 
 919 0057 616E6368 		.ascii	"anch revision 237715] -mcpu=cortex-m3 -mthumb -g -O"
 919      20726576 
 919      6973696F 
 919      6E203233 
 919      37373135 
 920 008a 67202D66 		.ascii	"g -ffunction-sections -ffat-lto-objects\000"
 920      66756E63 
 920      74696F6E 
 920      2D736563 
 920      74696F6E 
 921              	.LASF5:
 922 00b2 6C6F6E67 		.ascii	"long unsigned int\000"
 922      20756E73 
 922      69676E65 
 922      6420696E 
 922      7400
 923              	.LASF3:
 924 00c4 73686F72 		.ascii	"short unsigned int\000"
 924      7420756E 
 924      7369676E 
 924      65642069 
 924      6E7400
 925              	.LASF13:
 926 00d7 63795F6D 		.ascii	"cy_meta_custnvl\000"
 926      6574615F 
 926      63757374 
 926      6E766C00 
 927              	.LASF12:
 928 00e7 63795F6D 		.ascii	"cy_meta_configecc\000"
 928      6574615F 
 928      636F6E66 
 928      69676563 
ARM GAS  C:\Users\LUISC-~1\AppData\Local\Temp\ccaYUKcc.s 			page 18


 928      6300
 929              	.LASF8:
 930 00f9 756E7369 		.ascii	"unsigned int\000"
 930      676E6564 
 930      20696E74 
 930      00
 931              	.LASF7:
 932 0106 6C6F6E67 		.ascii	"long long unsigned int\000"
 932      206C6F6E 
 932      6720756E 
 932      7369676E 
 932      65642069 
 933              	.LASF10:
 934 011d 75696E74 		.ascii	"uint8_t\000"
 934      385F7400 
 935              	.LASF19:
 936 0125 443A5C55 		.ascii	"D:\\Users\\luisc-web\\Documents\\universidad\\7-sem"
 936      73657273 
 936      5C6C7569 
 936      73632D77 
 936      65625C44 
 937 0153 65737472 		.ascii	"estre\\comunicaciones-digitales\\lab-digital-comuni"
 937      655C636F 
 937      6D756E69 
 937      63616369 
 937      6F6E6573 
 938 0184 63617469 		.ascii	"cation\\Lab2-decodificador-8QAM.cydsn\000"
 938      6F6E5C4C 
 938      6162322D 
 938      6465636F 
 938      64696669 
 939              	.LASF15:
 940 01a9 63795F6D 		.ascii	"cy_meta_flashprotect\000"
 940      6574615F 
 940      666C6173 
 940      6870726F 
 940      74656374 
 941              	.LASF14:
 942 01be 63795F6D 		.ascii	"cy_meta_wonvl\000"
 942      6574615F 
 942      776F6E76 
 942      6C00
 943              	.LASF11:
 944 01cc 73697A65 		.ascii	"sizetype\000"
 944      74797065 
 944      00
 945              	.LASF6:
 946 01d5 6C6F6E67 		.ascii	"long long int\000"
 946      206C6F6E 
 946      6720696E 
 946      7400
 947              	.LASF2:
 948 01e3 73686F72 		.ascii	"short int\000"
 948      7420696E 
 948      7400
 949              	.LASF4:
 950 01ed 6C6F6E67 		.ascii	"long int\000"
ARM GAS  C:\Users\LUISC-~1\AppData\Local\Temp\ccaYUKcc.s 			page 19


 950      20696E74 
 950      00
 951              	.LASF0:
 952 01f6 7369676E 		.ascii	"signed char\000"
 952      65642063 
 952      68617200 
 953              	.LASF18:
 954 0202 47656E65 		.ascii	"Generated_Source\\PSoC5\\cymetadata.c\000"
 954      72617465 
 954      645F536F 
 954      75726365 
 954      5C50536F 
 955              		.ident	"GCC: (GNU Tools for ARM Embedded Processors) 5.4.1 20160609 (release) [ARM/embedded-5-bran
