ARM GAS  C:\Users\LUISC-~1\AppData\Local\Temp\cclGP9Zk.s 			page 1


   1              		.syntax unified
   2              		.cpu cortex-m3
   3              		.fpu softvfp
   4              		.eabi_attribute 20, 1
   5              		.eabi_attribute 21, 1
   6              		.eabi_attribute 23, 3
   7              		.eabi_attribute 24, 1
   8              		.eabi_attribute 25, 1
   9              		.eabi_attribute 26, 1
  10              		.eabi_attribute 30, 1
  11              		.eabi_attribute 34, 1
  12              		.eabi_attribute 18, 4
  13              		.thumb
  14              		.syntax unified
  15              		.file	"DAC_1.c"
  16              		.text
  17              	.Ltext0:
  18              		.cfi_sections	.debug_frame
  19              		.section	.text.DAC_1_Enable,"ax",%progbits
  20              		.align	2
  21              		.global	DAC_1_Enable
  22              		.thumb
  23              		.thumb_func
  24              		.type	DAC_1_Enable, %function
  25              	DAC_1_Enable:
  26              	.LFB1:
  27              		.file 1 "Generated_Source\\PSoC5\\DAC_1.c"
   1:Generated_Source\PSoC5/DAC_1.c **** /*******************************************************************************
   2:Generated_Source\PSoC5/DAC_1.c **** * File Name: DAC_1.c  
   3:Generated_Source\PSoC5/DAC_1.c **** * Version 1.90
   4:Generated_Source\PSoC5/DAC_1.c **** *
   5:Generated_Source\PSoC5/DAC_1.c **** * Description:
   6:Generated_Source\PSoC5/DAC_1.c **** *  This file provides the source code to the API for the 8-bit Voltage DAC 
   7:Generated_Source\PSoC5/DAC_1.c **** *  (VDAC8) User Module.
   8:Generated_Source\PSoC5/DAC_1.c **** *
   9:Generated_Source\PSoC5/DAC_1.c **** * Note:
  10:Generated_Source\PSoC5/DAC_1.c **** *  Any unusual or non-standard behavior should be noted here. Other-
  11:Generated_Source\PSoC5/DAC_1.c **** *  wise, this section should remain blank.
  12:Generated_Source\PSoC5/DAC_1.c **** *
  13:Generated_Source\PSoC5/DAC_1.c **** ********************************************************************************
  14:Generated_Source\PSoC5/DAC_1.c **** * Copyright 2008-2012, Cypress Semiconductor Corporation.  All rights reserved.
  15:Generated_Source\PSoC5/DAC_1.c **** * You may use this file only in accordance with the license, terms, conditions, 
  16:Generated_Source\PSoC5/DAC_1.c **** * disclaimers, and limitations in the end user license agreement accompanying 
  17:Generated_Source\PSoC5/DAC_1.c **** * the software package with which this file was provided.
  18:Generated_Source\PSoC5/DAC_1.c **** *******************************************************************************/
  19:Generated_Source\PSoC5/DAC_1.c **** 
  20:Generated_Source\PSoC5/DAC_1.c **** #include "cytypes.h"
  21:Generated_Source\PSoC5/DAC_1.c **** #include "DAC_1.h"
  22:Generated_Source\PSoC5/DAC_1.c **** 
  23:Generated_Source\PSoC5/DAC_1.c **** #if (CY_PSOC5A)
  24:Generated_Source\PSoC5/DAC_1.c **** #include <CyLib.h>
  25:Generated_Source\PSoC5/DAC_1.c **** #endif /* CY_PSOC5A */
  26:Generated_Source\PSoC5/DAC_1.c **** 
  27:Generated_Source\PSoC5/DAC_1.c **** uint8 DAC_1_initVar = 0u;
  28:Generated_Source\PSoC5/DAC_1.c **** 
  29:Generated_Source\PSoC5/DAC_1.c **** #if (CY_PSOC5A)
  30:Generated_Source\PSoC5/DAC_1.c ****     static uint8 DAC_1_restoreVal = 0u;
ARM GAS  C:\Users\LUISC-~1\AppData\Local\Temp\cclGP9Zk.s 			page 2


  31:Generated_Source\PSoC5/DAC_1.c **** #endif /* CY_PSOC5A */
  32:Generated_Source\PSoC5/DAC_1.c **** 
  33:Generated_Source\PSoC5/DAC_1.c **** #if (CY_PSOC5A)
  34:Generated_Source\PSoC5/DAC_1.c ****     static DAC_1_backupStruct DAC_1_backup;
  35:Generated_Source\PSoC5/DAC_1.c **** #endif /* CY_PSOC5A */
  36:Generated_Source\PSoC5/DAC_1.c **** 
  37:Generated_Source\PSoC5/DAC_1.c **** 
  38:Generated_Source\PSoC5/DAC_1.c **** /*******************************************************************************
  39:Generated_Source\PSoC5/DAC_1.c **** * Function Name: DAC_1_Init
  40:Generated_Source\PSoC5/DAC_1.c **** ********************************************************************************
  41:Generated_Source\PSoC5/DAC_1.c **** * Summary:
  42:Generated_Source\PSoC5/DAC_1.c **** *  Initialize to the schematic state.
  43:Generated_Source\PSoC5/DAC_1.c **** * 
  44:Generated_Source\PSoC5/DAC_1.c **** * Parameters:
  45:Generated_Source\PSoC5/DAC_1.c **** *  void:
  46:Generated_Source\PSoC5/DAC_1.c **** *
  47:Generated_Source\PSoC5/DAC_1.c **** * Return:
  48:Generated_Source\PSoC5/DAC_1.c **** *  void
  49:Generated_Source\PSoC5/DAC_1.c **** *
  50:Generated_Source\PSoC5/DAC_1.c **** * Theory:
  51:Generated_Source\PSoC5/DAC_1.c **** *
  52:Generated_Source\PSoC5/DAC_1.c **** * Side Effects:
  53:Generated_Source\PSoC5/DAC_1.c **** *
  54:Generated_Source\PSoC5/DAC_1.c **** *******************************************************************************/
  55:Generated_Source\PSoC5/DAC_1.c **** void DAC_1_Init(void) 
  56:Generated_Source\PSoC5/DAC_1.c **** {
  57:Generated_Source\PSoC5/DAC_1.c ****     DAC_1_CR0 = (DAC_1_MODE_V );
  58:Generated_Source\PSoC5/DAC_1.c **** 
  59:Generated_Source\PSoC5/DAC_1.c ****     /* Set default data source */
  60:Generated_Source\PSoC5/DAC_1.c ****     #if(DAC_1_DEFAULT_DATA_SRC != 0 )
  61:Generated_Source\PSoC5/DAC_1.c ****         DAC_1_CR1 = (DAC_1_DEFAULT_CNTL | DAC_1_DACBUS_ENABLE) ;
  62:Generated_Source\PSoC5/DAC_1.c ****     #else
  63:Generated_Source\PSoC5/DAC_1.c ****         DAC_1_CR1 = (DAC_1_DEFAULT_CNTL | DAC_1_DACBUS_DISABLE) ;
  64:Generated_Source\PSoC5/DAC_1.c ****     #endif /* (DAC_1_DEFAULT_DATA_SRC != 0 ) */
  65:Generated_Source\PSoC5/DAC_1.c **** 
  66:Generated_Source\PSoC5/DAC_1.c ****     /* Set default strobe mode */
  67:Generated_Source\PSoC5/DAC_1.c ****     #if(DAC_1_DEFAULT_STRB != 0)
  68:Generated_Source\PSoC5/DAC_1.c ****         DAC_1_Strobe |= DAC_1_STRB_EN ;
  69:Generated_Source\PSoC5/DAC_1.c ****     #endif/* (DAC_1_DEFAULT_STRB != 0) */
  70:Generated_Source\PSoC5/DAC_1.c **** 
  71:Generated_Source\PSoC5/DAC_1.c ****     /* Set default range */
  72:Generated_Source\PSoC5/DAC_1.c ****     DAC_1_SetRange(DAC_1_DEFAULT_RANGE); 
  73:Generated_Source\PSoC5/DAC_1.c **** 
  74:Generated_Source\PSoC5/DAC_1.c ****     /* Set default speed */
  75:Generated_Source\PSoC5/DAC_1.c ****     DAC_1_SetSpeed(DAC_1_DEFAULT_SPEED);
  76:Generated_Source\PSoC5/DAC_1.c **** }
  77:Generated_Source\PSoC5/DAC_1.c **** 
  78:Generated_Source\PSoC5/DAC_1.c **** 
  79:Generated_Source\PSoC5/DAC_1.c **** /*******************************************************************************
  80:Generated_Source\PSoC5/DAC_1.c **** * Function Name: DAC_1_Enable
  81:Generated_Source\PSoC5/DAC_1.c **** ********************************************************************************
  82:Generated_Source\PSoC5/DAC_1.c **** * Summary:
  83:Generated_Source\PSoC5/DAC_1.c **** *  Enable the VDAC8
  84:Generated_Source\PSoC5/DAC_1.c **** * 
  85:Generated_Source\PSoC5/DAC_1.c **** * Parameters:
  86:Generated_Source\PSoC5/DAC_1.c **** *  void
  87:Generated_Source\PSoC5/DAC_1.c **** *
ARM GAS  C:\Users\LUISC-~1\AppData\Local\Temp\cclGP9Zk.s 			page 3


  88:Generated_Source\PSoC5/DAC_1.c **** * Return:
  89:Generated_Source\PSoC5/DAC_1.c **** *  void
  90:Generated_Source\PSoC5/DAC_1.c **** *
  91:Generated_Source\PSoC5/DAC_1.c **** * Theory:
  92:Generated_Source\PSoC5/DAC_1.c **** *
  93:Generated_Source\PSoC5/DAC_1.c **** * Side Effects:
  94:Generated_Source\PSoC5/DAC_1.c **** *
  95:Generated_Source\PSoC5/DAC_1.c **** *******************************************************************************/
  96:Generated_Source\PSoC5/DAC_1.c **** void DAC_1_Enable(void) 
  97:Generated_Source\PSoC5/DAC_1.c **** {
  28              		.loc 1 97 0
  29              		.cfi_startproc
  30              		@ args = 0, pretend = 0, frame = 0
  31              		@ frame_needed = 0, uses_anonymous_args = 0
  32              		@ link register save eliminated.
  98:Generated_Source\PSoC5/DAC_1.c ****     DAC_1_PWRMGR |= DAC_1_ACT_PWR_EN;
  33              		.loc 1 98 0
  34 0000 054A     		ldr	r2, .L2
  35 0002 1378     		ldrb	r3, [r2]	@ zero_extendqisi2
  36 0004 43F00203 		orr	r3, r3, #2
  37 0008 1370     		strb	r3, [r2]
  99:Generated_Source\PSoC5/DAC_1.c ****     DAC_1_STBY_PWRMGR |= DAC_1_STBY_PWR_EN;
  38              		.loc 1 99 0
  39 000a 1032     		adds	r2, r2, #16
  40 000c 1378     		ldrb	r3, [r2]	@ zero_extendqisi2
  41 000e 43F00203 		orr	r3, r3, #2
  42 0012 1370     		strb	r3, [r2]
  43 0014 7047     		bx	lr
  44              	.L3:
  45 0016 00BF     		.align	2
  46              	.L2:
  47 0018 A8430040 		.word	1073759144
  48              		.cfi_endproc
  49              	.LFE1:
  50              		.size	DAC_1_Enable, .-DAC_1_Enable
  51              		.section	.text.DAC_1_Stop,"ax",%progbits
  52              		.align	2
  53              		.global	DAC_1_Stop
  54              		.thumb
  55              		.thumb_func
  56              		.type	DAC_1_Stop, %function
  57              	DAC_1_Stop:
  58              	.LFB3:
 100:Generated_Source\PSoC5/DAC_1.c **** 
 101:Generated_Source\PSoC5/DAC_1.c ****     /*This is to restore the value of register CR0 ,
 102:Generated_Source\PSoC5/DAC_1.c ****     which is modified  in Stop API , this prevents misbehaviour of VDAC */
 103:Generated_Source\PSoC5/DAC_1.c ****     #if (CY_PSOC5A)
 104:Generated_Source\PSoC5/DAC_1.c ****         if(DAC_1_restoreVal == 1u) 
 105:Generated_Source\PSoC5/DAC_1.c ****         {
 106:Generated_Source\PSoC5/DAC_1.c ****              DAC_1_CR0 = DAC_1_backup.data_value;
 107:Generated_Source\PSoC5/DAC_1.c ****              DAC_1_restoreVal = 0u;
 108:Generated_Source\PSoC5/DAC_1.c ****         }
 109:Generated_Source\PSoC5/DAC_1.c ****     #endif /* CY_PSOC5A */
 110:Generated_Source\PSoC5/DAC_1.c **** }
 111:Generated_Source\PSoC5/DAC_1.c **** 
 112:Generated_Source\PSoC5/DAC_1.c **** 
 113:Generated_Source\PSoC5/DAC_1.c **** /*******************************************************************************
ARM GAS  C:\Users\LUISC-~1\AppData\Local\Temp\cclGP9Zk.s 			page 4


 114:Generated_Source\PSoC5/DAC_1.c **** * Function Name: DAC_1_Start
 115:Generated_Source\PSoC5/DAC_1.c **** ********************************************************************************
 116:Generated_Source\PSoC5/DAC_1.c **** *
 117:Generated_Source\PSoC5/DAC_1.c **** * Summary:
 118:Generated_Source\PSoC5/DAC_1.c **** *  The start function initializes the voltage DAC with the default values, 
 119:Generated_Source\PSoC5/DAC_1.c **** *  and sets the power to the given level.  A power level of 0, is the same as
 120:Generated_Source\PSoC5/DAC_1.c **** *  executing the stop function.
 121:Generated_Source\PSoC5/DAC_1.c **** *
 122:Generated_Source\PSoC5/DAC_1.c **** * Parameters:
 123:Generated_Source\PSoC5/DAC_1.c **** *  Power: Sets power level between off (0) and (3) high power
 124:Generated_Source\PSoC5/DAC_1.c **** *
 125:Generated_Source\PSoC5/DAC_1.c **** * Return:
 126:Generated_Source\PSoC5/DAC_1.c **** *  void 
 127:Generated_Source\PSoC5/DAC_1.c **** *
 128:Generated_Source\PSoC5/DAC_1.c **** * Global variables:
 129:Generated_Source\PSoC5/DAC_1.c **** *  DAC_1_initVar: Is modified when this function is called for the 
 130:Generated_Source\PSoC5/DAC_1.c **** *  first time. Is used to ensure that initialization happens only once.
 131:Generated_Source\PSoC5/DAC_1.c **** *
 132:Generated_Source\PSoC5/DAC_1.c **** *******************************************************************************/
 133:Generated_Source\PSoC5/DAC_1.c **** void DAC_1_Start(void)  
 134:Generated_Source\PSoC5/DAC_1.c **** {
 135:Generated_Source\PSoC5/DAC_1.c ****     /* Hardware initiazation only needs to occure the first time */
 136:Generated_Source\PSoC5/DAC_1.c ****     if(DAC_1_initVar == 0u)
 137:Generated_Source\PSoC5/DAC_1.c ****     { 
 138:Generated_Source\PSoC5/DAC_1.c ****         DAC_1_Init();
 139:Generated_Source\PSoC5/DAC_1.c ****         DAC_1_initVar = 1u;
 140:Generated_Source\PSoC5/DAC_1.c ****     }
 141:Generated_Source\PSoC5/DAC_1.c **** 
 142:Generated_Source\PSoC5/DAC_1.c ****     /* Enable power to DAC */
 143:Generated_Source\PSoC5/DAC_1.c ****     DAC_1_Enable();
 144:Generated_Source\PSoC5/DAC_1.c **** 
 145:Generated_Source\PSoC5/DAC_1.c ****     /* Set default value */
 146:Generated_Source\PSoC5/DAC_1.c ****     DAC_1_SetValue(DAC_1_DEFAULT_DATA); 
 147:Generated_Source\PSoC5/DAC_1.c **** }
 148:Generated_Source\PSoC5/DAC_1.c **** 
 149:Generated_Source\PSoC5/DAC_1.c **** 
 150:Generated_Source\PSoC5/DAC_1.c **** /*******************************************************************************
 151:Generated_Source\PSoC5/DAC_1.c **** * Function Name: DAC_1_Stop
 152:Generated_Source\PSoC5/DAC_1.c **** ********************************************************************************
 153:Generated_Source\PSoC5/DAC_1.c **** *
 154:Generated_Source\PSoC5/DAC_1.c **** * Summary:
 155:Generated_Source\PSoC5/DAC_1.c **** *  Powers down DAC to lowest power state.
 156:Generated_Source\PSoC5/DAC_1.c **** *
 157:Generated_Source\PSoC5/DAC_1.c **** * Parameters:
 158:Generated_Source\PSoC5/DAC_1.c **** *  void
 159:Generated_Source\PSoC5/DAC_1.c **** *
 160:Generated_Source\PSoC5/DAC_1.c **** * Return:
 161:Generated_Source\PSoC5/DAC_1.c **** *  void
 162:Generated_Source\PSoC5/DAC_1.c **** *
 163:Generated_Source\PSoC5/DAC_1.c **** * Theory:
 164:Generated_Source\PSoC5/DAC_1.c **** *
 165:Generated_Source\PSoC5/DAC_1.c **** * Side Effects:
 166:Generated_Source\PSoC5/DAC_1.c **** *
 167:Generated_Source\PSoC5/DAC_1.c **** *******************************************************************************/
 168:Generated_Source\PSoC5/DAC_1.c **** void DAC_1_Stop(void) 
 169:Generated_Source\PSoC5/DAC_1.c **** {
  59              		.loc 1 169 0
ARM GAS  C:\Users\LUISC-~1\AppData\Local\Temp\cclGP9Zk.s 			page 5


  60              		.cfi_startproc
  61              		@ args = 0, pretend = 0, frame = 0
  62              		@ frame_needed = 0, uses_anonymous_args = 0
  63              		@ link register save eliminated.
 170:Generated_Source\PSoC5/DAC_1.c ****     /* Disble power to DAC */
 171:Generated_Source\PSoC5/DAC_1.c ****     DAC_1_PWRMGR &= (uint8)(~DAC_1_ACT_PWR_EN);
  64              		.loc 1 171 0
  65 0000 054A     		ldr	r2, .L5
  66 0002 1378     		ldrb	r3, [r2]	@ zero_extendqisi2
  67 0004 03F0FD03 		and	r3, r3, #253
  68 0008 1370     		strb	r3, [r2]
 172:Generated_Source\PSoC5/DAC_1.c ****     DAC_1_STBY_PWRMGR &= (uint8)(~DAC_1_STBY_PWR_EN);
  69              		.loc 1 172 0
  70 000a 1032     		adds	r2, r2, #16
  71 000c 1378     		ldrb	r3, [r2]	@ zero_extendqisi2
  72 000e 03F0FD03 		and	r3, r3, #253
  73 0012 1370     		strb	r3, [r2]
  74 0014 7047     		bx	lr
  75              	.L6:
  76 0016 00BF     		.align	2
  77              	.L5:
  78 0018 A8430040 		.word	1073759144
  79              		.cfi_endproc
  80              	.LFE3:
  81              		.size	DAC_1_Stop, .-DAC_1_Stop
  82              		.section	.text.DAC_1_SetSpeed,"ax",%progbits
  83              		.align	2
  84              		.global	DAC_1_SetSpeed
  85              		.thumb
  86              		.thumb_func
  87              		.type	DAC_1_SetSpeed, %function
  88              	DAC_1_SetSpeed:
  89              	.LFB4:
 173:Generated_Source\PSoC5/DAC_1.c **** 
 174:Generated_Source\PSoC5/DAC_1.c ****     /* This is a work around for PSoC5A  ,
 175:Generated_Source\PSoC5/DAC_1.c ****     this sets VDAC to current mode with output off */
 176:Generated_Source\PSoC5/DAC_1.c ****     #if (CY_PSOC5A)
 177:Generated_Source\PSoC5/DAC_1.c ****         DAC_1_backup.data_value = DAC_1_CR0;
 178:Generated_Source\PSoC5/DAC_1.c ****         DAC_1_CR0 = DAC_1_CUR_MODE_OUT_OFF;
 179:Generated_Source\PSoC5/DAC_1.c ****         DAC_1_restoreVal = 1u;
 180:Generated_Source\PSoC5/DAC_1.c ****     #endif /* CY_PSOC5A */
 181:Generated_Source\PSoC5/DAC_1.c **** }
 182:Generated_Source\PSoC5/DAC_1.c **** 
 183:Generated_Source\PSoC5/DAC_1.c **** 
 184:Generated_Source\PSoC5/DAC_1.c **** /*******************************************************************************
 185:Generated_Source\PSoC5/DAC_1.c **** * Function Name: DAC_1_SetSpeed
 186:Generated_Source\PSoC5/DAC_1.c **** ********************************************************************************
 187:Generated_Source\PSoC5/DAC_1.c **** *
 188:Generated_Source\PSoC5/DAC_1.c **** * Summary:
 189:Generated_Source\PSoC5/DAC_1.c **** *  Set DAC speed
 190:Generated_Source\PSoC5/DAC_1.c **** *
 191:Generated_Source\PSoC5/DAC_1.c **** * Parameters:
 192:Generated_Source\PSoC5/DAC_1.c **** *  power: Sets speed value
 193:Generated_Source\PSoC5/DAC_1.c **** *
 194:Generated_Source\PSoC5/DAC_1.c **** * Return:
 195:Generated_Source\PSoC5/DAC_1.c **** *  void
 196:Generated_Source\PSoC5/DAC_1.c **** *
ARM GAS  C:\Users\LUISC-~1\AppData\Local\Temp\cclGP9Zk.s 			page 6


 197:Generated_Source\PSoC5/DAC_1.c **** * Theory:
 198:Generated_Source\PSoC5/DAC_1.c **** *
 199:Generated_Source\PSoC5/DAC_1.c **** * Side Effects:
 200:Generated_Source\PSoC5/DAC_1.c **** *
 201:Generated_Source\PSoC5/DAC_1.c **** *******************************************************************************/
 202:Generated_Source\PSoC5/DAC_1.c **** void DAC_1_SetSpeed(uint8 speed) 
 203:Generated_Source\PSoC5/DAC_1.c **** {
  90              		.loc 1 203 0
  91              		.cfi_startproc
  92              		@ args = 0, pretend = 0, frame = 0
  93              		@ frame_needed = 0, uses_anonymous_args = 0
  94              		@ link register save eliminated.
  95              	.LVL0:
 204:Generated_Source\PSoC5/DAC_1.c ****     /* Clear power mask then write in new value */
 205:Generated_Source\PSoC5/DAC_1.c ****     DAC_1_CR0 &= (uint8)(~DAC_1_HS_MASK);
  96              		.loc 1 205 0
  97 0000 054B     		ldr	r3, .L8
  98 0002 1A78     		ldrb	r2, [r3]	@ zero_extendqisi2
  99 0004 02F0FD02 		and	r2, r2, #253
 100 0008 1A70     		strb	r2, [r3]
 206:Generated_Source\PSoC5/DAC_1.c ****     DAC_1_CR0 |=  (speed & DAC_1_HS_MASK);
 101              		.loc 1 206 0
 102 000a 1A78     		ldrb	r2, [r3]	@ zero_extendqisi2
 103 000c 00F00200 		and	r0, r0, #2
 104              	.LVL1:
 105 0010 1043     		orrs	r0, r0, r2
 106 0012 1870     		strb	r0, [r3]
 107 0014 7047     		bx	lr
 108              	.L9:
 109 0016 00BF     		.align	2
 110              	.L8:
 111 0018 24580040 		.word	1073764388
 112              		.cfi_endproc
 113              	.LFE4:
 114              		.size	DAC_1_SetSpeed, .-DAC_1_SetSpeed
 115              		.section	.text.DAC_1_SetValue,"ax",%progbits
 116              		.align	2
 117              		.global	DAC_1_SetValue
 118              		.thumb
 119              		.thumb_func
 120              		.type	DAC_1_SetValue, %function
 121              	DAC_1_SetValue:
 122              	.LFB6:
 207:Generated_Source\PSoC5/DAC_1.c **** }
 208:Generated_Source\PSoC5/DAC_1.c **** 
 209:Generated_Source\PSoC5/DAC_1.c **** 
 210:Generated_Source\PSoC5/DAC_1.c **** /*******************************************************************************
 211:Generated_Source\PSoC5/DAC_1.c **** * Function Name: DAC_1_SetRange
 212:Generated_Source\PSoC5/DAC_1.c **** ********************************************************************************
 213:Generated_Source\PSoC5/DAC_1.c **** *
 214:Generated_Source\PSoC5/DAC_1.c **** * Summary:
 215:Generated_Source\PSoC5/DAC_1.c **** *  Set one of three current ranges.
 216:Generated_Source\PSoC5/DAC_1.c **** *
 217:Generated_Source\PSoC5/DAC_1.c **** * Parameters:
 218:Generated_Source\PSoC5/DAC_1.c **** *  Range: Sets one of Three valid ranges.
 219:Generated_Source\PSoC5/DAC_1.c **** *
 220:Generated_Source\PSoC5/DAC_1.c **** * Return:
ARM GAS  C:\Users\LUISC-~1\AppData\Local\Temp\cclGP9Zk.s 			page 7


 221:Generated_Source\PSoC5/DAC_1.c **** *  void 
 222:Generated_Source\PSoC5/DAC_1.c **** *
 223:Generated_Source\PSoC5/DAC_1.c **** * Theory:
 224:Generated_Source\PSoC5/DAC_1.c **** *
 225:Generated_Source\PSoC5/DAC_1.c **** * Side Effects:
 226:Generated_Source\PSoC5/DAC_1.c **** *
 227:Generated_Source\PSoC5/DAC_1.c **** *******************************************************************************/
 228:Generated_Source\PSoC5/DAC_1.c **** void DAC_1_SetRange(uint8 range) 
 229:Generated_Source\PSoC5/DAC_1.c **** {
 230:Generated_Source\PSoC5/DAC_1.c ****     DAC_1_CR0 &= (uint8)(~DAC_1_RANGE_MASK);      /* Clear existing mode */
 231:Generated_Source\PSoC5/DAC_1.c ****     DAC_1_CR0 |= (range & DAC_1_RANGE_MASK);      /*  Set Range  */
 232:Generated_Source\PSoC5/DAC_1.c ****     DAC_1_DacTrim();
 233:Generated_Source\PSoC5/DAC_1.c **** }
 234:Generated_Source\PSoC5/DAC_1.c **** 
 235:Generated_Source\PSoC5/DAC_1.c **** 
 236:Generated_Source\PSoC5/DAC_1.c **** /*******************************************************************************
 237:Generated_Source\PSoC5/DAC_1.c **** * Function Name: DAC_1_SetValue
 238:Generated_Source\PSoC5/DAC_1.c **** ********************************************************************************
 239:Generated_Source\PSoC5/DAC_1.c **** *
 240:Generated_Source\PSoC5/DAC_1.c **** * Summary:
 241:Generated_Source\PSoC5/DAC_1.c **** *  Set 8-bit DAC value
 242:Generated_Source\PSoC5/DAC_1.c **** *
 243:Generated_Source\PSoC5/DAC_1.c **** * Parameters:  
 244:Generated_Source\PSoC5/DAC_1.c **** *  value:  Sets DAC value between 0 and 255.
 245:Generated_Source\PSoC5/DAC_1.c **** *
 246:Generated_Source\PSoC5/DAC_1.c **** * Return: 
 247:Generated_Source\PSoC5/DAC_1.c **** *  void 
 248:Generated_Source\PSoC5/DAC_1.c **** *
 249:Generated_Source\PSoC5/DAC_1.c **** * Theory: 
 250:Generated_Source\PSoC5/DAC_1.c **** *
 251:Generated_Source\PSoC5/DAC_1.c **** * Side Effects:
 252:Generated_Source\PSoC5/DAC_1.c **** *
 253:Generated_Source\PSoC5/DAC_1.c **** *******************************************************************************/
 254:Generated_Source\PSoC5/DAC_1.c **** void DAC_1_SetValue(uint8 value) 
 255:Generated_Source\PSoC5/DAC_1.c **** {
 123              		.loc 1 255 0
 124              		.cfi_startproc
 125              		@ args = 0, pretend = 0, frame = 0
 126              		@ frame_needed = 0, uses_anonymous_args = 0
 127              		@ link register save eliminated.
 128              	.LVL2:
 256:Generated_Source\PSoC5/DAC_1.c ****     #if (CY_PSOC5A)
 257:Generated_Source\PSoC5/DAC_1.c ****         uint8 DAC_1_intrStatus = CyEnterCriticalSection();
 258:Generated_Source\PSoC5/DAC_1.c ****     #endif /* CY_PSOC5A */
 259:Generated_Source\PSoC5/DAC_1.c **** 
 260:Generated_Source\PSoC5/DAC_1.c ****     DAC_1_Data = value;                /*  Set Value  */
 129              		.loc 1 260 0
 130 0000 014B     		ldr	r3, .L11
 131 0002 1870     		strb	r0, [r3]
 132 0004 7047     		bx	lr
 133              	.L12:
 134 0006 00BF     		.align	2
 135              	.L11:
 136 0008 815B0040 		.word	1073765249
 137              		.cfi_endproc
 138              	.LFE6:
 139              		.size	DAC_1_SetValue, .-DAC_1_SetValue
ARM GAS  C:\Users\LUISC-~1\AppData\Local\Temp\cclGP9Zk.s 			page 8


 140              		.section	.text.DAC_1_DacTrim,"ax",%progbits
 141              		.align	2
 142              		.global	DAC_1_DacTrim
 143              		.thumb
 144              		.thumb_func
 145              		.type	DAC_1_DacTrim, %function
 146              	DAC_1_DacTrim:
 147              	.LFB7:
 261:Generated_Source\PSoC5/DAC_1.c **** 
 262:Generated_Source\PSoC5/DAC_1.c ****     /* PSOC5A requires a double write */
 263:Generated_Source\PSoC5/DAC_1.c ****     /* Exit Critical Section */
 264:Generated_Source\PSoC5/DAC_1.c ****     #if (CY_PSOC5A)
 265:Generated_Source\PSoC5/DAC_1.c ****         DAC_1_Data = value;
 266:Generated_Source\PSoC5/DAC_1.c ****         CyExitCriticalSection(DAC_1_intrStatus);
 267:Generated_Source\PSoC5/DAC_1.c ****     #endif /* CY_PSOC5A */
 268:Generated_Source\PSoC5/DAC_1.c **** }
 269:Generated_Source\PSoC5/DAC_1.c **** 
 270:Generated_Source\PSoC5/DAC_1.c **** 
 271:Generated_Source\PSoC5/DAC_1.c **** /*******************************************************************************
 272:Generated_Source\PSoC5/DAC_1.c **** * Function Name: DAC_1_DacTrim
 273:Generated_Source\PSoC5/DAC_1.c **** ********************************************************************************
 274:Generated_Source\PSoC5/DAC_1.c **** *
 275:Generated_Source\PSoC5/DAC_1.c **** * Summary:
 276:Generated_Source\PSoC5/DAC_1.c **** *  Set the trim value for the given range.
 277:Generated_Source\PSoC5/DAC_1.c **** *
 278:Generated_Source\PSoC5/DAC_1.c **** * Parameters:
 279:Generated_Source\PSoC5/DAC_1.c **** *  range:  1V or 4V range.  See constants.
 280:Generated_Source\PSoC5/DAC_1.c **** *
 281:Generated_Source\PSoC5/DAC_1.c **** * Return:
 282:Generated_Source\PSoC5/DAC_1.c **** *  void
 283:Generated_Source\PSoC5/DAC_1.c **** *
 284:Generated_Source\PSoC5/DAC_1.c **** * Theory: 
 285:Generated_Source\PSoC5/DAC_1.c **** *
 286:Generated_Source\PSoC5/DAC_1.c **** * Side Effects:
 287:Generated_Source\PSoC5/DAC_1.c **** *
 288:Generated_Source\PSoC5/DAC_1.c **** *******************************************************************************/
 289:Generated_Source\PSoC5/DAC_1.c **** void DAC_1_DacTrim(void) 
 290:Generated_Source\PSoC5/DAC_1.c **** {
 148              		.loc 1 290 0
 149              		.cfi_startproc
 150              		@ args = 0, pretend = 0, frame = 0
 151              		@ frame_needed = 0, uses_anonymous_args = 0
 152              		@ link register save eliminated.
 291:Generated_Source\PSoC5/DAC_1.c ****     uint8 mode;
 292:Generated_Source\PSoC5/DAC_1.c **** 
 293:Generated_Source\PSoC5/DAC_1.c ****     mode = (uint8)((DAC_1_CR0 & DAC_1_RANGE_MASK) >> 2) + DAC_1_TRIM_M7_1V_RNG_OFFSET;
 153              		.loc 1 293 0
 154 0000 064B     		ldr	r3, .L14
 155 0002 1B78     		ldrb	r3, [r3]	@ zero_extendqisi2
 156 0004 C3F38103 		ubfx	r3, r3, #2, #2
 157              	.LVL3:
 294:Generated_Source\PSoC5/DAC_1.c ****     DAC_1_TR = CY_GET_XTND_REG8((uint8 *)(DAC_1_DAC_TRIM_BASE + mode));
 158              		.loc 1 294 0
 159 0008 03F19243 		add	r3, r3, #1224736768
 160              	.LVL4:
 161 000c 0633     		adds	r3, r3, #6
 162              	.LVL5:
ARM GAS  C:\Users\LUISC-~1\AppData\Local\Temp\cclGP9Zk.s 			page 9


 163 000e 93F83031 		ldrb	r3, [r3, #304]	@ zero_extendqisi2
 164              	.LVL6:
 165 0012 DBB2     		uxtb	r3, r3
 166 0014 024A     		ldr	r2, .L14+4
 167 0016 1370     		strb	r3, [r2]
 168 0018 7047     		bx	lr
 169              	.L15:
 170 001a 00BF     		.align	2
 171              	.L14:
 172 001c 24580040 		.word	1073764388
 173 0020 09460040 		.word	1073759753
 174              		.cfi_endproc
 175              	.LFE7:
 176              		.size	DAC_1_DacTrim, .-DAC_1_DacTrim
 177              		.section	.text.DAC_1_SetRange,"ax",%progbits
 178              		.align	2
 179              		.global	DAC_1_SetRange
 180              		.thumb
 181              		.thumb_func
 182              		.type	DAC_1_SetRange, %function
 183              	DAC_1_SetRange:
 184              	.LFB5:
 229:Generated_Source\PSoC5/DAC_1.c ****     DAC_1_CR0 &= (uint8)(~DAC_1_RANGE_MASK);      /* Clear existing mode */
 185              		.loc 1 229 0
 186              		.cfi_startproc
 187              		@ args = 0, pretend = 0, frame = 0
 188              		@ frame_needed = 0, uses_anonymous_args = 0
 189              	.LVL7:
 190 0000 08B5     		push	{r3, lr}
 191              		.cfi_def_cfa_offset 8
 192              		.cfi_offset 3, -8
 193              		.cfi_offset 14, -4
 230:Generated_Source\PSoC5/DAC_1.c ****     DAC_1_CR0 |= (range & DAC_1_RANGE_MASK);      /*  Set Range  */
 194              		.loc 1 230 0
 195 0002 064B     		ldr	r3, .L18
 196 0004 1A78     		ldrb	r2, [r3]	@ zero_extendqisi2
 197 0006 02F0F302 		and	r2, r2, #243
 198 000a 1A70     		strb	r2, [r3]
 231:Generated_Source\PSoC5/DAC_1.c ****     DAC_1_DacTrim();
 199              		.loc 1 231 0
 200 000c 1A78     		ldrb	r2, [r3]	@ zero_extendqisi2
 201 000e 00F00C00 		and	r0, r0, #12
 202              	.LVL8:
 203 0012 1043     		orrs	r0, r0, r2
 204 0014 1870     		strb	r0, [r3]
 232:Generated_Source\PSoC5/DAC_1.c **** }
 205              		.loc 1 232 0
 206 0016 FFF7FEFF 		bl	DAC_1_DacTrim
 207              	.LVL9:
 208 001a 08BD     		pop	{r3, pc}
 209              	.L19:
 210              		.align	2
 211              	.L18:
 212 001c 24580040 		.word	1073764388
 213              		.cfi_endproc
 214              	.LFE5:
 215              		.size	DAC_1_SetRange, .-DAC_1_SetRange
ARM GAS  C:\Users\LUISC-~1\AppData\Local\Temp\cclGP9Zk.s 			page 10


 216              		.section	.text.DAC_1_Init,"ax",%progbits
 217              		.align	2
 218              		.global	DAC_1_Init
 219              		.thumb
 220              		.thumb_func
 221              		.type	DAC_1_Init, %function
 222              	DAC_1_Init:
 223              	.LFB0:
  56:Generated_Source\PSoC5/DAC_1.c ****     DAC_1_CR0 = (DAC_1_MODE_V );
 224              		.loc 1 56 0
 225              		.cfi_startproc
 226              		@ args = 0, pretend = 0, frame = 0
 227              		@ frame_needed = 0, uses_anonymous_args = 0
 228 0000 10B5     		push	{r4, lr}
 229              		.cfi_def_cfa_offset 8
 230              		.cfi_offset 4, -8
 231              		.cfi_offset 14, -4
  57:Generated_Source\PSoC5/DAC_1.c **** 
 232              		.loc 1 57 0
 233 0002 0024     		movs	r4, #0
 234 0004 074B     		ldr	r3, .L22
 235 0006 1C70     		strb	r4, [r3]
  63:Generated_Source\PSoC5/DAC_1.c ****     #endif /* (DAC_1_DEFAULT_DATA_SRC != 0 ) */
 236              		.loc 1 63 0
 237 0008 0133     		adds	r3, r3, #1
 238 000a 1C70     		strb	r4, [r3]
  68:Generated_Source\PSoC5/DAC_1.c ****     #endif/* (DAC_1_DEFAULT_STRB != 0) */
 239              		.loc 1 68 0
 240 000c 064A     		ldr	r2, .L22+4
 241 000e 1378     		ldrb	r3, [r2]	@ zero_extendqisi2
 242 0010 43F00803 		orr	r3, r3, #8
 243 0014 1370     		strb	r3, [r2]
  72:Generated_Source\PSoC5/DAC_1.c **** 
 244              		.loc 1 72 0
 245 0016 0420     		movs	r0, #4
 246 0018 FFF7FEFF 		bl	DAC_1_SetRange
 247              	.LVL10:
  75:Generated_Source\PSoC5/DAC_1.c **** }
 248              		.loc 1 75 0
 249 001c 2046     		mov	r0, r4
 250 001e FFF7FEFF 		bl	DAC_1_SetSpeed
 251              	.LVL11:
 252 0022 10BD     		pop	{r4, pc}
 253              	.L23:
 254              		.align	2
 255              	.L22:
 256 0024 24580040 		.word	1073764388
 257 0028 8F5A0040 		.word	1073765007
 258              		.cfi_endproc
 259              	.LFE0:
 260              		.size	DAC_1_Init, .-DAC_1_Init
 261              		.section	.text.DAC_1_Start,"ax",%progbits
 262              		.align	2
 263              		.global	DAC_1_Start
 264              		.thumb
 265              		.thumb_func
 266              		.type	DAC_1_Start, %function
ARM GAS  C:\Users\LUISC-~1\AppData\Local\Temp\cclGP9Zk.s 			page 11


 267              	DAC_1_Start:
 268              	.LFB2:
 134:Generated_Source\PSoC5/DAC_1.c ****     /* Hardware initiazation only needs to occure the first time */
 269              		.loc 1 134 0
 270              		.cfi_startproc
 271              		@ args = 0, pretend = 0, frame = 0
 272              		@ frame_needed = 0, uses_anonymous_args = 0
 273 0000 08B5     		push	{r3, lr}
 274              		.cfi_def_cfa_offset 8
 275              		.cfi_offset 3, -8
 276              		.cfi_offset 14, -4
 136:Generated_Source\PSoC5/DAC_1.c ****     { 
 277              		.loc 1 136 0
 278 0002 074B     		ldr	r3, .L27
 279 0004 1B78     		ldrb	r3, [r3]	@ zero_extendqisi2
 280 0006 23B9     		cbnz	r3, .L25
 138:Generated_Source\PSoC5/DAC_1.c ****         DAC_1_initVar = 1u;
 281              		.loc 1 138 0
 282 0008 FFF7FEFF 		bl	DAC_1_Init
 283              	.LVL12:
 139:Generated_Source\PSoC5/DAC_1.c ****     }
 284              		.loc 1 139 0
 285 000c 0122     		movs	r2, #1
 286 000e 044B     		ldr	r3, .L27
 287 0010 1A70     		strb	r2, [r3]
 288              	.L25:
 143:Generated_Source\PSoC5/DAC_1.c **** 
 289              		.loc 1 143 0
 290 0012 FFF7FEFF 		bl	DAC_1_Enable
 291              	.LVL13:
 146:Generated_Source\PSoC5/DAC_1.c **** }
 292              		.loc 1 146 0
 293 0016 6420     		movs	r0, #100
 294 0018 FFF7FEFF 		bl	DAC_1_SetValue
 295              	.LVL14:
 296 001c 08BD     		pop	{r3, pc}
 297              	.L28:
 298 001e 00BF     		.align	2
 299              	.L27:
 300 0020 00000000 		.word	.LANCHOR0
 301              		.cfi_endproc
 302              	.LFE2:
 303              		.size	DAC_1_Start, .-DAC_1_Start
 304              		.global	DAC_1_initVar
 305              		.bss
 306              		.set	.LANCHOR0,. + 0
 307              		.type	DAC_1_initVar, %object
 308              		.size	DAC_1_initVar, 1
 309              	DAC_1_initVar:
 310 0000 00       		.space	1
 311              		.text
 312              	.Letext0:
 313              		.file 2 "Generated_Source\\PSoC5\\cytypes.h"
 314              		.section	.debug_info,"",%progbits
 315              	.Ldebug_info0:
 316 0000 DB010000 		.4byte	0x1db
 317 0004 0400     		.2byte	0x4
ARM GAS  C:\Users\LUISC-~1\AppData\Local\Temp\cclGP9Zk.s 			page 12


 318 0006 00000000 		.4byte	.Ldebug_abbrev0
 319 000a 04       		.byte	0x4
 320 000b 01       		.uleb128 0x1
 321 000c 7C000000 		.4byte	.LASF25
 322 0010 0C       		.byte	0xc
 323 0011 3A000000 		.4byte	.LASF26
 324 0015 74010000 		.4byte	.LASF27
 325 0019 00000000 		.4byte	.Ldebug_ranges0+0
 326 001d 00000000 		.4byte	0
 327 0021 00000000 		.4byte	.Ldebug_line0
 328 0025 02       		.uleb128 0x2
 329 0026 01       		.byte	0x1
 330 0027 06       		.byte	0x6
 331 0028 55020000 		.4byte	.LASF0
 332 002c 02       		.uleb128 0x2
 333 002d 01       		.byte	0x1
 334 002e 08       		.byte	0x8
 335 002f 6E000000 		.4byte	.LASF1
 336 0033 02       		.uleb128 0x2
 337 0034 02       		.byte	0x2
 338 0035 05       		.byte	0x5
 339 0036 24020000 		.4byte	.LASF2
 340 003a 02       		.uleb128 0x2
 341 003b 02       		.byte	0x2
 342 003c 07       		.byte	0x7
 343 003d 21010000 		.4byte	.LASF3
 344 0041 02       		.uleb128 0x2
 345 0042 04       		.byte	0x4
 346 0043 05       		.byte	0x5
 347 0044 34020000 		.4byte	.LASF4
 348 0048 02       		.uleb128 0x2
 349 0049 04       		.byte	0x4
 350 004a 07       		.byte	0x7
 351 004b 0F010000 		.4byte	.LASF5
 352 004f 02       		.uleb128 0x2
 353 0050 08       		.byte	0x8
 354 0051 05       		.byte	0x5
 355 0052 03020000 		.4byte	.LASF6
 356 0056 02       		.uleb128 0x2
 357 0057 08       		.byte	0x8
 358 0058 07       		.byte	0x7
 359 0059 5D010000 		.4byte	.LASF7
 360 005d 03       		.uleb128 0x3
 361 005e 04       		.byte	0x4
 362 005f 05       		.byte	0x5
 363 0060 696E7400 		.ascii	"int\000"
 364 0064 02       		.uleb128 0x2
 365 0065 04       		.byte	0x4
 366 0066 07       		.byte	0x7
 367 0067 41010000 		.4byte	.LASF8
 368 006b 04       		.uleb128 0x4
 369 006c 2E020000 		.4byte	.LASF12
 370 0070 02       		.byte	0x2
 371 0071 E801     		.2byte	0x1e8
 372 0073 2C000000 		.4byte	0x2c
 373 0077 02       		.uleb128 0x2
 374 0078 04       		.byte	0x4
ARM GAS  C:\Users\LUISC-~1\AppData\Local\Temp\cclGP9Zk.s 			page 13


 375 0079 04       		.byte	0x4
 376 007a 68000000 		.4byte	.LASF9
 377 007e 02       		.uleb128 0x2
 378 007f 08       		.byte	0x8
 379 0080 04       		.byte	0x4
 380 0081 3A010000 		.4byte	.LASF10
 381 0085 02       		.uleb128 0x2
 382 0086 01       		.byte	0x1
 383 0087 08       		.byte	0x8
 384 0088 11020000 		.4byte	.LASF11
 385 008c 04       		.uleb128 0x4
 386 008d 0A010000 		.4byte	.LASF13
 387 0091 02       		.byte	0x2
 388 0092 9202     		.2byte	0x292
 389 0094 98000000 		.4byte	0x98
 390 0098 05       		.uleb128 0x5
 391 0099 6B000000 		.4byte	0x6b
 392 009d 06       		.uleb128 0x6
 393 009e 3D020000 		.4byte	.LASF14
 394 00a2 01       		.byte	0x1
 395 00a3 60       		.byte	0x60
 396 00a4 00000000 		.4byte	.LFB1
 397 00a8 1C000000 		.4byte	.LFE1-.LFB1
 398 00ac 01       		.uleb128 0x1
 399 00ad 9C       		.byte	0x9c
 400 00ae 06       		.uleb128 0x6
 401 00af 4A020000 		.4byte	.LASF15
 402 00b3 01       		.byte	0x1
 403 00b4 A8       		.byte	0xa8
 404 00b5 00000000 		.4byte	.LFB3
 405 00b9 1C000000 		.4byte	.LFE3-.LFB3
 406 00bd 01       		.uleb128 0x1
 407 00be 9C       		.byte	0x9c
 408 00bf 07       		.uleb128 0x7
 409 00c0 00000000 		.4byte	.LASF16
 410 00c4 01       		.byte	0x1
 411 00c5 CA       		.byte	0xca
 412 00c6 00000000 		.4byte	.LFB4
 413 00ca 1C000000 		.4byte	.LFE4-.LFB4
 414 00ce 01       		.uleb128 0x1
 415 00cf 9C       		.byte	0x9c
 416 00d0 E4000000 		.4byte	0xe4
 417 00d4 08       		.uleb128 0x8
 418 00d5 FD010000 		.4byte	.LASF18
 419 00d9 01       		.byte	0x1
 420 00da CA       		.byte	0xca
 421 00db 6B000000 		.4byte	0x6b
 422 00df 00000000 		.4byte	.LLST0
 423 00e3 00       		.byte	0
 424 00e4 07       		.uleb128 0x7
 425 00e5 59000000 		.4byte	.LASF17
 426 00e9 01       		.byte	0x1
 427 00ea FE       		.byte	0xfe
 428 00eb 00000000 		.4byte	.LFB6
 429 00ef 0C000000 		.4byte	.LFE6-.LFB6
 430 00f3 01       		.uleb128 0x1
 431 00f4 9C       		.byte	0x9c
ARM GAS  C:\Users\LUISC-~1\AppData\Local\Temp\cclGP9Zk.s 			page 14


 432 00f5 07010000 		.4byte	0x107
 433 00f9 09       		.uleb128 0x9
 434 00fa 1D000000 		.4byte	.LASF19
 435 00fe 01       		.byte	0x1
 436 00ff FE       		.byte	0xfe
 437 0100 6B000000 		.4byte	0x6b
 438 0104 01       		.uleb128 0x1
 439 0105 50       		.byte	0x50
 440 0106 00       		.byte	0
 441 0107 0A       		.uleb128 0xa
 442 0108 0F000000 		.4byte	.LASF20
 443 010c 01       		.byte	0x1
 444 010d 2101     		.2byte	0x121
 445 010f 00000000 		.4byte	.LFB7
 446 0113 24000000 		.4byte	.LFE7-.LFB7
 447 0117 01       		.uleb128 0x1
 448 0118 9C       		.byte	0x9c
 449 0119 2E010000 		.4byte	0x12e
 450 011d 0B       		.uleb128 0xb
 451 011e F8010000 		.4byte	.LASF28
 452 0122 01       		.byte	0x1
 453 0123 2301     		.2byte	0x123
 454 0125 6B000000 		.4byte	0x6b
 455 0129 21000000 		.4byte	.LLST1
 456 012d 00       		.byte	0
 457 012e 07       		.uleb128 0x7
 458 012f 4E010000 		.4byte	.LASF21
 459 0133 01       		.byte	0x1
 460 0134 E4       		.byte	0xe4
 461 0135 00000000 		.4byte	.LFB5
 462 0139 20000000 		.4byte	.LFE5-.LFB5
 463 013d 01       		.uleb128 0x1
 464 013e 9C       		.byte	0x9c
 465 013f 5C010000 		.4byte	0x15c
 466 0143 08       		.uleb128 0x8
 467 0144 34010000 		.4byte	.LASF22
 468 0148 01       		.byte	0x1
 469 0149 E4       		.byte	0xe4
 470 014a 6B000000 		.4byte	0x6b
 471 014e 58000000 		.4byte	.LLST2
 472 0152 0C       		.uleb128 0xc
 473 0153 1A000000 		.4byte	.LVL9
 474 0157 07010000 		.4byte	0x107
 475 015b 00       		.byte	0
 476 015c 07       		.uleb128 0x7
 477 015d 2F000000 		.4byte	.LASF23
 478 0161 01       		.byte	0x1
 479 0162 37       		.byte	0x37
 480 0163 00000000 		.4byte	.LFB0
 481 0167 2C000000 		.4byte	.LFE0-.LFB0
 482 016b 01       		.uleb128 0x1
 483 016c 9C       		.byte	0x9c
 484 016d 95010000 		.4byte	0x195
 485 0171 0D       		.uleb128 0xd
 486 0172 1C000000 		.4byte	.LVL10
 487 0176 2E010000 		.4byte	0x12e
 488 017a 84010000 		.4byte	0x184
ARM GAS  C:\Users\LUISC-~1\AppData\Local\Temp\cclGP9Zk.s 			page 15


 489 017e 0E       		.uleb128 0xe
 490 017f 01       		.uleb128 0x1
 491 0180 50       		.byte	0x50
 492 0181 01       		.uleb128 0x1
 493 0182 34       		.byte	0x34
 494 0183 00       		.byte	0
 495 0184 0F       		.uleb128 0xf
 496 0185 22000000 		.4byte	.LVL11
 497 0189 BF000000 		.4byte	0xbf
 498 018d 0E       		.uleb128 0xe
 499 018e 01       		.uleb128 0x1
 500 018f 50       		.byte	0x50
 501 0190 02       		.uleb128 0x2
 502 0191 74       		.byte	0x74
 503 0192 00       		.sleb128 0
 504 0193 00       		.byte	0
 505 0194 00       		.byte	0
 506 0195 07       		.uleb128 0x7
 507 0196 23000000 		.4byte	.LASF24
 508 019a 01       		.byte	0x1
 509 019b 85       		.byte	0x85
 510 019c 00000000 		.4byte	.LFB2
 511 01a0 24000000 		.4byte	.LFE2-.LFB2
 512 01a4 01       		.uleb128 0x1
 513 01a5 9C       		.byte	0x9c
 514 01a6 CD010000 		.4byte	0x1cd
 515 01aa 0C       		.uleb128 0xc
 516 01ab 0C000000 		.4byte	.LVL12
 517 01af 5C010000 		.4byte	0x15c
 518 01b3 0C       		.uleb128 0xc
 519 01b4 16000000 		.4byte	.LVL13
 520 01b8 9D000000 		.4byte	0x9d
 521 01bc 0F       		.uleb128 0xf
 522 01bd 1C000000 		.4byte	.LVL14
 523 01c1 E4000000 		.4byte	0xe4
 524 01c5 0E       		.uleb128 0xe
 525 01c6 01       		.uleb128 0x1
 526 01c7 50       		.byte	0x50
 527 01c8 02       		.uleb128 0x2
 528 01c9 08       		.byte	0x8
 529 01ca 64       		.byte	0x64
 530 01cb 00       		.byte	0
 531 01cc 00       		.byte	0
 532 01cd 10       		.uleb128 0x10
 533 01ce 16020000 		.4byte	.LASF29
 534 01d2 01       		.byte	0x1
 535 01d3 1B       		.byte	0x1b
 536 01d4 6B000000 		.4byte	0x6b
 537 01d8 05       		.uleb128 0x5
 538 01d9 03       		.byte	0x3
 539 01da 00000000 		.4byte	DAC_1_initVar
 540 01de 00       		.byte	0
 541              		.section	.debug_abbrev,"",%progbits
 542              	.Ldebug_abbrev0:
 543 0000 01       		.uleb128 0x1
 544 0001 11       		.uleb128 0x11
 545 0002 01       		.byte	0x1
ARM GAS  C:\Users\LUISC-~1\AppData\Local\Temp\cclGP9Zk.s 			page 16


 546 0003 25       		.uleb128 0x25
 547 0004 0E       		.uleb128 0xe
 548 0005 13       		.uleb128 0x13
 549 0006 0B       		.uleb128 0xb
 550 0007 03       		.uleb128 0x3
 551 0008 0E       		.uleb128 0xe
 552 0009 1B       		.uleb128 0x1b
 553 000a 0E       		.uleb128 0xe
 554 000b 55       		.uleb128 0x55
 555 000c 17       		.uleb128 0x17
 556 000d 11       		.uleb128 0x11
 557 000e 01       		.uleb128 0x1
 558 000f 10       		.uleb128 0x10
 559 0010 17       		.uleb128 0x17
 560 0011 00       		.byte	0
 561 0012 00       		.byte	0
 562 0013 02       		.uleb128 0x2
 563 0014 24       		.uleb128 0x24
 564 0015 00       		.byte	0
 565 0016 0B       		.uleb128 0xb
 566 0017 0B       		.uleb128 0xb
 567 0018 3E       		.uleb128 0x3e
 568 0019 0B       		.uleb128 0xb
 569 001a 03       		.uleb128 0x3
 570 001b 0E       		.uleb128 0xe
 571 001c 00       		.byte	0
 572 001d 00       		.byte	0
 573 001e 03       		.uleb128 0x3
 574 001f 24       		.uleb128 0x24
 575 0020 00       		.byte	0
 576 0021 0B       		.uleb128 0xb
 577 0022 0B       		.uleb128 0xb
 578 0023 3E       		.uleb128 0x3e
 579 0024 0B       		.uleb128 0xb
 580 0025 03       		.uleb128 0x3
 581 0026 08       		.uleb128 0x8
 582 0027 00       		.byte	0
 583 0028 00       		.byte	0
 584 0029 04       		.uleb128 0x4
 585 002a 16       		.uleb128 0x16
 586 002b 00       		.byte	0
 587 002c 03       		.uleb128 0x3
 588 002d 0E       		.uleb128 0xe
 589 002e 3A       		.uleb128 0x3a
 590 002f 0B       		.uleb128 0xb
 591 0030 3B       		.uleb128 0x3b
 592 0031 05       		.uleb128 0x5
 593 0032 49       		.uleb128 0x49
 594 0033 13       		.uleb128 0x13
 595 0034 00       		.byte	0
 596 0035 00       		.byte	0
 597 0036 05       		.uleb128 0x5
 598 0037 35       		.uleb128 0x35
 599 0038 00       		.byte	0
 600 0039 49       		.uleb128 0x49
 601 003a 13       		.uleb128 0x13
 602 003b 00       		.byte	0
ARM GAS  C:\Users\LUISC-~1\AppData\Local\Temp\cclGP9Zk.s 			page 17


 603 003c 00       		.byte	0
 604 003d 06       		.uleb128 0x6
 605 003e 2E       		.uleb128 0x2e
 606 003f 00       		.byte	0
 607 0040 3F       		.uleb128 0x3f
 608 0041 19       		.uleb128 0x19
 609 0042 03       		.uleb128 0x3
 610 0043 0E       		.uleb128 0xe
 611 0044 3A       		.uleb128 0x3a
 612 0045 0B       		.uleb128 0xb
 613 0046 3B       		.uleb128 0x3b
 614 0047 0B       		.uleb128 0xb
 615 0048 27       		.uleb128 0x27
 616 0049 19       		.uleb128 0x19
 617 004a 11       		.uleb128 0x11
 618 004b 01       		.uleb128 0x1
 619 004c 12       		.uleb128 0x12
 620 004d 06       		.uleb128 0x6
 621 004e 40       		.uleb128 0x40
 622 004f 18       		.uleb128 0x18
 623 0050 9742     		.uleb128 0x2117
 624 0052 19       		.uleb128 0x19
 625 0053 00       		.byte	0
 626 0054 00       		.byte	0
 627 0055 07       		.uleb128 0x7
 628 0056 2E       		.uleb128 0x2e
 629 0057 01       		.byte	0x1
 630 0058 3F       		.uleb128 0x3f
 631 0059 19       		.uleb128 0x19
 632 005a 03       		.uleb128 0x3
 633 005b 0E       		.uleb128 0xe
 634 005c 3A       		.uleb128 0x3a
 635 005d 0B       		.uleb128 0xb
 636 005e 3B       		.uleb128 0x3b
 637 005f 0B       		.uleb128 0xb
 638 0060 27       		.uleb128 0x27
 639 0061 19       		.uleb128 0x19
 640 0062 11       		.uleb128 0x11
 641 0063 01       		.uleb128 0x1
 642 0064 12       		.uleb128 0x12
 643 0065 06       		.uleb128 0x6
 644 0066 40       		.uleb128 0x40
 645 0067 18       		.uleb128 0x18
 646 0068 9742     		.uleb128 0x2117
 647 006a 19       		.uleb128 0x19
 648 006b 01       		.uleb128 0x1
 649 006c 13       		.uleb128 0x13
 650 006d 00       		.byte	0
 651 006e 00       		.byte	0
 652 006f 08       		.uleb128 0x8
 653 0070 05       		.uleb128 0x5
 654 0071 00       		.byte	0
 655 0072 03       		.uleb128 0x3
 656 0073 0E       		.uleb128 0xe
 657 0074 3A       		.uleb128 0x3a
 658 0075 0B       		.uleb128 0xb
 659 0076 3B       		.uleb128 0x3b
ARM GAS  C:\Users\LUISC-~1\AppData\Local\Temp\cclGP9Zk.s 			page 18


 660 0077 0B       		.uleb128 0xb
 661 0078 49       		.uleb128 0x49
 662 0079 13       		.uleb128 0x13
 663 007a 02       		.uleb128 0x2
 664 007b 17       		.uleb128 0x17
 665 007c 00       		.byte	0
 666 007d 00       		.byte	0
 667 007e 09       		.uleb128 0x9
 668 007f 05       		.uleb128 0x5
 669 0080 00       		.byte	0
 670 0081 03       		.uleb128 0x3
 671 0082 0E       		.uleb128 0xe
 672 0083 3A       		.uleb128 0x3a
 673 0084 0B       		.uleb128 0xb
 674 0085 3B       		.uleb128 0x3b
 675 0086 0B       		.uleb128 0xb
 676 0087 49       		.uleb128 0x49
 677 0088 13       		.uleb128 0x13
 678 0089 02       		.uleb128 0x2
 679 008a 18       		.uleb128 0x18
 680 008b 00       		.byte	0
 681 008c 00       		.byte	0
 682 008d 0A       		.uleb128 0xa
 683 008e 2E       		.uleb128 0x2e
 684 008f 01       		.byte	0x1
 685 0090 3F       		.uleb128 0x3f
 686 0091 19       		.uleb128 0x19
 687 0092 03       		.uleb128 0x3
 688 0093 0E       		.uleb128 0xe
 689 0094 3A       		.uleb128 0x3a
 690 0095 0B       		.uleb128 0xb
 691 0096 3B       		.uleb128 0x3b
 692 0097 05       		.uleb128 0x5
 693 0098 27       		.uleb128 0x27
 694 0099 19       		.uleb128 0x19
 695 009a 11       		.uleb128 0x11
 696 009b 01       		.uleb128 0x1
 697 009c 12       		.uleb128 0x12
 698 009d 06       		.uleb128 0x6
 699 009e 40       		.uleb128 0x40
 700 009f 18       		.uleb128 0x18
 701 00a0 9742     		.uleb128 0x2117
 702 00a2 19       		.uleb128 0x19
 703 00a3 01       		.uleb128 0x1
 704 00a4 13       		.uleb128 0x13
 705 00a5 00       		.byte	0
 706 00a6 00       		.byte	0
 707 00a7 0B       		.uleb128 0xb
 708 00a8 34       		.uleb128 0x34
 709 00a9 00       		.byte	0
 710 00aa 03       		.uleb128 0x3
 711 00ab 0E       		.uleb128 0xe
 712 00ac 3A       		.uleb128 0x3a
 713 00ad 0B       		.uleb128 0xb
 714 00ae 3B       		.uleb128 0x3b
 715 00af 05       		.uleb128 0x5
 716 00b0 49       		.uleb128 0x49
ARM GAS  C:\Users\LUISC-~1\AppData\Local\Temp\cclGP9Zk.s 			page 19


 717 00b1 13       		.uleb128 0x13
 718 00b2 02       		.uleb128 0x2
 719 00b3 17       		.uleb128 0x17
 720 00b4 00       		.byte	0
 721 00b5 00       		.byte	0
 722 00b6 0C       		.uleb128 0xc
 723 00b7 898201   		.uleb128 0x4109
 724 00ba 00       		.byte	0
 725 00bb 11       		.uleb128 0x11
 726 00bc 01       		.uleb128 0x1
 727 00bd 31       		.uleb128 0x31
 728 00be 13       		.uleb128 0x13
 729 00bf 00       		.byte	0
 730 00c0 00       		.byte	0
 731 00c1 0D       		.uleb128 0xd
 732 00c2 898201   		.uleb128 0x4109
 733 00c5 01       		.byte	0x1
 734 00c6 11       		.uleb128 0x11
 735 00c7 01       		.uleb128 0x1
 736 00c8 31       		.uleb128 0x31
 737 00c9 13       		.uleb128 0x13
 738 00ca 01       		.uleb128 0x1
 739 00cb 13       		.uleb128 0x13
 740 00cc 00       		.byte	0
 741 00cd 00       		.byte	0
 742 00ce 0E       		.uleb128 0xe
 743 00cf 8A8201   		.uleb128 0x410a
 744 00d2 00       		.byte	0
 745 00d3 02       		.uleb128 0x2
 746 00d4 18       		.uleb128 0x18
 747 00d5 9142     		.uleb128 0x2111
 748 00d7 18       		.uleb128 0x18
 749 00d8 00       		.byte	0
 750 00d9 00       		.byte	0
 751 00da 0F       		.uleb128 0xf
 752 00db 898201   		.uleb128 0x4109
 753 00de 01       		.byte	0x1
 754 00df 11       		.uleb128 0x11
 755 00e0 01       		.uleb128 0x1
 756 00e1 31       		.uleb128 0x31
 757 00e2 13       		.uleb128 0x13
 758 00e3 00       		.byte	0
 759 00e4 00       		.byte	0
 760 00e5 10       		.uleb128 0x10
 761 00e6 34       		.uleb128 0x34
 762 00e7 00       		.byte	0
 763 00e8 03       		.uleb128 0x3
 764 00e9 0E       		.uleb128 0xe
 765 00ea 3A       		.uleb128 0x3a
 766 00eb 0B       		.uleb128 0xb
 767 00ec 3B       		.uleb128 0x3b
 768 00ed 0B       		.uleb128 0xb
 769 00ee 49       		.uleb128 0x49
 770 00ef 13       		.uleb128 0x13
 771 00f0 3F       		.uleb128 0x3f
 772 00f1 19       		.uleb128 0x19
 773 00f2 02       		.uleb128 0x2
ARM GAS  C:\Users\LUISC-~1\AppData\Local\Temp\cclGP9Zk.s 			page 20


 774 00f3 18       		.uleb128 0x18
 775 00f4 00       		.byte	0
 776 00f5 00       		.byte	0
 777 00f6 00       		.byte	0
 778              		.section	.debug_loc,"",%progbits
 779              	.Ldebug_loc0:
 780              	.LLST0:
 781 0000 00000000 		.4byte	.LVL0
 782 0004 10000000 		.4byte	.LVL1
 783 0008 0100     		.2byte	0x1
 784 000a 50       		.byte	0x50
 785 000b 10000000 		.4byte	.LVL1
 786 000f 1C000000 		.4byte	.LFE4
 787 0013 0400     		.2byte	0x4
 788 0015 F3       		.byte	0xf3
 789 0016 01       		.uleb128 0x1
 790 0017 50       		.byte	0x50
 791 0018 9F       		.byte	0x9f
 792 0019 00000000 		.4byte	0
 793 001d 00000000 		.4byte	0
 794              	.LLST1:
 795 0021 08000000 		.4byte	.LVL3
 796 0025 0C000000 		.4byte	.LVL4
 797 0029 0300     		.2byte	0x3
 798 002b 73       		.byte	0x73
 799 002c 06       		.sleb128 6
 800 002d 9F       		.byte	0x9f
 801 002e 0C000000 		.4byte	.LVL4
 802 0032 0E000000 		.4byte	.LVL5
 803 0036 0700     		.2byte	0x7
 804 0038 73       		.byte	0x73
 805 0039 868080B8 		.sleb128 -1224736762
 805      7B
 806 003e 9F       		.byte	0x9f
 807 003f 0E000000 		.4byte	.LVL5
 808 0043 12000000 		.4byte	.LVL6
 809 0047 0700     		.2byte	0x7
 810 0049 73       		.byte	0x73
 811 004a 808080B8 		.sleb128 -1224736768
 811      7B
 812 004f 9F       		.byte	0x9f
 813 0050 00000000 		.4byte	0
 814 0054 00000000 		.4byte	0
 815              	.LLST2:
 816 0058 00000000 		.4byte	.LVL7
 817 005c 12000000 		.4byte	.LVL8
 818 0060 0100     		.2byte	0x1
 819 0062 50       		.byte	0x50
 820 0063 12000000 		.4byte	.LVL8
 821 0067 20000000 		.4byte	.LFE5
 822 006b 0400     		.2byte	0x4
 823 006d F3       		.byte	0xf3
 824 006e 01       		.uleb128 0x1
 825 006f 50       		.byte	0x50
 826 0070 9F       		.byte	0x9f
 827 0071 00000000 		.4byte	0
 828 0075 00000000 		.4byte	0
ARM GAS  C:\Users\LUISC-~1\AppData\Local\Temp\cclGP9Zk.s 			page 21


 829              		.section	.debug_aranges,"",%progbits
 830 0000 54000000 		.4byte	0x54
 831 0004 0200     		.2byte	0x2
 832 0006 00000000 		.4byte	.Ldebug_info0
 833 000a 04       		.byte	0x4
 834 000b 00       		.byte	0
 835 000c 0000     		.2byte	0
 836 000e 0000     		.2byte	0
 837 0010 00000000 		.4byte	.LFB1
 838 0014 1C000000 		.4byte	.LFE1-.LFB1
 839 0018 00000000 		.4byte	.LFB3
 840 001c 1C000000 		.4byte	.LFE3-.LFB3
 841 0020 00000000 		.4byte	.LFB4
 842 0024 1C000000 		.4byte	.LFE4-.LFB4
 843 0028 00000000 		.4byte	.LFB6
 844 002c 0C000000 		.4byte	.LFE6-.LFB6
 845 0030 00000000 		.4byte	.LFB7
 846 0034 24000000 		.4byte	.LFE7-.LFB7
 847 0038 00000000 		.4byte	.LFB5
 848 003c 20000000 		.4byte	.LFE5-.LFB5
 849 0040 00000000 		.4byte	.LFB0
 850 0044 2C000000 		.4byte	.LFE0-.LFB0
 851 0048 00000000 		.4byte	.LFB2
 852 004c 24000000 		.4byte	.LFE2-.LFB2
 853 0050 00000000 		.4byte	0
 854 0054 00000000 		.4byte	0
 855              		.section	.debug_ranges,"",%progbits
 856              	.Ldebug_ranges0:
 857 0000 00000000 		.4byte	.LFB1
 858 0004 1C000000 		.4byte	.LFE1
 859 0008 00000000 		.4byte	.LFB3
 860 000c 1C000000 		.4byte	.LFE3
 861 0010 00000000 		.4byte	.LFB4
 862 0014 1C000000 		.4byte	.LFE4
 863 0018 00000000 		.4byte	.LFB6
 864 001c 0C000000 		.4byte	.LFE6
 865 0020 00000000 		.4byte	.LFB7
 866 0024 24000000 		.4byte	.LFE7
 867 0028 00000000 		.4byte	.LFB5
 868 002c 20000000 		.4byte	.LFE5
 869 0030 00000000 		.4byte	.LFB0
 870 0034 2C000000 		.4byte	.LFE0
 871 0038 00000000 		.4byte	.LFB2
 872 003c 24000000 		.4byte	.LFE2
 873 0040 00000000 		.4byte	0
 874 0044 00000000 		.4byte	0
 875              		.section	.debug_line,"",%progbits
 876              	.Ldebug_line0:
 877 0000 DD000000 		.section	.debug_str,"MS",%progbits,1
 877      02004200 
 877      00000201 
 877      FB0E0D00 
 877      01010101 
 878              	.LASF16:
 879 0000 4441435F 		.ascii	"DAC_1_SetSpeed\000"
 879      315F5365 
 879      74537065 
ARM GAS  C:\Users\LUISC-~1\AppData\Local\Temp\cclGP9Zk.s 			page 22


 879      656400
 880              	.LASF20:
 881 000f 4441435F 		.ascii	"DAC_1_DacTrim\000"
 881      315F4461 
 881      63547269 
 881      6D00
 882              	.LASF19:
 883 001d 76616C75 		.ascii	"value\000"
 883      6500
 884              	.LASF24:
 885 0023 4441435F 		.ascii	"DAC_1_Start\000"
 885      315F5374 
 885      61727400 
 886              	.LASF23:
 887 002f 4441435F 		.ascii	"DAC_1_Init\000"
 887      315F496E 
 887      697400
 888              	.LASF26:
 889 003a 47656E65 		.ascii	"Generated_Source\\PSoC5\\DAC_1.c\000"
 889      72617465 
 889      645F536F 
 889      75726365 
 889      5C50536F 
 890              	.LASF17:
 891 0059 4441435F 		.ascii	"DAC_1_SetValue\000"
 891      315F5365 
 891      7456616C 
 891      756500
 892              	.LASF9:
 893 0068 666C6F61 		.ascii	"float\000"
 893      7400
 894              	.LASF1:
 895 006e 756E7369 		.ascii	"unsigned char\000"
 895      676E6564 
 895      20636861 
 895      7200
 896              	.LASF25:
 897 007c 474E5520 		.ascii	"GNU C11 5.4.1 20160609 (release) [ARM/embedded-5-br"
 897      43313120 
 897      352E342E 
 897      31203230 
 897      31363036 
 898 00af 616E6368 		.ascii	"anch revision 237715] -mcpu=cortex-m3 -mthumb -g -O"
 898      20726576 
 898      6973696F 
 898      6E203233 
 898      37373135 
 899 00e2 67202D66 		.ascii	"g -ffunction-sections -ffat-lto-objects\000"
 899      66756E63 
 899      74696F6E 
 899      2D736563 
 899      74696F6E 
 900              	.LASF13:
 901 010a 72656738 		.ascii	"reg8\000"
 901      00
 902              	.LASF5:
 903 010f 6C6F6E67 		.ascii	"long unsigned int\000"
ARM GAS  C:\Users\LUISC-~1\AppData\Local\Temp\cclGP9Zk.s 			page 23


 903      20756E73 
 903      69676E65 
 903      6420696E 
 903      7400
 904              	.LASF3:
 905 0121 73686F72 		.ascii	"short unsigned int\000"
 905      7420756E 
 905      7369676E 
 905      65642069 
 905      6E7400
 906              	.LASF22:
 907 0134 72616E67 		.ascii	"range\000"
 907      6500
 908              	.LASF10:
 909 013a 646F7562 		.ascii	"double\000"
 909      6C6500
 910              	.LASF8:
 911 0141 756E7369 		.ascii	"unsigned int\000"
 911      676E6564 
 911      20696E74 
 911      00
 912              	.LASF21:
 913 014e 4441435F 		.ascii	"DAC_1_SetRange\000"
 913      315F5365 
 913      7452616E 
 913      676500
 914              	.LASF7:
 915 015d 6C6F6E67 		.ascii	"long long unsigned int\000"
 915      206C6F6E 
 915      6720756E 
 915      7369676E 
 915      65642069 
 916              	.LASF27:
 917 0174 443A5C55 		.ascii	"D:\\Users\\luisc-web\\Documents\\universidad\\7-sem"
 917      73657273 
 917      5C6C7569 
 917      73632D77 
 917      65625C44 
 918 01a2 65737472 		.ascii	"estre\\comunicaciones-digitales\\lab-digital-comuni"
 918      655C636F 
 918      6D756E69 
 918      63616369 
 918      6F6E6573 
 919 01d3 63617469 		.ascii	"cation\\Lab2-decodificador-8QAM.cydsn\000"
 919      6F6E5C4C 
 919      6162322D 
 919      6465636F 
 919      64696669 
 920              	.LASF28:
 921 01f8 6D6F6465 		.ascii	"mode\000"
 921      00
 922              	.LASF18:
 923 01fd 73706565 		.ascii	"speed\000"
 923      6400
 924              	.LASF6:
 925 0203 6C6F6E67 		.ascii	"long long int\000"
 925      206C6F6E 
ARM GAS  C:\Users\LUISC-~1\AppData\Local\Temp\cclGP9Zk.s 			page 24


 925      6720696E 
 925      7400
 926              	.LASF11:
 927 0211 63686172 		.ascii	"char\000"
 927      00
 928              	.LASF29:
 929 0216 4441435F 		.ascii	"DAC_1_initVar\000"
 929      315F696E 
 929      69745661 
 929      7200
 930              	.LASF2:
 931 0224 73686F72 		.ascii	"short int\000"
 931      7420696E 
 931      7400
 932              	.LASF12:
 933 022e 75696E74 		.ascii	"uint8\000"
 933      3800
 934              	.LASF4:
 935 0234 6C6F6E67 		.ascii	"long int\000"
 935      20696E74 
 935      00
 936              	.LASF14:
 937 023d 4441435F 		.ascii	"DAC_1_Enable\000"
 937      315F456E 
 937      61626C65 
 937      00
 938              	.LASF15:
 939 024a 4441435F 		.ascii	"DAC_1_Stop\000"
 939      315F5374 
 939      6F7000
 940              	.LASF0:
 941 0255 7369676E 		.ascii	"signed char\000"
 941      65642063 
 941      68617200 
 942              		.ident	"GCC: (GNU Tools for ARM Embedded Processors) 5.4.1 20160609 (release) [ARM/embedded-5-bran
