ARM GAS  C:\Users\LUISC-~1\AppData\Local\Temp\ccA5r3YS.s 			page 1


   1              		.syntax unified
   2              		.cpu cortex-m3
   3              		.fpu softvfp
   4              		.eabi_attribute 20, 1
   5              		.eabi_attribute 21, 1
   6              		.eabi_attribute 23, 3
   7              		.eabi_attribute 24, 1
   8              		.eabi_attribute 25, 1
   9              		.eabi_attribute 26, 1
  10              		.eabi_attribute 30, 1
  11              		.eabi_attribute 34, 1
  12              		.eabi_attribute 18, 4
  13              		.thumb
  14              		.syntax unified
  15              		.file	"main.c"
  16              		.text
  17              	.Ltext0:
  18              		.cfi_sections	.debug_frame
  19              		.section	.text.main,"ax",%progbits
  20              		.align	2
  21              		.global	main
  22              		.thumb
  23              		.thumb_func
  24              		.type	main, %function
  25              	main:
  26              	.LFB64:
  27              		.file 1 "main.c"
   1:main.c        **** /* ========================================
   2:main.c        ****  *
   3:main.c        ****  * Copyright YOUR COMPANY, THE YEAR
   4:main.c        ****  * All Rights Reserved
   5:main.c        ****  * UNPUBLISHED, LICENSED SOFTWARE.
   6:main.c        ****  *
   7:main.c        ****  * CONFIDENTIAL AND PROPRIETARY INFORMATION
   8:main.c        ****  * WHICH IS THE PROPERTY OF your company.
   9:main.c        ****  *
  10:main.c        ****  * ========================================
  11:main.c        **** */
  12:main.c        **** #include "project.h"
  13:main.c        **** #include <stdio.h>
  14:main.c        **** 
  15:main.c        **** int main(void)
  16:main.c        **** {
  28              		.loc 1 16 0
  29              		.cfi_startproc
  30              		@ Volatile: function does not return.
  31              		@ args = 0, pretend = 0, frame = 0
  32              		@ frame_needed = 0, uses_anonymous_args = 0
  33 0000 08B5     		push	{r3, lr}
  34              		.cfi_def_cfa_offset 8
  35              		.cfi_offset 3, -8
  36              		.cfi_offset 14, -4
  17:main.c        ****   CyGlobalIntEnable;
  37              		.loc 1 17 0
  38              		.syntax unified
  39              	@ 17 "main.c" 1
  40 0002 62B6     		CPSIE   i
ARM GAS  C:\Users\LUISC-~1\AppData\Local\Temp\ccA5r3YS.s 			page 2


  41              	@ 0 "" 2
  18:main.c        ****   DAC_1_Start();
  42              		.loc 1 18 0
  43              		.thumb
  44              		.syntax unified
  45 0004 FFF7FEFF 		bl	DAC_1_Start
  46              	.LVL0:
  19:main.c        ****   DAC_2_Start();
  47              		.loc 1 19 0
  48 0008 FFF7FEFF 		bl	DAC_2_Start
  49              	.LVL1:
  20:main.c        ****   DAC_1_SetRange(4);
  50              		.loc 1 20 0
  51 000c 0420     		movs	r0, #4
  52 000e FFF7FEFF 		bl	DAC_1_SetRange
  53              	.LVL2:
  21:main.c        ****   DAC_2_SetRange(4);
  54              		.loc 1 21 0
  55 0012 0420     		movs	r0, #4
  56 0014 FFF7FEFF 		bl	DAC_2_SetRange
  57              	.LVL3:
  22:main.c        ****   //Incializamos ADC-1(Q)  
  23:main.c        ****   ADC_1_Start();
  58              		.loc 1 23 0
  59 0018 FFF7FEFF 		bl	ADC_1_Start
  60              	.LVL4:
  24:main.c        ****   ADC_1_StartConvert();
  61              		.loc 1 24 0
  62 001c FFF7FEFF 		bl	ADC_1_StartConvert
  63              	.LVL5:
  25:main.c        ****   ADC_1_IsEndConversion(ADC_1_WAIT_FOR_RESULT); 
  64              		.loc 1 25 0
  65 0020 0020     		movs	r0, #0
  66 0022 FFF7FEFF 		bl	ADC_1_IsEndConversion
  67              	.LVL6:
  26:main.c        ****   //Incializamos ADC-2(Q)
  27:main.c        ****   ADC_2_Start();
  68              		.loc 1 27 0
  69 0026 FFF7FEFF 		bl	ADC_2_Start
  70              	.LVL7:
  28:main.c        ****   ADC_2_StartConvert();
  71              		.loc 1 28 0
  72 002a FFF7FEFF 		bl	ADC_2_StartConvert
  73              	.LVL8:
  29:main.c        ****   ADC_2_IsEndConversion(ADC_2_WAIT_FOR_RESULT); 
  74              		.loc 1 29 0
  75 002e 0020     		movs	r0, #0
  76 0030 FFF7FEFF 		bl	ADC_2_IsEndConversion
  77              	.LVL9:
  78              	.L17:
  30:main.c        ****   
  31:main.c        **** 
  32:main.c        ****   
  33:main.c        **** 
  34:main.c        **** 
  35:main.c        ****     
  36:main.c        ****     
ARM GAS  C:\Users\LUISC-~1\AppData\Local\Temp\ccA5r3YS.s 			page 3


  37:main.c        **** 
  38:main.c        ****     /* Place your initialization/startup code here (e.g. MyInst_Start()) */
  39:main.c        **** 
  40:main.c        ****     for(;;)
  41:main.c        ****     {
  42:main.c        **** 
  43:main.c        ****     if(S2_Read()==0){
  79              		.loc 1 43 0
  80 0034 FFF7FEFF 		bl	S2_Read
  81              	.LVL10:
  82 0038 10B9     		cbnz	r0, .L2
  44:main.c        ****     DAC_2_SetValue(127);
  83              		.loc 1 44 0
  84 003a 7F20     		movs	r0, #127
  85 003c FFF7FEFF 		bl	DAC_2_SetValue
  86              	.LVL11:
  87              	.L2:
  45:main.c        ****     }
  46:main.c        ****     if(S2_Read()==1){
  88              		.loc 1 46 0
  89 0040 FFF7FEFF 		bl	S2_Read
  90              	.LVL12:
  91 0044 0128     		cmp	r0, #1
  92 0046 02D1     		bne	.L3
  47:main.c        ****     DAC_2_SetValue(190);
  93              		.loc 1 47 0
  94 0048 BE20     		movs	r0, #190
  95 004a FFF7FEFF 		bl	DAC_2_SetValue
  96              	.LVL13:
  97              	.L3:
  48:main.c        ****     }
  49:main.c        ****    if(S2_Read()==2){
  98              		.loc 1 49 0
  99 004e FFF7FEFF 		bl	S2_Read
 100              	.LVL14:
 101 0052 0228     		cmp	r0, #2
 102 0054 02D1     		bne	.L4
  50:main.c        ****     DAC_2_SetValue(127);
 103              		.loc 1 50 0
 104 0056 7F20     		movs	r0, #127
 105 0058 FFF7FEFF 		bl	DAC_2_SetValue
 106              	.LVL15:
 107              	.L4:
  51:main.c        ****     }
  52:main.c        ****     if(S2_Read()==3){
 108              		.loc 1 52 0
 109 005c FFF7FEFF 		bl	S2_Read
 110              	.LVL16:
 111 0060 0328     		cmp	r0, #3
 112 0062 02D1     		bne	.L5
  53:main.c        ****     DAC_2_SetValue(63);
 113              		.loc 1 53 0
 114 0064 3F20     		movs	r0, #63
 115 0066 FFF7FEFF 		bl	DAC_2_SetValue
 116              	.LVL17:
 117              	.L5:
  54:main.c        ****     }
ARM GAS  C:\Users\LUISC-~1\AppData\Local\Temp\ccA5r3YS.s 			page 4


  55:main.c        ****     if(S2_Read()==4){
 118              		.loc 1 55 0
 119 006a FFF7FEFF 		bl	S2_Read
 120              	.LVL18:
 121 006e 0428     		cmp	r0, #4
 122 0070 02D1     		bne	.L6
  56:main.c        ****     DAC_2_SetValue(255);
 123              		.loc 1 56 0
 124 0072 FF20     		movs	r0, #255
 125 0074 FFF7FEFF 		bl	DAC_2_SetValue
 126              	.LVL19:
 127              	.L6:
  57:main.c        ****     }
  58:main.c        ****     if(S2_Read()==5){
 128              		.loc 1 58 0
 129 0078 FFF7FEFF 		bl	S2_Read
 130              	.LVL20:
 131 007c 0528     		cmp	r0, #5
 132 007e 02D1     		bne	.L7
  59:main.c        ****     DAC_2_SetValue(255);
 133              		.loc 1 59 0
 134 0080 FF20     		movs	r0, #255
 135 0082 FFF7FEFF 		bl	DAC_2_SetValue
 136              	.LVL21:
 137              	.L7:
  60:main.c        ****     }
  61:main.c        ****     if(S2_Read()==6){
 138              		.loc 1 61 0
 139 0086 FFF7FEFF 		bl	S2_Read
 140              	.LVL22:
 141 008a 0628     		cmp	r0, #6
 142 008c 02D1     		bne	.L8
  62:main.c        ****     DAC_2_SetValue(0);
 143              		.loc 1 62 0
 144 008e 0020     		movs	r0, #0
 145 0090 FFF7FEFF 		bl	DAC_2_SetValue
 146              	.LVL23:
 147              	.L8:
  63:main.c        ****     }
  64:main.c        ****     if(S2_Read()==7){
 148              		.loc 1 64 0
 149 0094 FFF7FEFF 		bl	S2_Read
 150              	.LVL24:
 151 0098 0728     		cmp	r0, #7
 152 009a 02D1     		bne	.L9
  65:main.c        ****     DAC_2_SetValue(0);
 153              		.loc 1 65 0
 154 009c 0020     		movs	r0, #0
 155 009e FFF7FEFF 		bl	DAC_2_SetValue
 156              	.LVL25:
 157              	.L9:
  66:main.c        ****     }
  67:main.c        ****         
  68:main.c        ****         
  69:main.c        ****                 if(S1_Read()==0){
 158              		.loc 1 69 0
 159 00a2 FFF7FEFF 		bl	S1_Read
ARM GAS  C:\Users\LUISC-~1\AppData\Local\Temp\ccA5r3YS.s 			page 5


 160              	.LVL26:
 161 00a6 10B9     		cbnz	r0, .L10
  70:main.c        ****     DAC_1_SetValue(190);
 162              		.loc 1 70 0
 163 00a8 BE20     		movs	r0, #190
 164 00aa FFF7FEFF 		bl	DAC_1_SetValue
 165              	.LVL27:
 166              	.L10:
  71:main.c        ****     }
  72:main.c        ****          if(S1_Read()==1){
 167              		.loc 1 72 0
 168 00ae FFF7FEFF 		bl	S1_Read
 169              	.LVL28:
 170 00b2 0128     		cmp	r0, #1
 171 00b4 02D1     		bne	.L11
  73:main.c        ****     DAC_1_SetValue(127);
 172              		.loc 1 73 0
 173 00b6 7F20     		movs	r0, #127
 174 00b8 FFF7FEFF 		bl	DAC_1_SetValue
 175              	.LVL29:
 176              	.L11:
  74:main.c        ****     }
  75:main.c        ****                 if(S1_Read()==2){
 177              		.loc 1 75 0
 178 00bc FFF7FEFF 		bl	S1_Read
 179              	.LVL30:
 180 00c0 0228     		cmp	r0, #2
 181 00c2 02D1     		bne	.L12
  76:main.c        ****     DAC_1_SetValue(63);
 182              		.loc 1 76 0
 183 00c4 3F20     		movs	r0, #63
 184 00c6 FFF7FEFF 		bl	DAC_1_SetValue
 185              	.LVL31:
 186              	.L12:
  77:main.c        ****     }
  78:main.c        ****                         if(S1_Read()==3){
 187              		.loc 1 78 0
 188 00ca FFF7FEFF 		bl	S1_Read
 189              	.LVL32:
 190 00ce 0328     		cmp	r0, #3
 191 00d0 02D1     		bne	.L13
  79:main.c        ****     DAC_1_SetValue(127);
 192              		.loc 1 79 0
 193 00d2 7F20     		movs	r0, #127
 194 00d4 FFF7FEFF 		bl	DAC_1_SetValue
 195              	.LVL33:
 196              	.L13:
  80:main.c        ****     }
  81:main.c        ****                         if(S1_Read()==4){
 197              		.loc 1 81 0
 198 00d8 FFF7FEFF 		bl	S1_Read
 199              	.LVL34:
 200 00dc 0428     		cmp	r0, #4
 201 00de 02D1     		bne	.L14
  82:main.c        ****     DAC_1_SetValue(255);
 202              		.loc 1 82 0
 203 00e0 FF20     		movs	r0, #255
ARM GAS  C:\Users\LUISC-~1\AppData\Local\Temp\ccA5r3YS.s 			page 6


 204 00e2 FFF7FEFF 		bl	DAC_1_SetValue
 205              	.LVL35:
 206              	.L14:
  83:main.c        ****     }
  84:main.c        ****                                 if(S1_Read()==5){
 207              		.loc 1 84 0
 208 00e6 FFF7FEFF 		bl	S1_Read
 209              	.LVL36:
 210 00ea 0528     		cmp	r0, #5
 211 00ec 02D1     		bne	.L15
  85:main.c        ****     DAC_1_SetValue(0);
 212              		.loc 1 85 0
 213 00ee 0020     		movs	r0, #0
 214 00f0 FFF7FEFF 		bl	DAC_1_SetValue
 215              	.LVL37:
 216              	.L15:
  86:main.c        ****     }
  87:main.c        ****                 if(S1_Read()==6){
 217              		.loc 1 87 0
 218 00f4 FFF7FEFF 		bl	S1_Read
 219              	.LVL38:
 220 00f8 0628     		cmp	r0, #6
 221 00fa 02D1     		bne	.L16
  88:main.c        ****     DAC_1_SetValue(0);
 222              		.loc 1 88 0
 223 00fc 0020     		movs	r0, #0
 224 00fe FFF7FEFF 		bl	DAC_1_SetValue
 225              	.LVL39:
 226              	.L16:
  89:main.c        ****     }
  90:main.c        ****                         if(S1_Read()==7){
 227              		.loc 1 90 0
 228 0102 FFF7FEFF 		bl	S1_Read
 229              	.LVL40:
 230 0106 0728     		cmp	r0, #7
 231 0108 94D1     		bne	.L17
  91:main.c        ****     DAC_1_SetValue(255);
 232              		.loc 1 91 0
 233 010a FF20     		movs	r0, #255
 234 010c FFF7FEFF 		bl	DAC_1_SetValue
 235              	.LVL41:
 236 0110 90E7     		b	.L17
 237              		.cfi_endproc
 238              	.LFE64:
 239              		.size	main, .-main
 240 0112 00BF     		.text
 241              	.Letext0:
 242              		.file 2 "c:\\program files (x86)\\cypress\\psoc creator\\4.4\\psoc creator\\import\\gnu\\arm\\5.4.
 243              		.file 3 "c:\\program files (x86)\\cypress\\psoc creator\\4.4\\psoc creator\\import\\gnu\\arm\\5.4.
 244              		.file 4 "Generated_Source\\PSoC5/DAC_1.h"
 245              		.file 5 "Generated_Source\\PSoC5/DAC_2.h"
 246              		.file 6 "Generated_Source\\PSoC5/ADC_1.h"
 247              		.file 7 "Generated_Source\\PSoC5/ADC_2.h"
 248              		.file 8 "Generated_Source\\PSoC5/S2.h"
 249              		.file 9 "Generated_Source\\PSoC5/S1.h"
 250              		.file 10 "Generated_Source\\PSoC5/core_cm3.h"
 251              		.section	.debug_info,"",%progbits
ARM GAS  C:\Users\LUISC-~1\AppData\Local\Temp\ccA5r3YS.s 			page 7


 252              	.Ldebug_info0:
 253 0000 B0030000 		.4byte	0x3b0
 254 0004 0400     		.2byte	0x4
 255 0006 00000000 		.4byte	.Ldebug_abbrev0
 256 000a 04       		.byte	0x4
 257 000b 01       		.uleb128 0x1
 258 000c 71000000 		.4byte	.LASF30
 259 0010 0C       		.byte	0xc
 260 0011 5F020000 		.4byte	.LASF31
 261 0015 9E010000 		.4byte	.LASF32
 262 0019 00000000 		.4byte	.Ldebug_ranges0+0
 263 001d 00000000 		.4byte	0
 264 0021 00000000 		.4byte	.Ldebug_line0
 265 0025 02       		.uleb128 0x2
 266 0026 01       		.byte	0x1
 267 0027 06       		.byte	0x6
 268 0028 A2020000 		.4byte	.LASF0
 269 002c 02       		.uleb128 0x2
 270 002d 01       		.byte	0x1
 271 002e 08       		.byte	0x8
 272 002f 63000000 		.4byte	.LASF1
 273 0033 02       		.uleb128 0x2
 274 0034 02       		.byte	0x2
 275 0035 05       		.byte	0x5
 276 0036 77020000 		.4byte	.LASF2
 277 003a 02       		.uleb128 0x2
 278 003b 02       		.byte	0x2
 279 003c 07       		.byte	0x7
 280 003d 1D010000 		.4byte	.LASF3
 281 0041 03       		.uleb128 0x3
 282 0042 28000000 		.4byte	.LASF9
 283 0046 02       		.byte	0x2
 284 0047 3F       		.byte	0x3f
 285 0048 4C000000 		.4byte	0x4c
 286 004c 02       		.uleb128 0x2
 287 004d 04       		.byte	0x4
 288 004e 05       		.byte	0x5
 289 004f 8D020000 		.4byte	.LASF4
 290 0053 02       		.uleb128 0x2
 291 0054 04       		.byte	0x4
 292 0055 07       		.byte	0x7
 293 0056 FF000000 		.4byte	.LASF5
 294 005a 02       		.uleb128 0x2
 295 005b 08       		.byte	0x8
 296 005c 05       		.byte	0x5
 297 005d 51020000 		.4byte	.LASF6
 298 0061 02       		.uleb128 0x2
 299 0062 08       		.byte	0x8
 300 0063 07       		.byte	0x7
 301 0064 87010000 		.4byte	.LASF7
 302 0068 04       		.uleb128 0x4
 303 0069 04       		.byte	0x4
 304 006a 05       		.byte	0x5
 305 006b 696E7400 		.ascii	"int\000"
 306 006f 02       		.uleb128 0x2
 307 0070 04       		.byte	0x4
 308 0071 07       		.byte	0x7
ARM GAS  C:\Users\LUISC-~1\AppData\Local\Temp\ccA5r3YS.s 			page 8


 309 0072 6B010000 		.4byte	.LASF8
 310 0076 03       		.uleb128 0x3
 311 0077 38020000 		.4byte	.LASF10
 312 007b 03       		.byte	0x3
 313 007c 2C       		.byte	0x2c
 314 007d 41000000 		.4byte	0x41
 315 0081 02       		.uleb128 0x2
 316 0082 04       		.byte	0x4
 317 0083 04       		.byte	0x4
 318 0084 13000000 		.4byte	.LASF11
 319 0088 02       		.uleb128 0x2
 320 0089 08       		.byte	0x8
 321 008a 04       		.byte	0x4
 322 008b 4C010000 		.4byte	.LASF12
 323 008f 02       		.uleb128 0x2
 324 0090 01       		.byte	0x1
 325 0091 08       		.byte	0x8
 326 0092 66020000 		.4byte	.LASF13
 327 0096 02       		.uleb128 0x2
 328 0097 08       		.byte	0x8
 329 0098 04       		.byte	0x4
 330 0099 96020000 		.4byte	.LASF14
 331 009d 02       		.uleb128 0x2
 332 009e 04       		.byte	0x4
 333 009f 07       		.byte	0x7
 334 00a0 40020000 		.4byte	.LASF15
 335 00a4 05       		.uleb128 0x5
 336 00a5 53010000 		.4byte	.LASF33
 337 00a9 01       		.byte	0x1
 338 00aa 0F       		.byte	0xf
 339 00ab 68000000 		.4byte	0x68
 340 00af 00000000 		.4byte	.LFB64
 341 00b3 12010000 		.4byte	.LFE64-.LFB64
 342 00b7 01       		.uleb128 0x1
 343 00b8 9C       		.byte	0x9c
 344 00b9 08030000 		.4byte	0x308
 345 00bd 06       		.uleb128 0x6
 346 00be 08000000 		.4byte	.LVL0
 347 00c2 19030000 		.4byte	0x319
 348 00c6 06       		.uleb128 0x6
 349 00c7 0C000000 		.4byte	.LVL1
 350 00cb 24030000 		.4byte	0x324
 351 00cf 07       		.uleb128 0x7
 352 00d0 12000000 		.4byte	.LVL2
 353 00d4 2F030000 		.4byte	0x32f
 354 00d8 E2000000 		.4byte	0xe2
 355 00dc 08       		.uleb128 0x8
 356 00dd 01       		.uleb128 0x1
 357 00de 50       		.byte	0x50
 358 00df 01       		.uleb128 0x1
 359 00e0 34       		.byte	0x34
 360 00e1 00       		.byte	0
 361 00e2 07       		.uleb128 0x7
 362 00e3 18000000 		.4byte	.LVL3
 363 00e7 3A030000 		.4byte	0x33a
 364 00eb F5000000 		.4byte	0xf5
 365 00ef 08       		.uleb128 0x8
ARM GAS  C:\Users\LUISC-~1\AppData\Local\Temp\ccA5r3YS.s 			page 9


 366 00f0 01       		.uleb128 0x1
 367 00f1 50       		.byte	0x50
 368 00f2 01       		.uleb128 0x1
 369 00f3 34       		.byte	0x34
 370 00f4 00       		.byte	0
 371 00f5 06       		.uleb128 0x6
 372 00f6 1C000000 		.4byte	.LVL4
 373 00fa 45030000 		.4byte	0x345
 374 00fe 06       		.uleb128 0x6
 375 00ff 20000000 		.4byte	.LVL5
 376 0103 50030000 		.4byte	0x350
 377 0107 07       		.uleb128 0x7
 378 0108 26000000 		.4byte	.LVL6
 379 010c 5B030000 		.4byte	0x35b
 380 0110 1A010000 		.4byte	0x11a
 381 0114 08       		.uleb128 0x8
 382 0115 01       		.uleb128 0x1
 383 0116 50       		.byte	0x50
 384 0117 01       		.uleb128 0x1
 385 0118 30       		.byte	0x30
 386 0119 00       		.byte	0
 387 011a 06       		.uleb128 0x6
 388 011b 2A000000 		.4byte	.LVL7
 389 011f 66030000 		.4byte	0x366
 390 0123 06       		.uleb128 0x6
 391 0124 2E000000 		.4byte	.LVL8
 392 0128 71030000 		.4byte	0x371
 393 012c 07       		.uleb128 0x7
 394 012d 34000000 		.4byte	.LVL9
 395 0131 7C030000 		.4byte	0x37c
 396 0135 3F010000 		.4byte	0x13f
 397 0139 08       		.uleb128 0x8
 398 013a 01       		.uleb128 0x1
 399 013b 50       		.byte	0x50
 400 013c 01       		.uleb128 0x1
 401 013d 30       		.byte	0x30
 402 013e 00       		.byte	0
 403 013f 06       		.uleb128 0x6
 404 0140 38000000 		.4byte	.LVL10
 405 0144 87030000 		.4byte	0x387
 406 0148 07       		.uleb128 0x7
 407 0149 40000000 		.4byte	.LVL11
 408 014d 92030000 		.4byte	0x392
 409 0151 5C010000 		.4byte	0x15c
 410 0155 08       		.uleb128 0x8
 411 0156 01       		.uleb128 0x1
 412 0157 50       		.byte	0x50
 413 0158 02       		.uleb128 0x2
 414 0159 08       		.byte	0x8
 415 015a 7F       		.byte	0x7f
 416 015b 00       		.byte	0
 417 015c 06       		.uleb128 0x6
 418 015d 44000000 		.4byte	.LVL12
 419 0161 87030000 		.4byte	0x387
 420 0165 07       		.uleb128 0x7
 421 0166 4E000000 		.4byte	.LVL13
 422 016a 92030000 		.4byte	0x392
ARM GAS  C:\Users\LUISC-~1\AppData\Local\Temp\ccA5r3YS.s 			page 10


 423 016e 79010000 		.4byte	0x179
 424 0172 08       		.uleb128 0x8
 425 0173 01       		.uleb128 0x1
 426 0174 50       		.byte	0x50
 427 0175 02       		.uleb128 0x2
 428 0176 09       		.byte	0x9
 429 0177 BE       		.byte	0xbe
 430 0178 00       		.byte	0
 431 0179 06       		.uleb128 0x6
 432 017a 52000000 		.4byte	.LVL14
 433 017e 87030000 		.4byte	0x387
 434 0182 07       		.uleb128 0x7
 435 0183 5C000000 		.4byte	.LVL15
 436 0187 92030000 		.4byte	0x392
 437 018b 96010000 		.4byte	0x196
 438 018f 08       		.uleb128 0x8
 439 0190 01       		.uleb128 0x1
 440 0191 50       		.byte	0x50
 441 0192 02       		.uleb128 0x2
 442 0193 08       		.byte	0x8
 443 0194 7F       		.byte	0x7f
 444 0195 00       		.byte	0
 445 0196 06       		.uleb128 0x6
 446 0197 60000000 		.4byte	.LVL16
 447 019b 87030000 		.4byte	0x387
 448 019f 07       		.uleb128 0x7
 449 01a0 6A000000 		.4byte	.LVL17
 450 01a4 92030000 		.4byte	0x392
 451 01a8 B3010000 		.4byte	0x1b3
 452 01ac 08       		.uleb128 0x8
 453 01ad 01       		.uleb128 0x1
 454 01ae 50       		.byte	0x50
 455 01af 02       		.uleb128 0x2
 456 01b0 08       		.byte	0x8
 457 01b1 3F       		.byte	0x3f
 458 01b2 00       		.byte	0
 459 01b3 06       		.uleb128 0x6
 460 01b4 6E000000 		.4byte	.LVL18
 461 01b8 87030000 		.4byte	0x387
 462 01bc 07       		.uleb128 0x7
 463 01bd 78000000 		.4byte	.LVL19
 464 01c1 92030000 		.4byte	0x392
 465 01c5 D0010000 		.4byte	0x1d0
 466 01c9 08       		.uleb128 0x8
 467 01ca 01       		.uleb128 0x1
 468 01cb 50       		.byte	0x50
 469 01cc 02       		.uleb128 0x2
 470 01cd 09       		.byte	0x9
 471 01ce FF       		.byte	0xff
 472 01cf 00       		.byte	0
 473 01d0 06       		.uleb128 0x6
 474 01d1 7C000000 		.4byte	.LVL20
 475 01d5 87030000 		.4byte	0x387
 476 01d9 07       		.uleb128 0x7
 477 01da 86000000 		.4byte	.LVL21
 478 01de 92030000 		.4byte	0x392
 479 01e2 ED010000 		.4byte	0x1ed
ARM GAS  C:\Users\LUISC-~1\AppData\Local\Temp\ccA5r3YS.s 			page 11


 480 01e6 08       		.uleb128 0x8
 481 01e7 01       		.uleb128 0x1
 482 01e8 50       		.byte	0x50
 483 01e9 02       		.uleb128 0x2
 484 01ea 09       		.byte	0x9
 485 01eb FF       		.byte	0xff
 486 01ec 00       		.byte	0
 487 01ed 06       		.uleb128 0x6
 488 01ee 8A000000 		.4byte	.LVL22
 489 01f2 87030000 		.4byte	0x387
 490 01f6 07       		.uleb128 0x7
 491 01f7 94000000 		.4byte	.LVL23
 492 01fb 92030000 		.4byte	0x392
 493 01ff 09020000 		.4byte	0x209
 494 0203 08       		.uleb128 0x8
 495 0204 01       		.uleb128 0x1
 496 0205 50       		.byte	0x50
 497 0206 01       		.uleb128 0x1
 498 0207 30       		.byte	0x30
 499 0208 00       		.byte	0
 500 0209 06       		.uleb128 0x6
 501 020a 98000000 		.4byte	.LVL24
 502 020e 87030000 		.4byte	0x387
 503 0212 07       		.uleb128 0x7
 504 0213 A2000000 		.4byte	.LVL25
 505 0217 92030000 		.4byte	0x392
 506 021b 25020000 		.4byte	0x225
 507 021f 08       		.uleb128 0x8
 508 0220 01       		.uleb128 0x1
 509 0221 50       		.byte	0x50
 510 0222 01       		.uleb128 0x1
 511 0223 30       		.byte	0x30
 512 0224 00       		.byte	0
 513 0225 06       		.uleb128 0x6
 514 0226 A6000000 		.4byte	.LVL26
 515 022a 9D030000 		.4byte	0x39d
 516 022e 07       		.uleb128 0x7
 517 022f AE000000 		.4byte	.LVL27
 518 0233 A8030000 		.4byte	0x3a8
 519 0237 42020000 		.4byte	0x242
 520 023b 08       		.uleb128 0x8
 521 023c 01       		.uleb128 0x1
 522 023d 50       		.byte	0x50
 523 023e 02       		.uleb128 0x2
 524 023f 09       		.byte	0x9
 525 0240 BE       		.byte	0xbe
 526 0241 00       		.byte	0
 527 0242 06       		.uleb128 0x6
 528 0243 B2000000 		.4byte	.LVL28
 529 0247 9D030000 		.4byte	0x39d
 530 024b 07       		.uleb128 0x7
 531 024c BC000000 		.4byte	.LVL29
 532 0250 A8030000 		.4byte	0x3a8
 533 0254 5F020000 		.4byte	0x25f
 534 0258 08       		.uleb128 0x8
 535 0259 01       		.uleb128 0x1
 536 025a 50       		.byte	0x50
ARM GAS  C:\Users\LUISC-~1\AppData\Local\Temp\ccA5r3YS.s 			page 12


 537 025b 02       		.uleb128 0x2
 538 025c 08       		.byte	0x8
 539 025d 7F       		.byte	0x7f
 540 025e 00       		.byte	0
 541 025f 06       		.uleb128 0x6
 542 0260 C0000000 		.4byte	.LVL30
 543 0264 9D030000 		.4byte	0x39d
 544 0268 07       		.uleb128 0x7
 545 0269 CA000000 		.4byte	.LVL31
 546 026d A8030000 		.4byte	0x3a8
 547 0271 7C020000 		.4byte	0x27c
 548 0275 08       		.uleb128 0x8
 549 0276 01       		.uleb128 0x1
 550 0277 50       		.byte	0x50
 551 0278 02       		.uleb128 0x2
 552 0279 08       		.byte	0x8
 553 027a 3F       		.byte	0x3f
 554 027b 00       		.byte	0
 555 027c 06       		.uleb128 0x6
 556 027d CE000000 		.4byte	.LVL32
 557 0281 9D030000 		.4byte	0x39d
 558 0285 07       		.uleb128 0x7
 559 0286 D8000000 		.4byte	.LVL33
 560 028a A8030000 		.4byte	0x3a8
 561 028e 99020000 		.4byte	0x299
 562 0292 08       		.uleb128 0x8
 563 0293 01       		.uleb128 0x1
 564 0294 50       		.byte	0x50
 565 0295 02       		.uleb128 0x2
 566 0296 08       		.byte	0x8
 567 0297 7F       		.byte	0x7f
 568 0298 00       		.byte	0
 569 0299 06       		.uleb128 0x6
 570 029a DC000000 		.4byte	.LVL34
 571 029e 9D030000 		.4byte	0x39d
 572 02a2 07       		.uleb128 0x7
 573 02a3 E6000000 		.4byte	.LVL35
 574 02a7 A8030000 		.4byte	0x3a8
 575 02ab B6020000 		.4byte	0x2b6
 576 02af 08       		.uleb128 0x8
 577 02b0 01       		.uleb128 0x1
 578 02b1 50       		.byte	0x50
 579 02b2 02       		.uleb128 0x2
 580 02b3 09       		.byte	0x9
 581 02b4 FF       		.byte	0xff
 582 02b5 00       		.byte	0
 583 02b6 06       		.uleb128 0x6
 584 02b7 EA000000 		.4byte	.LVL36
 585 02bb 9D030000 		.4byte	0x39d
 586 02bf 07       		.uleb128 0x7
 587 02c0 F4000000 		.4byte	.LVL37
 588 02c4 A8030000 		.4byte	0x3a8
 589 02c8 D2020000 		.4byte	0x2d2
 590 02cc 08       		.uleb128 0x8
 591 02cd 01       		.uleb128 0x1
 592 02ce 50       		.byte	0x50
 593 02cf 01       		.uleb128 0x1
ARM GAS  C:\Users\LUISC-~1\AppData\Local\Temp\ccA5r3YS.s 			page 13


 594 02d0 30       		.byte	0x30
 595 02d1 00       		.byte	0
 596 02d2 06       		.uleb128 0x6
 597 02d3 F8000000 		.4byte	.LVL38
 598 02d7 9D030000 		.4byte	0x39d
 599 02db 07       		.uleb128 0x7
 600 02dc 02010000 		.4byte	.LVL39
 601 02e0 A8030000 		.4byte	0x3a8
 602 02e4 EE020000 		.4byte	0x2ee
 603 02e8 08       		.uleb128 0x8
 604 02e9 01       		.uleb128 0x1
 605 02ea 50       		.byte	0x50
 606 02eb 01       		.uleb128 0x1
 607 02ec 30       		.byte	0x30
 608 02ed 00       		.byte	0
 609 02ee 06       		.uleb128 0x6
 610 02ef 06010000 		.4byte	.LVL40
 611 02f3 9D030000 		.4byte	0x39d
 612 02f7 09       		.uleb128 0x9
 613 02f8 10010000 		.4byte	.LVL41
 614 02fc A8030000 		.4byte	0x3a8
 615 0300 08       		.uleb128 0x8
 616 0301 01       		.uleb128 0x1
 617 0302 50       		.byte	0x50
 618 0303 02       		.uleb128 0x2
 619 0304 09       		.byte	0x9
 620 0305 FF       		.byte	0xff
 621 0306 00       		.byte	0
 622 0307 00       		.byte	0
 623 0308 0A       		.uleb128 0xa
 624 0309 30010000 		.4byte	.LASF34
 625 030d 0A       		.byte	0xa
 626 030e 1207     		.2byte	0x712
 627 0310 14030000 		.4byte	0x314
 628 0314 0B       		.uleb128 0xb
 629 0315 76000000 		.4byte	0x76
 630 0319 0C       		.uleb128 0xc
 631 031a 41000000 		.4byte	.LASF16
 632 031e 41000000 		.4byte	.LASF16
 633 0322 04       		.byte	0x4
 634 0323 33       		.byte	0x33
 635 0324 0C       		.uleb128 0xc
 636 0325 11010000 		.4byte	.LASF17
 637 0329 11010000 		.4byte	.LASF17
 638 032d 05       		.byte	0x5
 639 032e 33       		.byte	0x33
 640 032f 0C       		.uleb128 0xc
 641 0330 78010000 		.4byte	.LASF18
 642 0334 78010000 		.4byte	.LASF18
 643 0338 04       		.byte	0x4
 644 0339 36       		.byte	0x36
 645 033a 0C       		.uleb128 0xc
 646 033b 3D010000 		.4byte	.LASF19
 647 033f 3D010000 		.4byte	.LASF19
 648 0343 05       		.byte	0x5
 649 0344 36       		.byte	0x36
 650 0345 0C       		.uleb128 0xc
ARM GAS  C:\Users\LUISC-~1\AppData\Local\Temp\ccA5r3YS.s 			page 14


 651 0346 6B020000 		.4byte	.LASF20
 652 034a 6B020000 		.4byte	.LASF20
 653 034e 06       		.byte	0x6
 654 034f 34       		.byte	0x34
 655 0350 0C       		.uleb128 0xc
 656 0351 58010000 		.4byte	.LASF21
 657 0355 58010000 		.4byte	.LASF21
 658 0359 06       		.byte	0x6
 659 035a D1       		.byte	0xd1
 660 035b 0C       		.uleb128 0xc
 661 035c 4D000000 		.4byte	.LASF22
 662 0360 4D000000 		.4byte	.LASF22
 663 0364 06       		.byte	0x6
 664 0365 39       		.byte	0x39
 665 0366 0C       		.uleb128 0xc
 666 0367 81020000 		.4byte	.LASF23
 667 036b 81020000 		.4byte	.LASF23
 668 036f 07       		.byte	0x7
 669 0370 34       		.byte	0x34
 670 0371 0C       		.uleb128 0xc
 671 0372 00000000 		.4byte	.LASF24
 672 0376 00000000 		.4byte	.LASF24
 673 037a 07       		.byte	0x7
 674 037b D1       		.byte	0xd1
 675 037c 0C       		.uleb128 0xc
 676 037d 22020000 		.4byte	.LASF25
 677 0381 22020000 		.4byte	.LASF25
 678 0385 07       		.byte	0x7
 679 0386 39       		.byte	0x39
 680 0387 0C       		.uleb128 0xc
 681 0388 AE020000 		.4byte	.LASF26
 682 038c AE020000 		.4byte	.LASF26
 683 0390 08       		.byte	0x8
 684 0391 29       		.byte	0x29
 685 0392 0C       		.uleb128 0xc
 686 0393 19000000 		.4byte	.LASF27
 687 0397 19000000 		.4byte	.LASF27
 688 039b 05       		.byte	0x5
 689 039c 37       		.byte	0x37
 690 039d 0C       		.uleb128 0xc
 691 039e 49020000 		.4byte	.LASF28
 692 03a2 49020000 		.4byte	.LASF28
 693 03a6 09       		.byte	0x9
 694 03a7 29       		.byte	0x29
 695 03a8 0C       		.uleb128 0xc
 696 03a9 32000000 		.4byte	.LASF29
 697 03ad 32000000 		.4byte	.LASF29
 698 03b1 04       		.byte	0x4
 699 03b2 37       		.byte	0x37
 700 03b3 00       		.byte	0
 701              		.section	.debug_abbrev,"",%progbits
 702              	.Ldebug_abbrev0:
 703 0000 01       		.uleb128 0x1
 704 0001 11       		.uleb128 0x11
 705 0002 01       		.byte	0x1
 706 0003 25       		.uleb128 0x25
 707 0004 0E       		.uleb128 0xe
ARM GAS  C:\Users\LUISC-~1\AppData\Local\Temp\ccA5r3YS.s 			page 15


 708 0005 13       		.uleb128 0x13
 709 0006 0B       		.uleb128 0xb
 710 0007 03       		.uleb128 0x3
 711 0008 0E       		.uleb128 0xe
 712 0009 1B       		.uleb128 0x1b
 713 000a 0E       		.uleb128 0xe
 714 000b 55       		.uleb128 0x55
 715 000c 17       		.uleb128 0x17
 716 000d 11       		.uleb128 0x11
 717 000e 01       		.uleb128 0x1
 718 000f 10       		.uleb128 0x10
 719 0010 17       		.uleb128 0x17
 720 0011 00       		.byte	0
 721 0012 00       		.byte	0
 722 0013 02       		.uleb128 0x2
 723 0014 24       		.uleb128 0x24
 724 0015 00       		.byte	0
 725 0016 0B       		.uleb128 0xb
 726 0017 0B       		.uleb128 0xb
 727 0018 3E       		.uleb128 0x3e
 728 0019 0B       		.uleb128 0xb
 729 001a 03       		.uleb128 0x3
 730 001b 0E       		.uleb128 0xe
 731 001c 00       		.byte	0
 732 001d 00       		.byte	0
 733 001e 03       		.uleb128 0x3
 734 001f 16       		.uleb128 0x16
 735 0020 00       		.byte	0
 736 0021 03       		.uleb128 0x3
 737 0022 0E       		.uleb128 0xe
 738 0023 3A       		.uleb128 0x3a
 739 0024 0B       		.uleb128 0xb
 740 0025 3B       		.uleb128 0x3b
 741 0026 0B       		.uleb128 0xb
 742 0027 49       		.uleb128 0x49
 743 0028 13       		.uleb128 0x13
 744 0029 00       		.byte	0
 745 002a 00       		.byte	0
 746 002b 04       		.uleb128 0x4
 747 002c 24       		.uleb128 0x24
 748 002d 00       		.byte	0
 749 002e 0B       		.uleb128 0xb
 750 002f 0B       		.uleb128 0xb
 751 0030 3E       		.uleb128 0x3e
 752 0031 0B       		.uleb128 0xb
 753 0032 03       		.uleb128 0x3
 754 0033 08       		.uleb128 0x8
 755 0034 00       		.byte	0
 756 0035 00       		.byte	0
 757 0036 05       		.uleb128 0x5
 758 0037 2E       		.uleb128 0x2e
 759 0038 01       		.byte	0x1
 760 0039 3F       		.uleb128 0x3f
 761 003a 19       		.uleb128 0x19
 762 003b 03       		.uleb128 0x3
 763 003c 0E       		.uleb128 0xe
 764 003d 3A       		.uleb128 0x3a
ARM GAS  C:\Users\LUISC-~1\AppData\Local\Temp\ccA5r3YS.s 			page 16


 765 003e 0B       		.uleb128 0xb
 766 003f 3B       		.uleb128 0x3b
 767 0040 0B       		.uleb128 0xb
 768 0041 27       		.uleb128 0x27
 769 0042 19       		.uleb128 0x19
 770 0043 49       		.uleb128 0x49
 771 0044 13       		.uleb128 0x13
 772 0045 8701     		.uleb128 0x87
 773 0047 19       		.uleb128 0x19
 774 0048 11       		.uleb128 0x11
 775 0049 01       		.uleb128 0x1
 776 004a 12       		.uleb128 0x12
 777 004b 06       		.uleb128 0x6
 778 004c 40       		.uleb128 0x40
 779 004d 18       		.uleb128 0x18
 780 004e 9742     		.uleb128 0x2117
 781 0050 19       		.uleb128 0x19
 782 0051 01       		.uleb128 0x1
 783 0052 13       		.uleb128 0x13
 784 0053 00       		.byte	0
 785 0054 00       		.byte	0
 786 0055 06       		.uleb128 0x6
 787 0056 898201   		.uleb128 0x4109
 788 0059 00       		.byte	0
 789 005a 11       		.uleb128 0x11
 790 005b 01       		.uleb128 0x1
 791 005c 31       		.uleb128 0x31
 792 005d 13       		.uleb128 0x13
 793 005e 00       		.byte	0
 794 005f 00       		.byte	0
 795 0060 07       		.uleb128 0x7
 796 0061 898201   		.uleb128 0x4109
 797 0064 01       		.byte	0x1
 798 0065 11       		.uleb128 0x11
 799 0066 01       		.uleb128 0x1
 800 0067 31       		.uleb128 0x31
 801 0068 13       		.uleb128 0x13
 802 0069 01       		.uleb128 0x1
 803 006a 13       		.uleb128 0x13
 804 006b 00       		.byte	0
 805 006c 00       		.byte	0
 806 006d 08       		.uleb128 0x8
 807 006e 8A8201   		.uleb128 0x410a
 808 0071 00       		.byte	0
 809 0072 02       		.uleb128 0x2
 810 0073 18       		.uleb128 0x18
 811 0074 9142     		.uleb128 0x2111
 812 0076 18       		.uleb128 0x18
 813 0077 00       		.byte	0
 814 0078 00       		.byte	0
 815 0079 09       		.uleb128 0x9
 816 007a 898201   		.uleb128 0x4109
 817 007d 01       		.byte	0x1
 818 007e 11       		.uleb128 0x11
 819 007f 01       		.uleb128 0x1
 820 0080 31       		.uleb128 0x31
 821 0081 13       		.uleb128 0x13
ARM GAS  C:\Users\LUISC-~1\AppData\Local\Temp\ccA5r3YS.s 			page 17


 822 0082 00       		.byte	0
 823 0083 00       		.byte	0
 824 0084 0A       		.uleb128 0xa
 825 0085 34       		.uleb128 0x34
 826 0086 00       		.byte	0
 827 0087 03       		.uleb128 0x3
 828 0088 0E       		.uleb128 0xe
 829 0089 3A       		.uleb128 0x3a
 830 008a 0B       		.uleb128 0xb
 831 008b 3B       		.uleb128 0x3b
 832 008c 05       		.uleb128 0x5
 833 008d 49       		.uleb128 0x49
 834 008e 13       		.uleb128 0x13
 835 008f 3F       		.uleb128 0x3f
 836 0090 19       		.uleb128 0x19
 837 0091 3C       		.uleb128 0x3c
 838 0092 19       		.uleb128 0x19
 839 0093 00       		.byte	0
 840 0094 00       		.byte	0
 841 0095 0B       		.uleb128 0xb
 842 0096 35       		.uleb128 0x35
 843 0097 00       		.byte	0
 844 0098 49       		.uleb128 0x49
 845 0099 13       		.uleb128 0x13
 846 009a 00       		.byte	0
 847 009b 00       		.byte	0
 848 009c 0C       		.uleb128 0xc
 849 009d 2E       		.uleb128 0x2e
 850 009e 00       		.byte	0
 851 009f 3F       		.uleb128 0x3f
 852 00a0 19       		.uleb128 0x19
 853 00a1 3C       		.uleb128 0x3c
 854 00a2 19       		.uleb128 0x19
 855 00a3 6E       		.uleb128 0x6e
 856 00a4 0E       		.uleb128 0xe
 857 00a5 03       		.uleb128 0x3
 858 00a6 0E       		.uleb128 0xe
 859 00a7 3A       		.uleb128 0x3a
 860 00a8 0B       		.uleb128 0xb
 861 00a9 3B       		.uleb128 0x3b
 862 00aa 0B       		.uleb128 0xb
 863 00ab 00       		.byte	0
 864 00ac 00       		.byte	0
 865 00ad 00       		.byte	0
 866              		.section	.debug_aranges,"",%progbits
 867 0000 1C000000 		.4byte	0x1c
 868 0004 0200     		.2byte	0x2
 869 0006 00000000 		.4byte	.Ldebug_info0
 870 000a 04       		.byte	0x4
 871 000b 00       		.byte	0
 872 000c 0000     		.2byte	0
 873 000e 0000     		.2byte	0
 874 0010 00000000 		.4byte	.LFB64
 875 0014 12010000 		.4byte	.LFE64-.LFB64
 876 0018 00000000 		.4byte	0
 877 001c 00000000 		.4byte	0
 878              		.section	.debug_ranges,"",%progbits
ARM GAS  C:\Users\LUISC-~1\AppData\Local\Temp\ccA5r3YS.s 			page 18


 879              	.Ldebug_ranges0:
 880 0000 00000000 		.4byte	.LFB64
 881 0004 12010000 		.4byte	.LFE64
 882 0008 00000000 		.4byte	0
 883 000c 00000000 		.4byte	0
 884              		.section	.debug_line,"",%progbits
 885              	.Ldebug_line0:
 886 0000 BD010000 		.section	.debug_str,"MS",%progbits,1
 886      02007B01 
 886      00000201 
 886      FB0E0D00 
 886      01010101 
 887              	.LASF24:
 888 0000 4144435F 		.ascii	"ADC_2_StartConvert\000"
 888      325F5374 
 888      61727443 
 888      6F6E7665 
 888      727400
 889              	.LASF11:
 890 0013 666C6F61 		.ascii	"float\000"
 890      7400
 891              	.LASF27:
 892 0019 4441435F 		.ascii	"DAC_2_SetValue\000"
 892      325F5365 
 892      7456616C 
 892      756500
 893              	.LASF9:
 894 0028 5F5F696E 		.ascii	"__int32_t\000"
 894      7433325F 
 894      7400
 895              	.LASF29:
 896 0032 4441435F 		.ascii	"DAC_1_SetValue\000"
 896      315F5365 
 896      7456616C 
 896      756500
 897              	.LASF16:
 898 0041 4441435F 		.ascii	"DAC_1_Start\000"
 898      315F5374 
 898      61727400 
 899              	.LASF22:
 900 004d 4144435F 		.ascii	"ADC_1_IsEndConversion\000"
 900      315F4973 
 900      456E6443 
 900      6F6E7665 
 900      7273696F 
 901              	.LASF1:
 902 0063 756E7369 		.ascii	"unsigned char\000"
 902      676E6564 
 902      20636861 
 902      7200
 903              	.LASF30:
 904 0071 474E5520 		.ascii	"GNU C11 5.4.1 20160609 (release) [ARM/embedded-5-br"
 904      43313120 
 904      352E342E 
 904      31203230 
 904      31363036 
 905 00a4 616E6368 		.ascii	"anch revision 237715] -mcpu=cortex-m3 -mthumb -g -O"
ARM GAS  C:\Users\LUISC-~1\AppData\Local\Temp\ccA5r3YS.s 			page 19


 905      20726576 
 905      6973696F 
 905      6E203233 
 905      37373135 
 906 00d7 67202D66 		.ascii	"g -ffunction-sections -ffat-lto-objects\000"
 906      66756E63 
 906      74696F6E 
 906      2D736563 
 906      74696F6E 
 907              	.LASF5:
 908 00ff 6C6F6E67 		.ascii	"long unsigned int\000"
 908      20756E73 
 908      69676E65 
 908      6420696E 
 908      7400
 909              	.LASF17:
 910 0111 4441435F 		.ascii	"DAC_2_Start\000"
 910      325F5374 
 910      61727400 
 911              	.LASF3:
 912 011d 73686F72 		.ascii	"short unsigned int\000"
 912      7420756E 
 912      7369676E 
 912      65642069 
 912      6E7400
 913              	.LASF34:
 914 0130 49544D5F 		.ascii	"ITM_RxBuffer\000"
 914      52784275 
 914      66666572 
 914      00
 915              	.LASF19:
 916 013d 4441435F 		.ascii	"DAC_2_SetRange\000"
 916      325F5365 
 916      7452616E 
 916      676500
 917              	.LASF12:
 918 014c 646F7562 		.ascii	"double\000"
 918      6C6500
 919              	.LASF33:
 920 0153 6D61696E 		.ascii	"main\000"
 920      00
 921              	.LASF21:
 922 0158 4144435F 		.ascii	"ADC_1_StartConvert\000"
 922      315F5374 
 922      61727443 
 922      6F6E7665 
 922      727400
 923              	.LASF8:
 924 016b 756E7369 		.ascii	"unsigned int\000"
 924      676E6564 
 924      20696E74 
 924      00
 925              	.LASF18:
 926 0178 4441435F 		.ascii	"DAC_1_SetRange\000"
 926      315F5365 
 926      7452616E 
 926      676500
ARM GAS  C:\Users\LUISC-~1\AppData\Local\Temp\ccA5r3YS.s 			page 20


 927              	.LASF7:
 928 0187 6C6F6E67 		.ascii	"long long unsigned int\000"
 928      206C6F6E 
 928      6720756E 
 928      7369676E 
 928      65642069 
 929              	.LASF32:
 930 019e 443A5C55 		.ascii	"D:\\Users\\luisc-web\\Documents\\universidad\\7-sem"
 930      73657273 
 930      5C6C7569 
 930      73632D77 
 930      65625C44 
 931 01cc 65737472 		.ascii	"estre\\comunicaciones-digitales\\lab-digital-comuni"
 931      655C636F 
 931      6D756E69 
 931      63616369 
 931      6F6E6573 
 932 01fd 63617469 		.ascii	"cation\\Lab2-decodificador-8QAM.cydsn\000"
 932      6F6E5C4C 
 932      6162322D 
 932      6465636F 
 932      64696669 
 933              	.LASF25:
 934 0222 4144435F 		.ascii	"ADC_2_IsEndConversion\000"
 934      325F4973 
 934      456E6443 
 934      6F6E7665 
 934      7273696F 
 935              	.LASF10:
 936 0238 696E7433 		.ascii	"int32_t\000"
 936      325F7400 
 937              	.LASF15:
 938 0240 73697A65 		.ascii	"sizetype\000"
 938      74797065 
 938      00
 939              	.LASF28:
 940 0249 53315F52 		.ascii	"S1_Read\000"
 940      65616400 
 941              	.LASF6:
 942 0251 6C6F6E67 		.ascii	"long long int\000"
 942      206C6F6E 
 942      6720696E 
 942      7400
 943              	.LASF31:
 944 025f 6D61696E 		.ascii	"main.c\000"
 944      2E6300
 945              	.LASF13:
 946 0266 63686172 		.ascii	"char\000"
 946      00
 947              	.LASF20:
 948 026b 4144435F 		.ascii	"ADC_1_Start\000"
 948      315F5374 
 948      61727400 
 949              	.LASF2:
 950 0277 73686F72 		.ascii	"short int\000"
 950      7420696E 
 950      7400
ARM GAS  C:\Users\LUISC-~1\AppData\Local\Temp\ccA5r3YS.s 			page 21


 951              	.LASF23:
 952 0281 4144435F 		.ascii	"ADC_2_Start\000"
 952      325F5374 
 952      61727400 
 953              	.LASF4:
 954 028d 6C6F6E67 		.ascii	"long int\000"
 954      20696E74 
 954      00
 955              	.LASF14:
 956 0296 6C6F6E67 		.ascii	"long double\000"
 956      20646F75 
 956      626C6500 
 957              	.LASF0:
 958 02a2 7369676E 		.ascii	"signed char\000"
 958      65642063 
 958      68617200 
 959              	.LASF26:
 960 02ae 53325F52 		.ascii	"S2_Read\000"
 960      65616400 
 961              		.ident	"GCC: (GNU Tools for ARM Embedded Processors) 5.4.1 20160609 (release) [ARM/embedded-5-bran
